[2026-01-27 17:45:40] [strategy.log] Strategy engine started
[2026-01-27 17:45:41] [strategy.log] Market data updated
[2026-01-27 17:45:41] [INFO] Starting Momentum Engine
[2026-01-27 17:45:41] [INFO] Total symbols loaded: 499
[2026-01-27 17:45:41] [DEBUG] 360ONE: RSI condition failed (41.93)
[2026-01-27 17:45:41] [DEBUG] 3MINDIA: RSI condition failed (36.32)
[2026-01-27 17:45:41] [DEBUG] AADHARHFC: RSI condition failed (43.78)
[2026-01-27 17:45:41] [DEBUG] AARTIIND: RSI condition failed (43.38)
[2026-01-27 17:45:41] [DEBUG] AAVAS: RSI condition failed (55.78)
[2026-01-27 17:45:41] [DEBUG] ABB: RSI condition failed (29.77)
[2026-01-27 17:45:41] [DEBUG] ABBOTINDIA: RSI condition failed (38.93)
[2026-01-27 17:45:41] [DEBUG] ABCAPITAL: RSI condition failed (45.36)
[2026-01-27 17:45:41] [DEBUG] ABFRL: RSI condition failed (19.42)
[2026-01-27 17:45:41] [DEBUG] ABLBL: skipped (not enough candles)
[2026-01-27 17:45:41] [DEBUG] ABREL: RSI condition failed (15.00)
[2026-01-27 17:45:41] [DEBUG] ABSLAMC: RSI condition failed (48.10)
[2026-01-27 17:45:41] [DEBUG] ACC: RSI condition failed (39.10)
[2026-01-27 17:45:41] [DEBUG] ACE: RSI condition failed (28.32)
[2026-01-27 17:45:41] [DEBUG] ACMESOLAR: RSI condition failed (28.52)
[2026-01-27 17:45:41] [DEBUG] ADANIENSOL: RSI condition failed (28.69)
[2026-01-27 17:45:41] [DEBUG] ADANIENT: RSI condition failed (32.73)
[2026-01-27 17:45:41] [DEBUG] ADANIGREEN: RSI condition failed (22.61)
[2026-01-27 17:45:41] [DEBUG] ADANIPORTS: RSI condition failed (34.66)
[2026-01-27 17:45:41] [DEBUG] ADANIPOWER: RSI condition failed (36.98)
[2026-01-27 17:45:41] [DEBUG] AEGISLOG: RSI condition failed (27.71)
[2026-01-27 17:45:41] [DEBUG] AEGISVOPAK: skipped (not enough candles)
[2026-01-27 17:45:41] [DEBUG] AFCONS: RSI condition failed (25.02)
[2026-01-27 17:45:41] [DEBUG] AFFLE: RSI condition failed (21.35)
[2026-01-27 17:45:41] [DEBUG] AGARWALEYE: RSI condition failed (19.82)
[2026-01-27 17:45:41] [DEBUG] AIAENG: RSI condition failed (45.72)
[2026-01-27 17:45:41] [DEBUG] AIIL: RSI condition failed (31.02)
[2026-01-27 17:45:41] [DEBUG] AJANTPHARM: RSI condition failed (48.65)
[2026-01-27 17:45:41] [DEBUG] AKUMS: RSI condition failed (36.30)
[2026-01-27 17:45:41] [DEBUG] AKZOINDIA: RSI condition failed (21.99)
[2026-01-27 17:45:41] [DEBUG] ALKEM: RSI condition failed (54.75)
[2026-01-27 17:45:41] [DEBUG] ALKYLAMINE: RSI condition failed (45.49)
[2026-01-27 17:45:41] [DEBUG] ALOKINDS: RSI condition failed (37.53)
[2026-01-27 17:45:41] [DEBUG] AMBER: RSI condition failed (20.13)
[2026-01-27 17:45:41] [DEBUG] AMBUJACEM: RSI condition failed (43.09)
[2026-01-27 17:45:41] [DEBUG] ANANDRATHI: RSI condition failed (21.67)
[2026-01-27 17:45:41] [DEBUG] ANANTRAJ: RSI condition failed (34.16)
[2026-01-27 17:45:41] [DEBUG] ANGELONE: RSI condition failed (49.61)
[2026-01-27 17:45:41] [DEBUG] APARINDS: RSI condition failed (30.80)
[2026-01-27 17:45:41] [DEBUG] APLLTD: RSI condition failed (21.61)
[2026-01-27 17:45:41] [DEBUG] APOLLOHOSP: RSI condition failed (31.33)
[2026-01-27 17:45:41] [DEBUG] APOLLOTYRE: RSI condition failed (45.83)
[2026-01-27 17:45:41] [DEBUG] APTUS: RSI condition failed (38.81)
[2026-01-27 17:45:41] [DEBUG] ARE&M: RSI condition failed (18.96)
[2026-01-27 17:45:41] [DEBUG] ASAHIINDIA: RSI condition failed (47.08)
[2026-01-27 17:45:41] [DEBUG] ASIANPAINT: RSI condition failed (38.88)
[2026-01-27 17:45:41] [DEBUG] ASTERDM: RSI condition failed (33.36)
[2026-01-27 17:45:41] [DEBUG] ASTRAL: RSI condition failed (42.97)
[2026-01-27 17:45:41] [DEBUG] ASTRAZEN: RSI condition failed (34.52)
[2026-01-27 17:45:41] [DEBUG] ATGL: RSI condition failed (35.93)
[2026-01-27 17:45:41] [DEBUG] ATHERENERG: skipped (not enough candles)
[2026-01-27 17:45:41] [DEBUG] ATUL: RSI condition failed (43.62)
[2026-01-27 17:45:41] [DEBUG] AUBANK: RSI condition failed (39.93)
[2026-01-27 17:45:41] [DEBUG] AUROPHARMA: RSI condition failed (35.57)
[2026-01-27 17:45:41] [DEBUG] AWL: RSI condition failed (16.15)
[2026-01-27 17:45:41] [DEBUG] AXISBANK: RSI condition failed (59.40)
[2026-01-27 17:45:41] [DEBUG] BAJAJ-AUTO: RSI condition failed (53.48)
[2026-01-27 17:45:41] [DEBUG] BAJAJFINSV: RSI condition failed (34.72)
[2026-01-27 17:45:41] [DEBUG] BAJAJHFL: RSI condition failed (28.45)
[2026-01-27 17:45:41] [DEBUG] BAJAJHLDNG: RSI condition failed (34.14)
[2026-01-27 17:45:41] [DEBUG] BAJFINANCE: RSI condition failed (30.98)
[2026-01-27 17:45:41] [DEBUG] BALKRISIND: RSI condition failed (56.92)
[2026-01-27 17:45:41] [DEBUG] BALRAMCHIN: RSI condition failed (37.01)
[2026-01-27 17:45:41] [DEBUG] BANDHANBNK: RSI condition failed (57.00)
[2026-01-27 17:45:41] [DEBUG] BANKBARODA: RSI condition failed (49.21)
[2026-01-27 17:45:41] [DEBUG] BANKINDIA: Close below 30D high
[2026-01-27 17:45:41] [DEBUG] BASF: RSI condition failed (29.90)
[2026-01-27 17:45:41] [DEBUG] BATAINDIA: RSI condition failed (13.81)
[2026-01-27 17:45:41] [DEBUG] BAYERCROP: RSI condition failed (36.85)
[2026-01-27 17:45:41] [DEBUG] BBTC: RSI condition failed (35.84)
[2026-01-27 17:45:41] [DEBUG] BDL: RSI condition failed (45.75)
[2026-01-27 17:45:41] [DEBUG] BEL: RSI condition failed (54.41)
[2026-01-27 17:45:41] [DEBUG] BEML: RSI condition failed (30.26)
[2026-01-27 17:45:41] [DEBUG] BERGEPAINT: RSI condition failed (29.23)
[2026-01-27 17:45:41] [DEBUG] BHARATFORG: RSI condition failed (45.29)
[2026-01-27 17:45:41] [DEBUG] BHARTIARTL: RSI condition failed (28.93)
[2026-01-27 17:45:41] [DEBUG] BHARTIHEXA: RSI condition failed (30.51)
[2026-01-27 17:45:41] [DEBUG] BHEL: RSI condition failed (30.55)
[2026-01-27 17:45:41] [DEBUG] BIKAJI: RSI condition failed (25.20)
[2026-01-27 17:45:41] [DEBUG] BIOCON: RSI condition failed (36.51)
[2026-01-27 17:45:41] [DEBUG] BLS: RSI condition failed (24.51)
[2026-01-27 17:45:41] [DEBUG] BLUEDART: RSI condition failed (41.83)
[2026-01-27 17:45:41] [DEBUG] BLUEJET: RSI condition failed (21.87)
[2026-01-27 17:45:41] [DEBUG] BLUESTARCO: RSI condition failed (33.66)
[2026-01-27 17:45:41] [DEBUG] BOSCHLTD: RSI condition failed (36.15)
[2026-01-27 17:45:41] [DEBUG] BPCL: RSI condition failed (43.25)
[2026-01-27 17:45:41] [DEBUG] BRIGADE: RSI condition failed (21.08)
[2026-01-27 17:45:41] [DEBUG] BRITANNIA: RSI condition failed (45.51)
[2026-01-27 17:45:41] [DEBUG] BSE: RSI condition failed (53.34)
[2026-01-27 17:45:41] [DEBUG] BSOFT: RSI condition failed (39.32)
[2026-01-27 17:45:41] [DEBUG] CAMPUS: RSI condition failed (37.13)
[2026-01-27 17:45:41] [DEBUG] CAMS: RSI condition failed (40.75)
[2026-01-27 17:45:41] [DEBUG] CANBK: RSI condition failed (53.16)
[2026-01-27 17:45:41] [DEBUG] CANFINHOME: RSI condition failed (41.81)
[2026-01-27 17:45:41] [DEBUG] CAPLIPOINT: RSI condition failed (33.64)
[2026-01-27 17:45:41] [DEBUG] CARBORUNIV: RSI condition failed (46.42)
[2026-01-27 17:45:41] [DEBUG] CASTROLIND: RSI condition failed (40.12)
[2026-01-27 17:45:41] [DEBUG] CCL: RSI condition failed (46.32)
[2026-01-27 17:45:41] [DEBUG] CDSL: RSI condition failed (28.47)
[2026-01-27 17:45:41] [DEBUG] CEATLTD: RSI condition failed (46.04)
[2026-01-27 17:45:41] [DEBUG] CENTRALBK: RSI condition failed (36.53)
[2026-01-27 17:45:41] [DEBUG] CENTURYPLY: RSI condition failed (36.36)
[2026-01-27 17:45:41] [DEBUG] CERA: RSI condition failed (28.22)
[2026-01-27 17:45:41] [DEBUG] CESC: RSI condition failed (22.71)
[2026-01-27 17:45:41] [DEBUG] CGCL: RSI condition failed (27.18)
[2026-01-27 17:45:41] [DEBUG] CGPOWER: RSI condition failed (23.77)
[2026-01-27 17:45:41] [DEBUG] CHALET: RSI condition failed (30.61)
[2026-01-27 17:45:41] [DEBUG] CHAMBLFERT: RSI condition failed (44.08)
[2026-01-27 17:45:41] [DEBUG] CHENNPETRO: RSI condition failed (49.86)
[2026-01-27 17:45:41] [DEBUG] CHOICEIN: RSI condition failed (30.50)
[2026-01-27 17:45:41] [DEBUG] CHOLAFIN: RSI condition failed (40.33)
[2026-01-27 17:45:41] [DEBUG] CHOLAHLDNG: RSI condition failed (25.36)
[2026-01-27 17:45:41] [DEBUG] CIPLA: RSI condition failed (17.58)
[2026-01-27 17:45:41] [DEBUG] CLEAN: RSI condition failed (38.90)
[2026-01-27 17:45:41] [DEBUG] COALINDIA: RSI condition failed (58.29)
[2026-01-27 17:45:41] [DEBUG] COCHINSHIP: RSI condition failed (35.63)
[2026-01-27 17:45:41] [DEBUG] COFORGE: RSI condition failed (42.50)
[2026-01-27 17:45:41] [DEBUG] COHANCE: RSI condition failed (9.15)
[2026-01-27 17:45:41] [DEBUG] COLPAL: RSI condition failed (53.86)
[2026-01-27 17:45:41] [DEBUG] CONCOR: RSI condition failed (26.73)
[2026-01-27 17:45:41] [DEBUG] CONCORDBIO: RSI condition failed (33.12)
[2026-01-27 17:45:41] [DEBUG] COROMANDEL: RSI condition failed (46.11)
[2026-01-27 17:45:41] [DEBUG] CRAFTSMAN: RSI condition failed (51.66)
[2026-01-27 17:45:41] [DEBUG] CREDITACC: RSI condition failed (53.87)
[2026-01-27 17:45:41] [DEBUG] CRISIL: RSI condition failed (43.09)
[2026-01-27 17:45:41] [DEBUG] CROMPTON: RSI condition failed (21.60)
[2026-01-27 17:45:41] [DEBUG] CUB: RSI condition failed (54.32)
[2026-01-27 17:45:41] [DEBUG] CUMMINSIND: RSI condition failed (31.59)
[2026-01-27 17:45:41] [DEBUG] CYIENT: RSI condition failed (41.14)
[2026-01-27 17:45:41] [DEBUG] DABUR: RSI condition failed (51.04)
[2026-01-27 17:45:41] [DEBUG] DALBHARAT: RSI condition failed (49.73)
[2026-01-27 17:45:41] [DEBUG] DATAPATTNS: RSI condition failed (30.95)
[2026-01-27 17:45:41] [DEBUG] DBREALTY: RSI condition failed (26.57)
[2026-01-27 17:45:41] [DEBUG] DCMSHRIRAM: RSI condition failed (31.00)
[2026-01-27 17:45:41] [DEBUG] DEEPAKFERT: RSI condition failed (38.05)
[2026-01-27 17:45:41] [DEBUG] DEEPAKNTR: RSI condition failed (38.57)
[2026-01-27 17:45:41] [DEBUG] DELHIVERY: RSI condition failed (46.09)
[2026-01-27 17:45:41] [DEBUG] DEVYANI: RSI condition failed (20.75)
[2026-01-27 17:45:41] [DEBUG] DIVISLAB: RSI condition failed (36.05)
[2026-01-27 17:45:41] [DEBUG] DIXON: RSI condition failed (21.43)
[2026-01-27 17:45:41] [DEBUG] DLF: RSI condition failed (22.65)
[2026-01-27 17:45:41] [DEBUG] DMART: RSI condition failed (37.84)
[2026-01-27 17:45:41] [DEBUG] DOMS: RSI condition failed (32.56)
[2026-01-27 17:45:41] [DEBUG] DRREDDY: RSI condition failed (54.89)
[2026-01-27 17:45:41] [DEBUG] ECLERX: RSI condition failed (37.86)
[2026-01-27 17:45:41] [DEBUG] EICHERMOT: RSI condition failed (39.12)
[2026-01-27 17:45:41] [DEBUG] EIDPARRY: RSI condition failed (21.00)
[2026-01-27 17:45:41] [DEBUG] EIHOTEL: RSI condition failed (12.86)
[2026-01-27 17:45:41] [DEBUG] ELECON: RSI condition failed (25.83)
[2026-01-27 17:45:41] [DEBUG] ELGIEQUIP: RSI condition failed (35.96)
[2026-01-27 17:45:41] [DEBUG] EMAMILTD: RSI condition failed (43.52)
[2026-01-27 17:45:41] [DEBUG] EMCURE: RSI condition failed (52.68)
[2026-01-27 17:45:41] [DEBUG] ENDURANCE: RSI condition failed (25.61)
[2026-01-27 17:45:41] [DEBUG] ENGINERSIN: RSI condition failed (20.78)
[2026-01-27 17:45:41] [DEBUG] ENRIN: skipped (not enough candles)
[2026-01-27 17:45:41] [DEBUG] ERIS: RSI condition failed (25.10)
[2026-01-27 17:45:41] [DEBUG] ESCORTS: RSI condition failed (32.38)
[2026-01-27 17:45:41] [DEBUG] ETERNAL: RSI condition failed (32.53)
[2026-01-27 17:45:41] [DEBUG] EXIDEIND: RSI condition failed (26.57)
[2026-01-27 17:45:41] [DEBUG] FACT: RSI condition failed (33.69)
[2026-01-27 17:45:41] [DEBUG] FEDERALBNK: Close below 30D high
[2026-01-27 17:45:41] [DEBUG] FINCABLES: RSI condition failed (35.46)
[2026-01-27 17:45:41] [DEBUG] FINPIPE: RSI condition failed (39.07)
[2026-01-27 17:45:41] [DEBUG] FIRSTCRY: RSI condition failed (29.35)
[2026-01-27 17:45:41] [DEBUG] FIVESTAR: RSI condition failed (36.50)
[2026-01-27 17:45:41] [DEBUG] FLUOROCHEM: RSI condition failed (18.54)
[2026-01-27 17:45:41] [DEBUG] FORCEMOT: RSI condition failed (44.92)
[2026-01-27 17:45:41] [DEBUG] FORTIS: RSI condition failed (31.07)
[2026-01-27 17:45:41] [DEBUG] FSL: RSI condition failed (36.51)
[2026-01-27 17:45:41] [DEBUG] GAIL: RSI condition failed (31.97)
[2026-01-27 17:45:41] [DEBUG] GESHIP: RSI condition failed (50.37)
[2026-01-27 17:45:41] [DEBUG] GICRE: RSI condition failed (46.93)
[2026-01-27 17:45:41] [DEBUG] GILLETTE: RSI condition failed (41.82)
[2026-01-27 17:45:41] [DEBUG] GLAND: RSI condition failed (44.37)
[2026-01-27 17:45:41] [DEBUG] GLAXO: RSI condition failed (44.04)
[2026-01-27 17:45:41] [DEBUG] GLENMARK: RSI condition failed (47.41)
[2026-01-27 17:45:41] [DEBUG] GMDCLTD: RSI condition failed (41.37)
[2026-01-27 17:45:41] [DEBUG] GMRAIRPORT: RSI condition failed (26.71)
[2026-01-27 17:45:41] [DEBUG] GODFRYPHLP: RSI condition failed (26.51)
[2026-01-27 17:45:41] [DEBUG] GODIGIT: RSI condition failed (46.94)
[2026-01-27 17:45:41] [DEBUG] GODREJAGRO: RSI condition failed (39.64)
[2026-01-27 17:45:41] [DEBUG] GODREJCP: RSI condition failed (38.15)
[2026-01-27 17:45:41] [DEBUG] GODREJIND: RSI condition failed (35.21)
[2026-01-27 17:45:41] [DEBUG] GODREJPROP: RSI condition failed (15.59)
[2026-01-27 17:45:41] [DEBUG] GPIL: RSI condition failed (44.19)
[2026-01-27 17:45:41] [DEBUG] GRANULES: RSI condition failed (46.36)
[2026-01-27 17:45:41] [DEBUG] GRAPHITE: RSI condition failed (52.66)
[2026-01-27 17:45:41] [DEBUG] GRASIM: RSI condition failed (56.38)
[2026-01-27 17:45:41] [DEBUG] GRAVITA: RSI condition failed (21.83)
[2026-01-27 17:45:41] [DEBUG] GRSE: RSI condition failed (42.06)
[2026-01-27 17:45:41] [DEBUG] GSPL: RSI condition failed (41.79)
[2026-01-27 17:45:41] [DEBUG] GUJGASLTD: RSI condition failed (44.99)
[2026-01-27 17:45:41] [DEBUG] GVT&D: RSI condition failed (41.48)
[2026-01-27 17:45:41] [DEBUG] HAL: RSI condition failed (42.82)
[2026-01-27 17:45:41] [DEBUG] HAPPSTMNDS: RSI condition failed (22.41)
[2026-01-27 17:45:41] [DEBUG] HAVELLS: RSI condition failed (25.36)
[2026-01-27 17:45:41] [DEBUG] HBLENGINE: RSI condition failed (30.58)
[2026-01-27 17:45:41] [DEBUG] HCLTECH: Close below 30D high
[2026-01-27 17:45:41] [DEBUG] HDFCAMC: RSI condition failed (33.89)
[2026-01-27 17:45:41] [DEBUG] HDFCBANK: RSI condition failed (26.21)
[2026-01-27 17:45:41] [DEBUG] HDFCLIFE: RSI condition failed (33.30)
[2026-01-27 17:45:41] [DEBUG] HEG: RSI condition failed (41.36)
[2026-01-27 17:45:41] [DEBUG] HEROMOTOCO: RSI condition failed (29.15)
[2026-01-27 17:45:41] [DEBUG] HEXT: RSI condition failed (39.74)
[2026-01-27 17:45:41] [DEBUG] HFCL: RSI condition failed (38.31)
[2026-01-27 17:45:41] [DEBUG] HINDCOPPER: Close below 30D high
[2026-01-27 17:45:41] [DEBUG] HINDPETRO: RSI condition failed (31.46)
[2026-01-27 17:45:41] [DEBUG] HINDUNILVR: RSI condition failed (52.63)
[2026-01-27 17:45:41] [DEBUG] HONASA: RSI condition failed (38.72)
[2026-01-27 17:45:41] [DEBUG] HONAUT: RSI condition failed (25.22)
[2026-01-27 17:45:41] [DEBUG] HSCL: RSI condition failed (35.25)
[2026-01-27 17:45:41] [DEBUG] HUDCO: RSI condition failed (30.34)
[2026-01-27 17:45:41] [DEBUG] HYUNDAI: RSI condition failed (33.85)
[2026-01-27 17:45:41] [DEBUG] ICICIBANK: RSI condition failed (41.77)
[2026-01-27 17:45:41] [DEBUG] ICICIGI: RSI condition failed (26.98)
[2026-01-27 17:45:41] [DEBUG] ICICIPRULI: RSI condition failed (41.81)
[2026-01-27 17:45:41] [DEBUG] IDBI: RSI condition failed (40.69)
[2026-01-27 17:45:41] [DEBUG] IDEA: RSI condition failed (34.47)
[2026-01-27 17:45:41] [DEBUG] IDFCFIRSTB: RSI condition failed (45.63)
[2026-01-27 17:45:41] [DEBUG] IEX: RSI condition failed (37.45)
[2026-01-27 17:45:41] [DEBUG] IFCI: RSI condition failed (52.60)
[2026-01-27 17:45:41] [DEBUG] IGIL: RSI condition failed (29.87)
[2026-01-27 17:45:41] [DEBUG] IGL: RSI condition failed (29.51)
[2026-01-27 17:45:41] [DEBUG] IIFL: RSI condition failed (27.93)
[2026-01-27 17:45:41] [DEBUG] IKS: RSI condition failed (30.13)
[2026-01-27 17:45:41] [DEBUG] INDGN: RSI condition failed (16.13)
[2026-01-27 17:45:41] [DEBUG] INDHOTEL: RSI condition failed (27.99)
[2026-01-27 17:45:41] [DEBUG] INDIACEM: RSI condition failed (51.32)
[2026-01-27 17:45:42] [DEBUG] INDIAMART: RSI condition failed (46.91)
[2026-01-27 17:45:42] [DEBUG] INDIANB: RSI condition failed (55.60)
[2026-01-27 17:45:42] [DEBUG] INDIGO: RSI condition failed (36.44)
[2026-01-27 17:45:42] [DEBUG] INDUSINDBK: RSI condition failed (49.23)
[2026-01-27 17:45:42] [DEBUG] INDUSTOWER: RSI condition failed (47.31)
[2026-01-27 17:45:42] [DEBUG] INFY: Close below 30D high
[2026-01-27 17:45:42] [DEBUG] INOXINDIA: RSI condition failed (37.97)
[2026-01-27 17:45:42] [DEBUG] INOXWIND: RSI condition failed (26.73)
[2026-01-27 17:45:42] [DEBUG] INTELLECT: RSI condition failed (38.04)
[2026-01-27 17:45:42] [DEBUG] IOB: RSI condition failed (35.93)
[2026-01-27 17:45:42] [DEBUG] IOC: RSI condition failed (44.52)
[2026-01-27 17:45:42] [DEBUG] IPCALAB: RSI condition failed (50.17)
[2026-01-27 17:45:42] [DEBUG] IRB: RSI condition failed (38.67)
[2026-01-27 17:45:42] [DEBUG] IRCON: RSI condition failed (38.83)
[2026-01-27 17:45:42] [DEBUG] IRCTC: RSI condition failed (29.55)
[2026-01-27 17:45:42] [DEBUG] IREDA: RSI condition failed (38.38)
[2026-01-27 17:45:42] [DEBUG] IRFC: RSI condition failed (37.05)
[2026-01-27 17:45:42] [DEBUG] ITC: RSI condition failed (15.08)
[2026-01-27 17:45:42] [DEBUG] ITCHOTELS: RSI condition failed (32.79)
[2026-01-27 17:45:42] [DEBUG] ITI: RSI condition failed (29.13)
[2026-01-27 17:45:42] [DEBUG] J&KBANK: RSI condition failed (53.32)
[2026-01-27 17:45:42] [DEBUG] JBCHEPHARM: RSI condition failed (52.75)
[2026-01-27 17:45:42] [DEBUG] JBMA: RSI condition failed (34.60)
[2026-01-27 17:45:42] [DEBUG] JINDALSAW: RSI condition failed (55.39)
[2026-01-27 17:45:42] [DEBUG] JINDALSTEL: RSI condition failed (57.71)
[2026-01-27 17:45:42] [DEBUG] JIOFIN: RSI condition failed (20.19)
[2026-01-27 17:45:42] [DEBUG] JKCEMENT: RSI condition failed (42.31)
[2026-01-27 17:45:42] [DEBUG] JKTYRE: RSI condition failed (56.44)
[2026-01-27 17:45:42] [DEBUG] JMFINANCIL: RSI condition failed (32.83)
[2026-01-27 17:45:42] [DEBUG] JPPOWER: RSI condition failed (22.09)
[2026-01-27 17:45:42] [DEBUG] JSL: RSI condition failed (48.49)
[2026-01-27 17:45:42] [DEBUG] JSWCEMENT: skipped (not enough candles)
[2026-01-27 17:45:42] [DEBUG] JSWENERGY: RSI condition failed (29.20)
[2026-01-27 17:45:42] [DEBUG] JSWINFRA: RSI condition failed (39.89)
[2026-01-27 17:45:42] [DEBUG] JUBLFOOD: RSI condition failed (18.60)
[2026-01-27 17:45:42] [DEBUG] JUBLINGREA: RSI condition failed (32.55)
[2026-01-27 17:45:42] [DEBUG] JUBLPHARMA: RSI condition failed (31.84)
[2026-01-27 17:45:42] [DEBUG] JWL: RSI condition failed (48.65)
[2026-01-27 17:45:42] [DEBUG] JYOTHYLAB: RSI condition failed (24.32)
[2026-01-27 17:45:42] [DEBUG] JYOTICNC: RSI condition failed (20.27)
[2026-01-27 17:45:42] [DEBUG] KAJARIACER: RSI condition failed (26.60)
[2026-01-27 17:45:42] [DEBUG] KALYANKJIL: RSI condition failed (16.88)
[2026-01-27 17:45:42] [DEBUG] KAYNES: RSI condition failed (23.22)
[2026-01-27 17:45:42] [DEBUG] KEC: RSI condition failed (28.10)
[2026-01-27 17:45:42] [DEBUG] KEI: RSI condition failed (28.98)
[2026-01-27 17:45:42] [DEBUG] KFINTECH: RSI condition failed (38.19)
[2026-01-27 17:45:42] [DEBUG] KIMS: RSI condition failed (44.74)
[2026-01-27 17:45:42] [DEBUG] KIRLOSBROS: RSI condition failed (37.32)
[2026-01-27 17:45:42] [DEBUG] KIRLOSENG: RSI condition failed (37.29)
[2026-01-27 17:45:42] [DEBUG] KOTAKBANK: RSI condition failed (34.27)
[2026-01-27 17:45:42] [DEBUG] KPIL: RSI condition failed (36.31)
[2026-01-27 17:45:42] [DEBUG] KPITTECH: RSI condition failed (34.87)
[2026-01-27 17:45:42] [DEBUG] KPRMILL: RSI condition failed (53.51)
[2026-01-27 17:45:42] [DEBUG] KSB: RSI condition failed (34.94)
[2026-01-27 17:45:42] [DEBUG] LALPATHLAB: RSI condition failed (45.10)
[2026-01-27 17:45:42] [DEBUG] LATENTVIEW: RSI condition failed (27.19)
[2026-01-27 17:45:42] [DEBUG] LAURUSLABS: RSI condition failed (39.67)
[2026-01-27 17:45:42] [DEBUG] LEMONTREE: RSI condition failed (25.02)
[2026-01-27 17:45:42] [DEBUG] LICHSGFIN: RSI condition failed (35.16)
[2026-01-27 17:45:42] [DEBUG] LICI: RSI condition failed (33.04)
[2026-01-27 17:45:42] [DEBUG] LINDEINDIA: RSI condition failed (43.44)
[2026-01-27 17:45:42] [DEBUG] LLOYDSME: RSI condition failed (28.14)
[2026-01-27 17:45:42] [DEBUG] LODHA: RSI condition failed (19.04)
[2026-01-27 17:45:42] [DEBUG] LT: RSI condition failed (29.44)
[2026-01-27 17:45:42] [DEBUG] LTF: RSI condition failed (38.55)
[2026-01-27 17:45:42] [DEBUG] LTFOODS: RSI condition failed (38.16)
[2026-01-27 17:45:42] [DEBUG] LTIM: RSI condition failed (42.87)
[2026-01-27 17:45:42] [DEBUG] LTTS: RSI condition failed (27.03)
[2026-01-27 17:45:42] [DEBUG] LUPIN: RSI condition failed (50.33)
[2026-01-27 17:45:42] [DEBUG] M&M: RSI condition failed (25.10)
[2026-01-27 17:45:42] [DEBUG] M&MFIN: RSI condition failed (48.30)
[2026-01-27 17:45:42] [DEBUG] MAHABANK: RSI condition failed (58.19)
[2026-01-27 17:45:42] [DEBUG] MAHSCOOTER: RSI condition failed (35.48)
[2026-01-27 17:45:42] [DEBUG] MAHSEAMLES: RSI condition failed (28.90)
[2026-01-27 17:45:42] [DEBUG] MANAPPURAM: RSI condition failed (45.55)
[2026-01-27 17:45:42] [DEBUG] MANKIND: RSI condition failed (39.45)
[2026-01-27 17:45:42] [DEBUG] MANYAVAR: RSI condition failed (23.71)
[2026-01-27 17:45:42] [DEBUG] MAPMYINDIA: RSI condition failed (19.21)
[2026-01-27 17:45:42] [DEBUG] MARICO: RSI condition failed (47.20)
[2026-01-27 17:45:42] [DEBUG] MARUTI: RSI condition failed (29.23)
[2026-01-27 17:45:42] [DEBUG] MAXHEALTH: RSI condition failed (28.84)
[2026-01-27 17:45:42] [DEBUG] MAZDOCK: RSI condition failed (31.74)
[2026-01-27 17:45:42] [DEBUG] MCX: Close below 30D high
[2026-01-27 17:45:42] [DEBUG] MEDANTA: RSI condition failed (28.03)
[2026-01-27 17:45:42] [DEBUG] METROPOLIS: RSI condition failed (37.13)
[2026-01-27 17:45:42] [DEBUG] MFSL: RSI condition failed (32.78)
[2026-01-27 17:45:42] [DEBUG] MGL: RSI condition failed (35.55)
[2026-01-27 17:45:42] [DEBUG] MINDACORP: RSI condition failed (38.08)
[2026-01-27 17:45:42] [DEBUG] MMTC: RSI condition failed (49.12)
[2026-01-27 17:45:42] [DEBUG] MOTHERSON: RSI condition failed (34.98)
[2026-01-27 17:45:42] [DEBUG] MOTILALOFS: RSI condition failed (29.14)
[2026-01-27 17:45:42] [DEBUG] MPHASIS: RSI condition failed (45.80)
[2026-01-27 17:45:42] [DEBUG] MRF: RSI condition failed (24.49)
[2026-01-27 17:45:42] [DEBUG] MRPL: RSI condition failed (55.98)
[2026-01-27 17:45:42] [DEBUG] MSUMI: RSI condition failed (33.65)
[2026-01-27 17:45:42] [DEBUG] MUTHOOTFIN: RSI condition failed (51.36)
[2026-01-27 17:45:42] [DEBUG] NAM-INDIA: RSI condition failed (34.95)
[2026-01-27 17:45:42] [DEBUG] NATCOPHARM: RSI condition failed (35.72)
[2026-01-27 17:45:42] [DEBUG] NAUKRI: RSI condition failed (37.92)
[2026-01-27 17:45:42] [DEBUG] NAVA: RSI condition failed (38.39)
[2026-01-27 17:45:42] [DEBUG] NAVINFLUOR: RSI condition failed (44.47)
[2026-01-27 17:45:42] [DEBUG] NBCC: RSI condition failed (25.70)
[2026-01-27 17:45:42] [DEBUG] NCC: RSI condition failed (28.73)
[2026-01-27 17:45:42] [DEBUG] NESTLEIND: RSI condition failed (54.59)
[2026-01-27 17:45:42] [DEBUG] NETWEB: RSI condition failed (40.32)
[2026-01-27 17:45:42] [DEBUG] NEULANDLAB: RSI condition failed (26.87)
[2026-01-27 17:45:42] [DEBUG] NEWGEN: RSI condition failed (17.61)
[2026-01-27 17:45:42] [DEBUG] NH: RSI condition failed (30.95)
[2026-01-27 17:45:42] [DEBUG] NHPC: RSI condition failed (33.96)
[2026-01-27 17:45:42] [DEBUG] NIACL: RSI condition failed (31.90)
[2026-01-27 17:45:42] [DEBUG] NIVABUPA: RSI condition failed (50.50)
[2026-01-27 17:45:42] [DEBUG] NLCINDIA: RSI condition failed (39.50)
[2026-01-27 17:45:42] [DEBUG] NMDC: RSI condition failed (44.92)
[2026-01-27 17:45:42] [DEBUG] NSLNISP: RSI condition failed (44.22)
[2026-01-27 17:45:42] [DEBUG] NTPC: RSI condition failed (55.55)
[2026-01-27 17:45:42] [DEBUG] NTPCGREEN: RSI condition failed (41.29)
[2026-01-27 17:45:42] [DEBUG] NUVAMA: RSI condition failed (28.52)
[2026-01-27 17:45:42] [DEBUG] NUVOCO: RSI condition failed (40.59)
[2026-01-27 17:45:42] [DEBUG] NYKAA: RSI condition failed (25.33)
[2026-01-27 17:45:42] [DEBUG] OBEROIRLTY: RSI condition failed (23.12)
[2026-01-27 17:45:42] [DEBUG] OFSS: RSI condition failed (55.61)
[2026-01-27 17:45:42] [DEBUG] OIL: Close below 30D high
[2026-01-27 17:45:42] [DEBUG] OLAELEC: RSI condition failed (30.45)
[2026-01-27 17:45:42] [DEBUG] OLECTRA: RSI condition failed (21.64)
[2026-01-27 17:45:42] [DEBUG] ONESOURCE: RSI condition failed (13.90)
[2026-01-27 17:45:42] [DEBUG] ONGC: RSI condition failed (59.96)
[2026-01-27 17:45:42] [DEBUG] PAGEIND: RSI condition failed (20.35)
[2026-01-27 17:45:42] [DEBUG] PATANJALI: RSI condition failed (29.03)
[2026-01-27 17:45:42] [DEBUG] PAYTM: RSI condition failed (29.56)
[2026-01-27 17:45:42] [DEBUG] PCBL: RSI condition failed (30.86)
[2026-01-27 17:45:42] [DEBUG] PERSISTENT: RSI condition failed (43.17)
[2026-01-27 17:45:42] [DEBUG] PETRONET: RSI condition failed (44.62)
[2026-01-27 17:45:42] [DEBUG] PFC: RSI condition failed (48.59)
[2026-01-27 17:45:42] [DEBUG] PFIZER: RSI condition failed (34.36)
[2026-01-27 17:45:42] [DEBUG] PGEL: RSI condition failed (30.34)
[2026-01-27 17:45:42] [DEBUG] PGHH: RSI condition failed (33.08)
[2026-01-27 17:45:42] [DEBUG] PHOENIXLTD: RSI condition failed (30.11)
[2026-01-27 17:45:42] [DEBUG] PIDILITIND: RSI condition failed (43.46)
[2026-01-27 17:45:42] [DEBUG] PIIND: RSI condition failed (39.05)
[2026-01-27 17:45:42] [DEBUG] PNB: RSI condition failed (44.76)
[2026-01-27 17:45:42] [DEBUG] PNBHOUSING: RSI condition failed (29.33)
[2026-01-27 17:45:42] [DEBUG] POLICYBZR: RSI condition failed (35.20)
[2026-01-27 17:45:42] [DEBUG] POLYCAB: RSI condition failed (31.73)
[2026-01-27 17:45:42] [DEBUG] POLYMED: RSI condition failed (26.73)
[2026-01-27 17:45:42] [DEBUG] POONAWALLA: RSI condition failed (29.62)
[2026-01-27 17:45:42] [DEBUG] POWERGRID: RSI condition failed (37.07)
[2026-01-27 17:45:42] [DEBUG] POWERINDIA: RSI condition failed (35.48)
[2026-01-27 17:45:42] [DEBUG] PPLPHARMA: RSI condition failed (24.66)
[2026-01-27 17:45:42] [DEBUG] PRAJIND: RSI condition failed (28.33)
[2026-01-27 17:45:42] [DEBUG] PREMIERENE: RSI condition failed (34.34)
[2026-01-27 17:45:42] [DEBUG] PRESTIGE: RSI condition failed (24.68)
[2026-01-27 17:45:42] [DEBUG] PTCIL: RSI condition failed (41.35)
[2026-01-27 17:45:42] [DEBUG] PVRINOX: RSI condition failed (33.98)
[2026-01-27 17:45:42] [DEBUG] RADICO: RSI condition failed (43.28)
[2026-01-27 17:45:42] [DEBUG] RAILTEL: RSI condition failed (42.23)
[2026-01-27 17:45:42] [DEBUG] RAINBOW: RSI condition failed (22.54)
[2026-01-27 17:45:42] [DEBUG] RAMCOCEM: RSI condition failed (47.89)
[2026-01-27 17:45:42] [DEBUG] RBLBANK: RSI condition failed (40.55)
[2026-01-27 17:45:42] [DEBUG] RCF: RSI condition failed (34.24)
[2026-01-27 17:45:42] [DEBUG] RECLTD: RSI condition failed (50.22)
[2026-01-27 17:45:42] [DEBUG] REDINGTON: RSI condition failed (34.44)
[2026-01-27 17:45:42] [DEBUG] RELIANCE: RSI condition failed (25.57)
[2026-01-27 17:45:42] [DEBUG] RHIM: RSI condition failed (34.88)
[2026-01-27 17:45:42] [DEBUG] RITES: RSI condition failed (36.79)
[2026-01-27 17:45:42] [DEBUG] RKFORGE: RSI condition failed (48.26)
[2026-01-27 17:45:42] [DEBUG] RPOWER: RSI condition failed (23.59)
[2026-01-27 17:45:42] [DEBUG] RRKABEL: RSI condition failed (29.38)
[2026-01-27 17:45:42] [DEBUG] RVNL: RSI condition failed (43.33)
[2026-01-27 17:45:42] [DEBUG] SAGILITY: RSI condition failed (51.87)
[2026-01-27 17:45:42] [DEBUG] SAILIFE: RSI condition failed (37.50)
[2026-01-27 17:45:42] [DEBUG] SAMMAANCAP: RSI condition failed (38.25)
[2026-01-27 17:45:42] [DEBUG] SAPPHIRE: RSI condition failed (20.40)
[2026-01-27 17:45:42] [DEBUG] SARDAEN: RSI condition failed (42.05)
[2026-01-27 17:45:42] [DEBUG] SAREGAMA: RSI condition failed (35.74)
[2026-01-27 17:45:42] [DEBUG] SBFC: RSI condition failed (30.20)
[2026-01-27 17:45:42] [DEBUG] SBICARD: RSI condition failed (26.05)
[2026-01-27 17:45:42] [DEBUG] SBILIFE: RSI condition failed (48.04)
[2026-01-27 17:45:42] [DEBUG] SBIN: Close below 30D high
[2026-01-27 17:45:42] [DEBUG] SCHAEFFLER: RSI condition failed (40.61)
[2026-01-27 17:45:42] [DEBUG] SCHNEIDER: RSI condition failed (41.75)
[2026-01-27 17:45:42] [DEBUG] SCI: RSI condition failed (43.09)
[2026-01-27 17:45:42] [DEBUG] SHREECEM: RSI condition failed (56.11)
[2026-01-27 17:45:42] [DEBUG] SHRIRAMFIN: Close below 30D high
[2026-01-27 17:45:42] [DEBUG] SHYAMMETL: RSI condition failed (42.13)
[2026-01-27 17:45:42] [DEBUG] SIEMENS: RSI condition failed (36.93)
[2026-01-27 17:45:42] [DEBUG] SIGNATURE: RSI condition failed (11.54)
[2026-01-27 17:45:42] [DEBUG] SJVN: RSI condition failed (38.20)
[2026-01-27 17:45:42] [DEBUG] SOBHA: RSI condition failed (35.08)
[2026-01-27 17:45:42] [DEBUG] SOLARINDS: RSI condition failed (48.62)
[2026-01-27 17:45:42] [DEBUG] SONACOMS: RSI condition failed (58.47)
[2026-01-27 17:45:42] [DEBUG] SONATSOFTW: RSI condition failed (31.05)
[2026-01-27 17:45:42] [DEBUG] SRF: RSI condition failed (26.58)
[2026-01-27 17:45:42] [DEBUG] STARHEALTH: RSI condition failed (30.43)
[2026-01-27 17:45:42] [DEBUG] SUMICHEM: RSI condition failed (35.54)
[2026-01-27 17:45:42] [DEBUG] SUNDARMFIN: RSI condition failed (57.41)
[2026-01-27 17:45:42] [DEBUG] SUNDRMFAST: RSI condition failed (38.31)
[2026-01-27 17:45:42] [DEBUG] SUNPHARMA: RSI condition failed (32.54)
[2026-01-27 17:45:42] [DEBUG] SUNTV: RSI condition failed (38.40)
[2026-01-27 17:45:42] [DEBUG] SUPREMEIND: RSI condition failed (48.27)
[2026-01-27 17:45:42] [DEBUG] SUZLON: RSI condition failed (28.80)
[2026-01-27 17:45:42] [DEBUG] SWANCORP: RSI condition failed (32.30)
[2026-01-27 17:45:42] [DEBUG] SWIGGY: RSI condition failed (21.26)
[2026-01-27 17:45:42] [DEBUG] SYNGENE: RSI condition failed (10.93)
[2026-01-27 17:45:42] [DEBUG] SYRMA: RSI condition failed (34.01)
[2026-01-27 17:45:42] [DEBUG] TARIL: RSI condition failed (31.28)
[2026-01-27 17:45:42] [DEBUG] TATACHEM: RSI condition failed (38.65)
[2026-01-27 17:45:42] [DEBUG] TATACOMM: RSI condition failed (21.89)
[2026-01-27 17:45:42] [DEBUG] TATACONSUM: RSI condition failed (48.09)
[2026-01-27 17:45:42] [DEBUG] TATAELXSI: RSI condition failed (47.78)
[2026-01-27 17:45:42] [DEBUG] TATAINVEST: RSI condition failed (16.62)
[2026-01-27 17:45:42] [DEBUG] TATAPOWER: RSI condition failed (28.03)
[2026-01-27 17:45:42] [DEBUG] TATATECH: RSI condition failed (46.10)
[2026-01-27 17:45:42] [DEBUG] TBOTEK: RSI condition failed (25.64)
[2026-01-27 17:45:42] [DEBUG] TCS: RSI condition failed (43.38)
[2026-01-27 17:45:42] [DEBUG] TECHNOE: RSI condition failed (25.46)
[2026-01-27 17:45:42] [DEBUG] TEJASNET: RSI condition failed (9.35)
[2026-01-27 17:45:42] [DEBUG] THELEELA: skipped (not enough candles)
[2026-01-27 17:45:42] [DEBUG] THERMAX: RSI condition failed (34.92)
[2026-01-27 17:45:42] [DEBUG] TIINDIA: RSI condition failed (20.41)
[2026-01-27 17:45:42] [DEBUG] TIMKEN: RSI condition failed (49.42)
[2026-01-27 17:45:42] [DEBUG] TITAGARH: RSI condition failed (40.19)
[2026-01-27 17:45:42] [DEBUG] TITAN: RSI condition failed (43.34)
[2026-01-27 17:45:42] [DEBUG] TMPV: RSI condition failed (37.42)
[2026-01-27 17:45:42] [DEBUG] TORNTPHARM: RSI condition failed (53.99)
[2026-01-27 17:45:42] [DEBUG] TORNTPOWER: RSI condition failed (46.33)
[2026-01-27 17:45:42] [DEBUG] TRENT: RSI condition failed (33.62)
[2026-01-27 17:45:42] [DEBUG] TRIDENT: RSI condition failed (45.90)
[2026-01-27 17:45:42] [DEBUG] TRITURBINE: RSI condition failed (26.29)
[2026-01-27 17:45:42] [DEBUG] TRIVENI: RSI condition failed (45.72)
[2026-01-27 17:45:42] [DEBUG] TTML: RSI condition failed (26.30)
[2026-01-27 17:45:42] [DEBUG] TVSMOTOR: RSI condition failed (34.79)
[2026-01-27 17:45:42] [DEBUG] UBL: RSI condition failed (14.75)
[2026-01-27 17:45:42] [DEBUG] UCOBANK: RSI condition failed (39.05)
[2026-01-27 17:45:42] [DEBUG] UNIONBANK: Close below 30D high
[2026-01-27 17:45:42] [DEBUG] UNITDSPR: RSI condition failed (34.77)
[2026-01-27 17:45:42] [DEBUG] UNOMINDA: RSI condition failed (33.62)
[2026-01-27 17:45:42] [DEBUG] UPL: RSI condition failed (37.08)
[2026-01-27 17:45:42] [DEBUG] USHAMART: RSI condition failed (33.84)
[2026-01-27 17:45:42] [DEBUG] UTIAMC: RSI condition failed (21.34)
[2026-01-27 17:45:42] [DEBUG] VBL: RSI condition failed (42.10)
[2026-01-27 17:45:42] [DEBUG] VENTIVE: RSI condition failed (40.51)
[2026-01-27 17:45:42] [DEBUG] VGUARD: RSI condition failed (41.93)
[2026-01-27 17:45:42] [DEBUG] VIJAYA: RSI condition failed (40.98)
[2026-01-27 17:45:42] [DEBUG] VMM: RSI condition failed (38.76)
[2026-01-27 17:45:42] [DEBUG] VOLTAS: RSI condition failed (35.87)
[2026-01-27 17:45:42] [DEBUG] VTL: RSI condition failed (46.86)
[2026-01-27 17:45:42] [DEBUG] WAAREEENER: RSI condition failed (44.99)
[2026-01-27 17:45:42] [DEBUG] WELCORP: RSI condition failed (35.38)
[2026-01-27 17:45:42] [DEBUG] WELSPUNLIV: RSI condition failed (50.44)
[2026-01-27 17:45:42] [DEBUG] WHIRLPOOL: RSI condition failed (24.77)
[2026-01-27 17:45:42] [DEBUG] WIPRO: RSI condition failed (29.41)
[2026-01-27 17:45:43] [DEBUG] WOCKPHARMA: RSI condition failed (43.11)
[2026-01-27 17:45:43] [DEBUG] YESBANK: RSI condition failed (35.38)
[2026-01-27 17:45:43] [DEBUG] ZEEL: RSI condition failed (26.32)
[2026-01-27 17:45:43] [DEBUG] ZENSARTECH: RSI condition failed (38.36)
[2026-01-27 17:45:43] [DEBUG] ZENTEC: RSI condition failed (40.59)
[2026-01-27 17:45:43] [DEBUG] ZFCVINDIA: RSI condition failed (40.06)
[2026-01-27 17:45:43] [DEBUG] ZYDUSLIFE: RSI condition failed (43.88)
[2026-01-27 17:45:43] [INFO] Momentum Engine Completed
[2026-01-27 17:45:43] [strategy.log] Momentum engine completed
[2026-01-27 17:45:43] [INFO] Starting Divergence Engine
[2026-01-27 17:45:43] [INFO] Total symbols loaded: 499
[2026-01-27 17:45:43] [DEBUG] 360ONE: no divergence
[2026-01-27 17:45:43] [DEBUG] 3MINDIA: no divergence
[2026-01-27 17:45:43] [DEBUG] AADHARHFC: no divergence
[2026-01-27 17:45:43] [DEBUG] AARTIIND: no divergence
[2026-01-27 17:45:43] [DEBUG] AAVAS: no divergence
[2026-01-27 17:45:43] [DEBUG] ABB: no divergence
[2026-01-27 17:54:30] [strategy.log] Strategy engine started
[2026-01-27 17:54:31] [strategy.log] Market data updated
[2026-01-27 17:54:31] [INFO] Starting Momentum Engine
[2026-01-27 17:54:31] [INFO] Total symbols loaded: 499
[2026-01-27 17:54:31] [DEBUG] 360ONE: RSI condition failed (41.93)
[2026-01-27 17:54:31] [DEBUG] 3MINDIA: RSI condition failed (36.32)
[2026-01-27 17:54:31] [DEBUG] AADHARHFC: RSI condition failed (43.78)
[2026-01-27 17:54:31] [DEBUG] AARTIIND: RSI condition failed (43.38)
[2026-01-27 17:54:31] [DEBUG] AAVAS: RSI condition failed (55.78)
[2026-01-27 17:54:31] [DEBUG] ABB: RSI condition failed (29.77)
[2026-01-27 17:54:31] [DEBUG] ABBOTINDIA: RSI condition failed (38.93)
[2026-01-27 17:54:31] [DEBUG] ABCAPITAL: RSI condition failed (45.36)
[2026-01-27 17:54:31] [DEBUG] ABFRL: RSI condition failed (19.42)
[2026-01-27 17:54:31] [DEBUG] ABLBL: skipped (not enough candles)
[2026-01-27 17:54:31] [DEBUG] ABREL: RSI condition failed (15.00)
[2026-01-27 17:54:31] [DEBUG] ABSLAMC: RSI condition failed (48.10)
[2026-01-27 17:54:31] [DEBUG] ACC: RSI condition failed (39.10)
[2026-01-27 17:54:31] [DEBUG] ACE: RSI condition failed (28.32)
[2026-01-27 17:54:31] [DEBUG] ACMESOLAR: RSI condition failed (28.52)
[2026-01-27 17:54:31] [DEBUG] ADANIENSOL: RSI condition failed (28.69)
[2026-01-27 17:54:31] [DEBUG] ADANIENT: RSI condition failed (32.73)
[2026-01-27 17:54:31] [DEBUG] ADANIGREEN: RSI condition failed (22.61)
[2026-01-27 17:54:31] [DEBUG] ADANIPORTS: RSI condition failed (34.66)
[2026-01-27 17:54:31] [DEBUG] ADANIPOWER: RSI condition failed (36.98)
[2026-01-27 17:54:31] [DEBUG] AEGISLOG: RSI condition failed (27.71)
[2026-01-27 17:54:31] [DEBUG] AEGISVOPAK: skipped (not enough candles)
[2026-01-27 17:54:31] [DEBUG] AFCONS: RSI condition failed (25.02)
[2026-01-27 17:54:31] [DEBUG] AFFLE: RSI condition failed (21.35)
[2026-01-27 17:54:31] [DEBUG] AGARWALEYE: RSI condition failed (19.82)
[2026-01-27 17:54:31] [DEBUG] AIAENG: RSI condition failed (45.72)
[2026-01-27 17:54:31] [DEBUG] AIIL: RSI condition failed (31.02)
[2026-01-27 17:54:31] [DEBUG] AJANTPHARM: RSI condition failed (48.65)
[2026-01-27 17:54:31] [DEBUG] AKUMS: RSI condition failed (36.30)
[2026-01-27 17:54:31] [DEBUG] AKZOINDIA: RSI condition failed (21.99)
[2026-01-27 17:54:31] [DEBUG] ALKEM: RSI condition failed (54.75)
[2026-01-27 17:54:31] [DEBUG] ALKYLAMINE: RSI condition failed (45.49)
[2026-01-27 17:54:31] [DEBUG] ALOKINDS: RSI condition failed (37.53)
[2026-01-27 17:54:31] [DEBUG] AMBER: RSI condition failed (20.13)
[2026-01-27 17:54:31] [DEBUG] AMBUJACEM: RSI condition failed (43.09)
[2026-01-27 17:54:31] [DEBUG] ANANDRATHI: RSI condition failed (21.67)
[2026-01-27 17:54:31] [DEBUG] ANANTRAJ: RSI condition failed (34.16)
[2026-01-27 17:54:31] [DEBUG] ANGELONE: RSI condition failed (49.61)
[2026-01-27 17:54:31] [DEBUG] APARINDS: RSI condition failed (30.80)
[2026-01-27 17:54:31] [DEBUG] APLLTD: RSI condition failed (21.61)
[2026-01-27 17:54:31] [DEBUG] APOLLOHOSP: RSI condition failed (31.33)
[2026-01-27 17:54:31] [DEBUG] APOLLOTYRE: RSI condition failed (45.83)
[2026-01-27 17:54:31] [DEBUG] APTUS: RSI condition failed (38.81)
[2026-01-27 17:54:31] [DEBUG] ARE&M: RSI condition failed (18.96)
[2026-01-27 17:54:31] [DEBUG] ASAHIINDIA: RSI condition failed (47.08)
[2026-01-27 17:54:31] [DEBUG] ASIANPAINT: RSI condition failed (38.88)
[2026-01-27 17:54:31] [DEBUG] ASTERDM: RSI condition failed (33.36)
[2026-01-27 17:54:31] [DEBUG] ASTRAL: RSI condition failed (42.97)
[2026-01-27 17:54:31] [DEBUG] ASTRAZEN: RSI condition failed (34.52)
[2026-01-27 17:54:31] [DEBUG] ATGL: RSI condition failed (35.93)
[2026-01-27 17:54:31] [DEBUG] ATHERENERG: skipped (not enough candles)
[2026-01-27 17:54:31] [DEBUG] ATUL: RSI condition failed (43.62)
[2026-01-27 17:54:31] [DEBUG] AUBANK: RSI condition failed (39.93)
[2026-01-27 17:54:31] [DEBUG] AUROPHARMA: RSI condition failed (35.57)
[2026-01-27 17:54:31] [DEBUG] AWL: RSI condition failed (16.15)
[2026-01-27 17:54:31] [DEBUG] AXISBANK: RSI condition failed (59.40)
[2026-01-27 17:54:31] [DEBUG] BAJAJ-AUTO: RSI condition failed (53.48)
[2026-01-27 17:54:31] [DEBUG] BAJAJFINSV: RSI condition failed (34.72)
[2026-01-27 17:54:31] [DEBUG] BAJAJHFL: RSI condition failed (28.45)
[2026-01-27 17:54:31] [DEBUG] BAJAJHLDNG: RSI condition failed (34.14)
[2026-01-27 17:54:31] [DEBUG] BAJFINANCE: RSI condition failed (30.98)
[2026-01-27 17:54:31] [DEBUG] BALKRISIND: RSI condition failed (56.92)
[2026-01-27 17:54:31] [DEBUG] BALRAMCHIN: RSI condition failed (37.01)
[2026-01-27 17:54:31] [DEBUG] BANDHANBNK: RSI condition failed (57.00)
[2026-01-27 17:54:31] [DEBUG] BANKBARODA: RSI condition failed (49.21)
[2026-01-27 17:54:31] [DEBUG] BANKINDIA: Close below 30D high
[2026-01-27 17:54:31] [DEBUG] BASF: RSI condition failed (29.90)
[2026-01-27 17:54:31] [DEBUG] BATAINDIA: RSI condition failed (13.81)
[2026-01-27 17:54:31] [DEBUG] BAYERCROP: RSI condition failed (36.85)
[2026-01-27 17:54:31] [DEBUG] BBTC: RSI condition failed (35.84)
[2026-01-27 17:54:31] [DEBUG] BDL: RSI condition failed (45.75)
[2026-01-27 17:54:31] [DEBUG] BEL: RSI condition failed (54.41)
[2026-01-27 17:54:31] [DEBUG] BEML: RSI condition failed (30.26)
[2026-01-27 17:54:31] [DEBUG] BERGEPAINT: RSI condition failed (29.23)
[2026-01-27 17:54:31] [DEBUG] BHARATFORG: RSI condition failed (45.29)
[2026-01-27 17:54:31] [DEBUG] BHARTIARTL: RSI condition failed (28.93)
[2026-01-27 17:54:31] [DEBUG] BHARTIHEXA: RSI condition failed (30.51)
[2026-01-27 17:54:31] [DEBUG] BHEL: RSI condition failed (30.55)
[2026-01-27 17:54:31] [DEBUG] BIKAJI: RSI condition failed (25.20)
[2026-01-27 17:54:31] [DEBUG] BIOCON: RSI condition failed (36.51)
[2026-01-27 17:54:31] [DEBUG] BLS: RSI condition failed (24.51)
[2026-01-27 17:54:31] [DEBUG] BLUEDART: RSI condition failed (41.83)
[2026-01-27 17:54:31] [DEBUG] BLUEJET: RSI condition failed (21.87)
[2026-01-27 17:54:31] [DEBUG] BLUESTARCO: RSI condition failed (33.66)
[2026-01-27 17:54:31] [DEBUG] BOSCHLTD: RSI condition failed (36.15)
[2026-01-27 17:54:31] [DEBUG] BPCL: RSI condition failed (43.25)
[2026-01-27 17:54:31] [DEBUG] BRIGADE: RSI condition failed (21.08)
[2026-01-27 17:54:31] [DEBUG] BRITANNIA: RSI condition failed (45.51)
[2026-01-27 17:54:31] [DEBUG] BSE: RSI condition failed (53.34)
[2026-01-27 17:54:31] [DEBUG] BSOFT: RSI condition failed (39.32)
[2026-01-27 17:54:31] [DEBUG] CAMPUS: RSI condition failed (37.13)
[2026-01-27 17:54:31] [DEBUG] CAMS: RSI condition failed (40.75)
[2026-01-27 17:54:31] [DEBUG] CANBK: RSI condition failed (53.16)
[2026-01-27 17:54:31] [DEBUG] CANFINHOME: RSI condition failed (41.81)
[2026-01-27 17:54:31] [DEBUG] CAPLIPOINT: RSI condition failed (33.64)
[2026-01-27 17:54:31] [DEBUG] CARBORUNIV: RSI condition failed (46.42)
[2026-01-27 17:54:31] [DEBUG] CASTROLIND: RSI condition failed (40.12)
[2026-01-27 17:54:31] [DEBUG] CCL: RSI condition failed (46.32)
[2026-01-27 17:54:31] [DEBUG] CDSL: RSI condition failed (28.47)
[2026-01-27 17:54:31] [DEBUG] CEATLTD: RSI condition failed (46.04)
[2026-01-27 17:54:31] [DEBUG] CENTRALBK: RSI condition failed (36.53)
[2026-01-27 17:54:31] [DEBUG] CENTURYPLY: RSI condition failed (36.36)
[2026-01-27 17:54:31] [DEBUG] CERA: RSI condition failed (28.22)
[2026-01-27 17:54:31] [DEBUG] CESC: RSI condition failed (22.71)
[2026-01-27 17:54:31] [DEBUG] CGCL: RSI condition failed (27.18)
[2026-01-27 17:54:31] [DEBUG] CGPOWER: RSI condition failed (23.77)
[2026-01-27 17:54:31] [DEBUG] CHALET: RSI condition failed (30.61)
[2026-01-27 17:54:31] [DEBUG] CHAMBLFERT: RSI condition failed (44.08)
[2026-01-27 17:54:31] [DEBUG] CHENNPETRO: RSI condition failed (49.86)
[2026-01-27 17:54:31] [DEBUG] CHOICEIN: RSI condition failed (30.50)
[2026-01-27 17:54:31] [DEBUG] CHOLAFIN: RSI condition failed (40.33)
[2026-01-27 17:54:31] [DEBUG] CHOLAHLDNG: RSI condition failed (25.36)
[2026-01-27 17:54:31] [DEBUG] CIPLA: RSI condition failed (17.58)
[2026-01-27 17:54:31] [DEBUG] CLEAN: RSI condition failed (38.90)
[2026-01-27 17:54:31] [DEBUG] COALINDIA: RSI condition failed (58.29)
[2026-01-27 17:54:31] [DEBUG] COCHINSHIP: RSI condition failed (35.63)
[2026-01-27 17:54:31] [DEBUG] COFORGE: RSI condition failed (42.50)
[2026-01-27 17:54:31] [DEBUG] COHANCE: RSI condition failed (9.15)
[2026-01-27 17:54:31] [DEBUG] COLPAL: RSI condition failed (53.86)
[2026-01-27 17:54:31] [DEBUG] CONCOR: RSI condition failed (26.73)
[2026-01-27 17:54:31] [DEBUG] CONCORDBIO: RSI condition failed (33.12)
[2026-01-27 17:54:31] [DEBUG] COROMANDEL: RSI condition failed (46.11)
[2026-01-27 17:54:31] [DEBUG] CRAFTSMAN: RSI condition failed (51.66)
[2026-01-27 17:54:31] [DEBUG] CREDITACC: RSI condition failed (53.87)
[2026-01-27 17:54:31] [DEBUG] CRISIL: RSI condition failed (43.09)
[2026-01-27 17:54:31] [DEBUG] CROMPTON: RSI condition failed (21.60)
[2026-01-27 17:54:31] [DEBUG] CUB: RSI condition failed (54.32)
[2026-01-27 17:54:31] [DEBUG] CUMMINSIND: RSI condition failed (31.59)
[2026-01-27 17:54:31] [DEBUG] CYIENT: RSI condition failed (41.14)
[2026-01-27 17:54:31] [DEBUG] DABUR: RSI condition failed (51.04)
[2026-01-27 17:54:31] [DEBUG] DALBHARAT: RSI condition failed (49.73)
[2026-01-27 17:54:31] [DEBUG] DATAPATTNS: RSI condition failed (30.95)
[2026-01-27 17:54:31] [DEBUG] DBREALTY: RSI condition failed (26.57)
[2026-01-27 17:54:31] [DEBUG] DCMSHRIRAM: RSI condition failed (31.00)
[2026-01-27 17:54:31] [DEBUG] DEEPAKFERT: RSI condition failed (38.05)
[2026-01-27 17:54:31] [DEBUG] DEEPAKNTR: RSI condition failed (38.57)
[2026-01-27 17:54:31] [DEBUG] DELHIVERY: RSI condition failed (46.09)
[2026-01-27 17:54:31] [DEBUG] DEVYANI: RSI condition failed (20.75)
[2026-01-27 17:54:31] [DEBUG] DIVISLAB: RSI condition failed (36.05)
[2026-01-27 17:54:31] [DEBUG] DIXON: RSI condition failed (21.43)
[2026-01-27 17:54:31] [DEBUG] DLF: RSI condition failed (22.65)
[2026-01-27 17:54:31] [DEBUG] DMART: RSI condition failed (37.84)
[2026-01-27 17:54:31] [DEBUG] DOMS: RSI condition failed (32.56)
[2026-01-27 17:54:31] [DEBUG] DRREDDY: RSI condition failed (54.89)
[2026-01-27 17:54:31] [DEBUG] ECLERX: RSI condition failed (37.86)
[2026-01-27 17:54:31] [DEBUG] EICHERMOT: RSI condition failed (39.12)
[2026-01-27 17:54:31] [DEBUG] EIDPARRY: RSI condition failed (21.00)
[2026-01-27 17:54:31] [DEBUG] EIHOTEL: RSI condition failed (12.86)
[2026-01-27 17:54:31] [DEBUG] ELECON: RSI condition failed (25.83)
[2026-01-27 17:54:31] [DEBUG] ELGIEQUIP: RSI condition failed (35.96)
[2026-01-27 17:54:31] [DEBUG] EMAMILTD: RSI condition failed (43.52)
[2026-01-27 17:54:31] [DEBUG] EMCURE: RSI condition failed (52.68)
[2026-01-27 17:54:31] [DEBUG] ENDURANCE: RSI condition failed (25.61)
[2026-01-27 17:54:31] [DEBUG] ENGINERSIN: RSI condition failed (20.78)
[2026-01-27 17:54:31] [DEBUG] ENRIN: skipped (not enough candles)
[2026-01-27 17:54:31] [DEBUG] ERIS: RSI condition failed (25.10)
[2026-01-27 17:54:31] [DEBUG] ESCORTS: RSI condition failed (32.38)
[2026-01-27 17:54:31] [DEBUG] ETERNAL: RSI condition failed (32.53)
[2026-01-27 17:54:31] [DEBUG] EXIDEIND: RSI condition failed (26.57)
[2026-01-27 17:54:31] [DEBUG] FACT: RSI condition failed (33.69)
[2026-01-27 17:54:31] [DEBUG] FEDERALBNK: Close below 30D high
[2026-01-27 17:54:31] [DEBUG] FINCABLES: RSI condition failed (35.46)
[2026-01-27 17:54:31] [DEBUG] FINPIPE: RSI condition failed (39.07)
[2026-01-27 17:54:31] [DEBUG] FIRSTCRY: RSI condition failed (29.35)
[2026-01-27 17:54:31] [DEBUG] FIVESTAR: RSI condition failed (36.50)
[2026-01-27 17:54:31] [DEBUG] FLUOROCHEM: RSI condition failed (18.54)
[2026-01-27 17:54:31] [DEBUG] FORCEMOT: RSI condition failed (44.92)
[2026-01-27 17:54:31] [DEBUG] FORTIS: RSI condition failed (31.07)
[2026-01-27 17:54:31] [DEBUG] FSL: RSI condition failed (36.51)
[2026-01-27 17:54:31] [DEBUG] GAIL: RSI condition failed (31.97)
[2026-01-27 17:54:31] [DEBUG] GESHIP: RSI condition failed (50.37)
[2026-01-27 17:54:31] [DEBUG] GICRE: RSI condition failed (46.93)
[2026-01-27 17:54:31] [DEBUG] GILLETTE: RSI condition failed (41.82)
[2026-01-27 17:54:31] [DEBUG] GLAND: RSI condition failed (44.37)
[2026-01-27 17:54:31] [DEBUG] GLAXO: RSI condition failed (44.04)
[2026-01-27 17:54:31] [DEBUG] GLENMARK: RSI condition failed (47.41)
[2026-01-27 17:54:31] [DEBUG] GMDCLTD: RSI condition failed (41.37)
[2026-01-27 17:54:31] [DEBUG] GMRAIRPORT: RSI condition failed (26.71)
[2026-01-27 17:54:31] [DEBUG] GODFRYPHLP: RSI condition failed (26.51)
[2026-01-27 17:54:31] [DEBUG] GODIGIT: RSI condition failed (46.94)
[2026-01-27 17:54:31] [DEBUG] GODREJAGRO: RSI condition failed (39.64)
[2026-01-27 17:54:31] [DEBUG] GODREJCP: RSI condition failed (38.15)
[2026-01-27 17:54:31] [DEBUG] GODREJIND: RSI condition failed (35.21)
[2026-01-27 17:54:31] [DEBUG] GODREJPROP: RSI condition failed (15.59)
[2026-01-27 17:54:31] [DEBUG] GPIL: RSI condition failed (44.19)
[2026-01-27 17:54:31] [DEBUG] GRANULES: RSI condition failed (46.36)
[2026-01-27 17:54:31] [DEBUG] GRAPHITE: RSI condition failed (52.66)
[2026-01-27 17:54:31] [DEBUG] GRASIM: RSI condition failed (56.38)
[2026-01-27 17:54:31] [DEBUG] GRAVITA: RSI condition failed (21.83)
[2026-01-27 17:54:31] [DEBUG] GRSE: RSI condition failed (42.06)
[2026-01-27 17:54:31] [DEBUG] GSPL: RSI condition failed (41.79)
[2026-01-27 17:54:31] [DEBUG] GUJGASLTD: RSI condition failed (44.99)
[2026-01-27 17:54:31] [DEBUG] GVT&D: RSI condition failed (41.48)
[2026-01-27 17:54:31] [DEBUG] HAL: RSI condition failed (42.82)
[2026-01-27 17:54:31] [DEBUG] HAPPSTMNDS: RSI condition failed (22.41)
[2026-01-27 17:54:31] [DEBUG] HAVELLS: RSI condition failed (25.36)
[2026-01-27 17:54:31] [DEBUG] HBLENGINE: RSI condition failed (30.58)
[2026-01-27 17:54:31] [DEBUG] HCLTECH: Close below 30D high
[2026-01-27 17:54:31] [DEBUG] HDFCAMC: RSI condition failed (33.89)
[2026-01-27 17:54:31] [DEBUG] HDFCBANK: RSI condition failed (26.21)
[2026-01-27 17:54:31] [DEBUG] HDFCLIFE: RSI condition failed (33.30)
[2026-01-27 17:54:31] [DEBUG] HEG: RSI condition failed (41.36)
[2026-01-27 17:54:31] [DEBUG] HEROMOTOCO: RSI condition failed (29.15)
[2026-01-27 17:54:31] [DEBUG] HEXT: RSI condition failed (39.74)
[2026-01-27 17:54:31] [DEBUG] HFCL: RSI condition failed (38.31)
[2026-01-27 17:54:31] [DEBUG] HINDCOPPER: Close below 30D high
[2026-01-27 17:54:31] [DEBUG] HINDPETRO: RSI condition failed (31.46)
[2026-01-27 17:54:31] [DEBUG] HINDUNILVR: RSI condition failed (52.63)
[2026-01-27 17:54:31] [DEBUG] HONASA: RSI condition failed (38.72)
[2026-01-27 17:54:31] [DEBUG] HONAUT: RSI condition failed (25.22)
[2026-01-27 17:54:31] [DEBUG] HSCL: RSI condition failed (35.25)
[2026-01-27 17:54:31] [DEBUG] HUDCO: RSI condition failed (30.34)
[2026-01-27 17:54:31] [DEBUG] HYUNDAI: RSI condition failed (33.85)
[2026-01-27 17:54:32] [DEBUG] ICICIBANK: RSI condition failed (41.77)
[2026-01-27 17:54:32] [DEBUG] ICICIGI: RSI condition failed (26.98)
[2026-01-27 17:54:32] [DEBUG] ICICIPRULI: RSI condition failed (41.81)
[2026-01-27 17:54:32] [DEBUG] IDBI: RSI condition failed (40.69)
[2026-01-27 17:54:32] [DEBUG] IDEA: RSI condition failed (34.47)
[2026-01-27 17:54:32] [DEBUG] IDFCFIRSTB: RSI condition failed (45.63)
[2026-01-27 17:54:32] [DEBUG] IEX: RSI condition failed (37.45)
[2026-01-27 17:54:32] [DEBUG] IFCI: RSI condition failed (52.60)
[2026-01-27 17:54:32] [DEBUG] IGIL: RSI condition failed (29.87)
[2026-01-27 17:54:32] [DEBUG] IGL: RSI condition failed (29.51)
[2026-01-27 17:54:32] [DEBUG] IIFL: RSI condition failed (27.93)
[2026-01-27 17:54:32] [DEBUG] IKS: RSI condition failed (30.13)
[2026-01-27 17:54:32] [DEBUG] INDGN: RSI condition failed (16.13)
[2026-01-27 17:54:32] [DEBUG] INDHOTEL: RSI condition failed (27.99)
[2026-01-27 17:54:32] [DEBUG] INDIACEM: RSI condition failed (51.32)
[2026-01-27 17:54:32] [DEBUG] INDIAMART: RSI condition failed (46.91)
[2026-01-27 17:54:32] [DEBUG] INDIANB: RSI condition failed (55.60)
[2026-01-27 17:54:32] [DEBUG] INDIGO: RSI condition failed (36.44)
[2026-01-27 17:54:32] [DEBUG] INDUSINDBK: RSI condition failed (49.23)
[2026-01-27 17:54:32] [DEBUG] INDUSTOWER: RSI condition failed (47.31)
[2026-01-27 17:54:32] [DEBUG] INFY: Close below 30D high
[2026-01-27 17:54:32] [DEBUG] INOXINDIA: RSI condition failed (37.97)
[2026-01-27 17:54:32] [DEBUG] INOXWIND: RSI condition failed (26.73)
[2026-01-27 17:54:32] [DEBUG] INTELLECT: RSI condition failed (38.04)
[2026-01-27 17:54:32] [DEBUG] IOB: RSI condition failed (35.93)
[2026-01-27 17:54:32] [DEBUG] IOC: RSI condition failed (44.52)
[2026-01-27 17:54:32] [DEBUG] IPCALAB: RSI condition failed (50.17)
[2026-01-27 17:54:32] [DEBUG] IRB: RSI condition failed (38.67)
[2026-01-27 17:54:32] [DEBUG] IRCON: RSI condition failed (38.83)
[2026-01-27 17:54:32] [DEBUG] IRCTC: RSI condition failed (29.55)
[2026-01-27 17:54:32] [DEBUG] IREDA: RSI condition failed (38.38)
[2026-01-27 17:54:32] [DEBUG] IRFC: RSI condition failed (37.05)
[2026-01-27 17:54:32] [DEBUG] ITC: RSI condition failed (15.08)
[2026-01-27 17:54:32] [DEBUG] ITCHOTELS: RSI condition failed (32.79)
[2026-01-27 17:54:32] [DEBUG] ITI: RSI condition failed (29.13)
[2026-01-27 17:54:32] [DEBUG] J&KBANK: RSI condition failed (53.32)
[2026-01-27 17:54:32] [DEBUG] JBCHEPHARM: RSI condition failed (52.75)
[2026-01-27 17:54:32] [DEBUG] JBMA: RSI condition failed (34.60)
[2026-01-27 17:54:32] [DEBUG] JINDALSAW: RSI condition failed (55.39)
[2026-01-27 17:54:32] [DEBUG] JINDALSTEL: RSI condition failed (57.71)
[2026-01-27 17:54:32] [DEBUG] JIOFIN: RSI condition failed (20.19)
[2026-01-27 17:54:32] [DEBUG] JKCEMENT: RSI condition failed (42.31)
[2026-01-27 17:54:32] [DEBUG] JKTYRE: RSI condition failed (56.44)
[2026-01-27 17:54:32] [DEBUG] JMFINANCIL: RSI condition failed (32.83)
[2026-01-27 17:54:32] [DEBUG] JPPOWER: RSI condition failed (22.09)
[2026-01-27 17:54:32] [DEBUG] JSL: RSI condition failed (48.49)
[2026-01-27 17:54:32] [DEBUG] JSWCEMENT: skipped (not enough candles)
[2026-01-27 17:54:32] [DEBUG] JSWENERGY: RSI condition failed (29.20)
[2026-01-27 17:54:32] [DEBUG] JSWINFRA: RSI condition failed (39.89)
[2026-01-27 17:54:32] [DEBUG] JUBLFOOD: RSI condition failed (18.60)
[2026-01-27 17:54:32] [DEBUG] JUBLINGREA: RSI condition failed (32.55)
[2026-01-27 17:54:32] [DEBUG] JUBLPHARMA: RSI condition failed (31.84)
[2026-01-27 17:54:32] [DEBUG] JWL: RSI condition failed (48.65)
[2026-01-27 17:54:32] [DEBUG] JYOTHYLAB: RSI condition failed (24.32)
[2026-01-27 17:54:32] [DEBUG] JYOTICNC: RSI condition failed (20.27)
[2026-01-27 17:54:32] [DEBUG] KAJARIACER: RSI condition failed (26.60)
[2026-01-27 17:54:32] [DEBUG] KALYANKJIL: RSI condition failed (16.88)
[2026-01-27 17:54:32] [DEBUG] KAYNES: RSI condition failed (23.22)
[2026-01-27 17:54:32] [DEBUG] KEC: RSI condition failed (28.10)
[2026-01-27 17:54:32] [DEBUG] KEI: RSI condition failed (28.98)
[2026-01-27 17:54:32] [DEBUG] KFINTECH: RSI condition failed (38.19)
[2026-01-27 17:54:32] [DEBUG] KIMS: RSI condition failed (44.74)
[2026-01-27 17:54:32] [DEBUG] KIRLOSBROS: RSI condition failed (37.32)
[2026-01-27 17:54:32] [DEBUG] KIRLOSENG: RSI condition failed (37.29)
[2026-01-27 17:54:32] [DEBUG] KOTAKBANK: RSI condition failed (34.27)
[2026-01-27 17:54:32] [DEBUG] KPIL: RSI condition failed (36.31)
[2026-01-27 17:54:32] [DEBUG] KPITTECH: RSI condition failed (34.87)
[2026-01-27 17:54:32] [DEBUG] KPRMILL: RSI condition failed (53.51)
[2026-01-27 17:54:32] [DEBUG] KSB: RSI condition failed (34.94)
[2026-01-27 17:54:32] [DEBUG] LALPATHLAB: RSI condition failed (45.10)
[2026-01-27 17:54:32] [DEBUG] LATENTVIEW: RSI condition failed (27.19)
[2026-01-27 17:54:32] [DEBUG] LAURUSLABS: RSI condition failed (39.67)
[2026-01-27 17:54:32] [DEBUG] LEMONTREE: RSI condition failed (25.02)
[2026-01-27 17:54:32] [DEBUG] LICHSGFIN: RSI condition failed (35.16)
[2026-01-27 17:54:32] [DEBUG] LICI: RSI condition failed (33.04)
[2026-01-27 17:54:32] [DEBUG] LINDEINDIA: RSI condition failed (43.44)
[2026-01-27 17:54:32] [DEBUG] LLOYDSME: RSI condition failed (28.14)
[2026-01-27 17:54:32] [DEBUG] LODHA: RSI condition failed (19.04)
[2026-01-27 17:54:32] [DEBUG] LT: RSI condition failed (29.44)
[2026-01-27 17:54:32] [DEBUG] LTF: RSI condition failed (38.55)
[2026-01-27 17:54:32] [DEBUG] LTFOODS: RSI condition failed (38.16)
[2026-01-27 17:54:32] [DEBUG] LTIM: RSI condition failed (42.87)
[2026-01-27 17:54:32] [DEBUG] LTTS: RSI condition failed (27.03)
[2026-01-27 17:54:32] [DEBUG] LUPIN: RSI condition failed (50.33)
[2026-01-27 17:54:32] [DEBUG] M&M: RSI condition failed (25.10)
[2026-01-27 17:54:32] [DEBUG] M&MFIN: RSI condition failed (48.30)
[2026-01-27 17:54:32] [DEBUG] MAHABANK: RSI condition failed (58.19)
[2026-01-27 17:54:32] [DEBUG] MAHSCOOTER: RSI condition failed (35.48)
[2026-01-27 17:54:32] [DEBUG] MAHSEAMLES: RSI condition failed (28.90)
[2026-01-27 17:54:32] [DEBUG] MANAPPURAM: RSI condition failed (45.55)
[2026-01-27 17:54:32] [DEBUG] MANKIND: RSI condition failed (39.45)
[2026-01-27 17:54:32] [DEBUG] MANYAVAR: RSI condition failed (23.71)
[2026-01-27 17:54:32] [DEBUG] MAPMYINDIA: RSI condition failed (19.21)
[2026-01-27 17:54:32] [DEBUG] MARICO: RSI condition failed (47.20)
[2026-01-27 17:54:32] [DEBUG] MARUTI: RSI condition failed (29.23)
[2026-01-27 17:54:32] [DEBUG] MAXHEALTH: RSI condition failed (28.84)
[2026-01-27 17:54:32] [DEBUG] MAZDOCK: RSI condition failed (31.74)
[2026-01-27 17:54:32] [DEBUG] MCX: Close below 30D high
[2026-01-27 17:54:32] [DEBUG] MEDANTA: RSI condition failed (28.03)
[2026-01-27 17:54:32] [DEBUG] METROPOLIS: RSI condition failed (37.13)
[2026-01-27 17:54:32] [DEBUG] MFSL: RSI condition failed (32.78)
[2026-01-27 17:54:32] [DEBUG] MGL: RSI condition failed (35.55)
[2026-01-27 17:54:32] [DEBUG] MINDACORP: RSI condition failed (38.08)
[2026-01-27 17:54:32] [DEBUG] MMTC: RSI condition failed (49.12)
[2026-01-27 17:54:32] [DEBUG] MOTHERSON: RSI condition failed (34.98)
[2026-01-27 17:54:32] [DEBUG] MOTILALOFS: RSI condition failed (29.14)
[2026-01-27 17:54:32] [DEBUG] MPHASIS: RSI condition failed (45.80)
[2026-01-27 17:54:32] [DEBUG] MRF: RSI condition failed (24.49)
[2026-01-27 17:54:32] [DEBUG] MRPL: RSI condition failed (55.98)
[2026-01-27 17:54:32] [DEBUG] MSUMI: RSI condition failed (33.65)
[2026-01-27 17:54:32] [DEBUG] MUTHOOTFIN: RSI condition failed (51.36)
[2026-01-27 17:54:32] [DEBUG] NAM-INDIA: RSI condition failed (34.95)
[2026-01-27 17:54:32] [DEBUG] NATCOPHARM: RSI condition failed (35.72)
[2026-01-27 17:54:32] [DEBUG] NAUKRI: RSI condition failed (37.92)
[2026-01-27 17:54:32] [DEBUG] NAVA: RSI condition failed (38.39)
[2026-01-27 17:54:32] [DEBUG] NAVINFLUOR: RSI condition failed (44.47)
[2026-01-27 17:54:32] [DEBUG] NBCC: RSI condition failed (25.70)
[2026-01-27 17:54:32] [DEBUG] NCC: RSI condition failed (28.73)
[2026-01-27 17:54:32] [DEBUG] NESTLEIND: RSI condition failed (54.59)
[2026-01-27 17:54:32] [DEBUG] NETWEB: RSI condition failed (40.32)
[2026-01-27 17:54:32] [DEBUG] NEULANDLAB: RSI condition failed (26.87)
[2026-01-27 17:54:32] [DEBUG] NEWGEN: RSI condition failed (17.61)
[2026-01-27 17:54:32] [DEBUG] NH: RSI condition failed (30.95)
[2026-01-27 17:54:32] [DEBUG] NHPC: RSI condition failed (33.96)
[2026-01-27 17:54:32] [DEBUG] NIACL: RSI condition failed (31.90)
[2026-01-27 17:54:32] [DEBUG] NIVABUPA: RSI condition failed (50.50)
[2026-01-27 17:54:32] [DEBUG] NLCINDIA: RSI condition failed (39.50)
[2026-01-27 17:54:32] [DEBUG] NMDC: RSI condition failed (44.92)
[2026-01-27 17:54:32] [DEBUG] NSLNISP: RSI condition failed (44.22)
[2026-01-27 17:54:32] [DEBUG] NTPC: RSI condition failed (55.55)
[2026-01-27 17:54:32] [DEBUG] NTPCGREEN: RSI condition failed (41.29)
[2026-01-27 17:54:32] [DEBUG] NUVAMA: RSI condition failed (28.52)
[2026-01-27 17:54:32] [DEBUG] NUVOCO: RSI condition failed (40.59)
[2026-01-27 17:54:32] [DEBUG] NYKAA: RSI condition failed (25.33)
[2026-01-27 17:54:32] [DEBUG] OBEROIRLTY: RSI condition failed (23.12)
[2026-01-27 17:54:32] [DEBUG] OFSS: RSI condition failed (55.61)
[2026-01-27 17:54:32] [DEBUG] OIL: Close below 30D high
[2026-01-27 17:54:32] [DEBUG] OLAELEC: RSI condition failed (30.45)
[2026-01-27 17:54:32] [DEBUG] OLECTRA: RSI condition failed (21.64)
[2026-01-27 17:54:32] [DEBUG] ONESOURCE: RSI condition failed (13.90)
[2026-01-27 17:54:32] [DEBUG] ONGC: RSI condition failed (59.96)
[2026-01-27 17:54:32] [DEBUG] PAGEIND: RSI condition failed (20.35)
[2026-01-27 17:54:32] [DEBUG] PATANJALI: RSI condition failed (29.03)
[2026-01-27 17:54:32] [DEBUG] PAYTM: RSI condition failed (29.56)
[2026-01-27 17:54:32] [DEBUG] PCBL: RSI condition failed (30.86)
[2026-01-27 17:54:32] [DEBUG] PERSISTENT: RSI condition failed (43.17)
[2026-01-27 17:54:32] [DEBUG] PETRONET: RSI condition failed (44.62)
[2026-01-27 17:54:32] [DEBUG] PFC: RSI condition failed (48.59)
[2026-01-27 17:54:32] [DEBUG] PFIZER: RSI condition failed (34.36)
[2026-01-27 17:54:32] [DEBUG] PGEL: RSI condition failed (30.34)
[2026-01-27 17:54:32] [DEBUG] PGHH: RSI condition failed (33.08)
[2026-01-27 17:54:32] [DEBUG] PHOENIXLTD: RSI condition failed (30.11)
[2026-01-27 17:54:32] [DEBUG] PIDILITIND: RSI condition failed (43.46)
[2026-01-27 17:54:32] [DEBUG] PIIND: RSI condition failed (39.05)
[2026-01-27 17:54:32] [DEBUG] PNB: RSI condition failed (44.76)
[2026-01-27 17:54:32] [DEBUG] PNBHOUSING: RSI condition failed (29.33)
[2026-01-27 17:54:32] [DEBUG] POLICYBZR: RSI condition failed (35.20)
[2026-01-27 17:54:32] [DEBUG] POLYCAB: RSI condition failed (31.73)
[2026-01-27 17:54:32] [DEBUG] POLYMED: RSI condition failed (26.73)
[2026-01-27 17:54:32] [DEBUG] POONAWALLA: RSI condition failed (29.62)
[2026-01-27 17:54:32] [DEBUG] POWERGRID: RSI condition failed (37.07)
[2026-01-27 17:54:32] [DEBUG] POWERINDIA: RSI condition failed (35.48)
[2026-01-27 17:54:32] [DEBUG] PPLPHARMA: RSI condition failed (24.66)
[2026-01-27 17:54:32] [DEBUG] PRAJIND: RSI condition failed (28.33)
[2026-01-27 17:54:32] [DEBUG] PREMIERENE: RSI condition failed (34.34)
[2026-01-27 17:54:32] [DEBUG] PRESTIGE: RSI condition failed (24.68)
[2026-01-27 17:54:32] [DEBUG] PTCIL: RSI condition failed (41.35)
[2026-01-27 17:54:32] [DEBUG] PVRINOX: RSI condition failed (33.98)
[2026-01-27 17:54:32] [DEBUG] RADICO: RSI condition failed (43.28)
[2026-01-27 17:54:32] [DEBUG] RAILTEL: RSI condition failed (42.23)
[2026-01-27 17:54:32] [DEBUG] RAINBOW: RSI condition failed (22.54)
[2026-01-27 17:54:32] [DEBUG] RAMCOCEM: RSI condition failed (47.89)
[2026-01-27 17:54:32] [DEBUG] RBLBANK: RSI condition failed (40.55)
[2026-01-27 17:54:32] [DEBUG] RCF: RSI condition failed (34.24)
[2026-01-27 17:54:32] [DEBUG] RECLTD: RSI condition failed (50.22)
[2026-01-27 17:54:32] [DEBUG] REDINGTON: RSI condition failed (34.44)
[2026-01-27 17:54:32] [DEBUG] RELIANCE: RSI condition failed (25.57)
[2026-01-27 17:54:32] [DEBUG] RHIM: RSI condition failed (34.88)
[2026-01-27 17:54:32] [DEBUG] RITES: RSI condition failed (36.79)
[2026-01-27 17:54:32] [DEBUG] RKFORGE: RSI condition failed (48.26)
[2026-01-27 17:54:32] [DEBUG] RPOWER: RSI condition failed (23.59)
[2026-01-27 17:54:32] [DEBUG] RRKABEL: RSI condition failed (29.38)
[2026-01-27 17:54:32] [DEBUG] RVNL: RSI condition failed (43.33)
[2026-01-27 17:54:32] [DEBUG] SAGILITY: RSI condition failed (51.87)
[2026-01-27 17:54:32] [DEBUG] SAILIFE: RSI condition failed (37.50)
[2026-01-27 17:54:32] [DEBUG] SAMMAANCAP: RSI condition failed (38.25)
[2026-01-27 17:54:32] [DEBUG] SAPPHIRE: RSI condition failed (20.40)
[2026-01-27 17:54:32] [DEBUG] SARDAEN: RSI condition failed (42.05)
[2026-01-27 17:54:32] [DEBUG] SAREGAMA: RSI condition failed (35.74)
[2026-01-27 17:54:32] [DEBUG] SBFC: RSI condition failed (30.20)
[2026-01-27 17:54:32] [DEBUG] SBICARD: RSI condition failed (26.05)
[2026-01-27 17:54:32] [DEBUG] SBILIFE: RSI condition failed (48.04)
[2026-01-27 17:54:32] [DEBUG] SBIN: Close below 30D high
[2026-01-27 17:54:32] [DEBUG] SCHAEFFLER: RSI condition failed (40.61)
[2026-01-27 17:54:32] [DEBUG] SCHNEIDER: RSI condition failed (41.75)
[2026-01-27 17:54:32] [DEBUG] SCI: RSI condition failed (43.09)
[2026-01-27 17:54:32] [DEBUG] SHREECEM: RSI condition failed (56.11)
[2026-01-27 17:54:32] [DEBUG] SHRIRAMFIN: Close below 30D high
[2026-01-27 17:54:32] [DEBUG] SHYAMMETL: RSI condition failed (42.13)
[2026-01-27 17:54:32] [DEBUG] SIEMENS: RSI condition failed (36.93)
[2026-01-27 17:54:32] [DEBUG] SIGNATURE: RSI condition failed (11.54)
[2026-01-27 17:54:32] [DEBUG] SJVN: RSI condition failed (38.20)
[2026-01-27 17:54:32] [DEBUG] SOBHA: RSI condition failed (35.08)
[2026-01-27 17:54:32] [DEBUG] SOLARINDS: RSI condition failed (48.62)
[2026-01-27 17:54:32] [DEBUG] SONACOMS: RSI condition failed (58.47)
[2026-01-27 17:54:32] [DEBUG] SONATSOFTW: RSI condition failed (31.05)
[2026-01-27 17:54:32] [DEBUG] SRF: RSI condition failed (26.58)
[2026-01-27 17:54:32] [DEBUG] STARHEALTH: RSI condition failed (30.43)
[2026-01-27 17:54:32] [DEBUG] SUMICHEM: RSI condition failed (35.54)
[2026-01-27 17:54:32] [DEBUG] SUNDARMFIN: RSI condition failed (57.41)
[2026-01-27 17:54:32] [DEBUG] SUNDRMFAST: RSI condition failed (38.31)
[2026-01-27 17:54:32] [DEBUG] SUNPHARMA: RSI condition failed (32.54)
[2026-01-27 17:54:32] [DEBUG] SUNTV: RSI condition failed (38.40)
[2026-01-27 17:54:32] [DEBUG] SUPREMEIND: RSI condition failed (48.27)
[2026-01-27 17:54:32] [DEBUG] SUZLON: RSI condition failed (28.80)
[2026-01-27 17:54:32] [DEBUG] SWANCORP: RSI condition failed (32.30)
[2026-01-27 17:54:32] [DEBUG] SWIGGY: RSI condition failed (21.26)
[2026-01-27 17:54:32] [DEBUG] SYNGENE: RSI condition failed (10.93)
[2026-01-27 17:54:32] [DEBUG] SYRMA: RSI condition failed (34.01)
[2026-01-27 17:54:32] [DEBUG] TARIL: RSI condition failed (31.28)
[2026-01-27 17:54:32] [DEBUG] TATACHEM: RSI condition failed (38.65)
[2026-01-27 17:54:32] [DEBUG] TATACOMM: RSI condition failed (21.89)
[2026-01-27 17:54:32] [DEBUG] TATACONSUM: RSI condition failed (48.09)
[2026-01-27 17:54:32] [DEBUG] TATAELXSI: RSI condition failed (47.78)
[2026-01-27 17:54:32] [DEBUG] TATAINVEST: RSI condition failed (16.62)
[2026-01-27 17:54:32] [DEBUG] TATAPOWER: RSI condition failed (28.03)
[2026-01-27 17:54:32] [DEBUG] TATATECH: RSI condition failed (46.10)
[2026-01-27 17:54:32] [DEBUG] TBOTEK: RSI condition failed (25.64)
[2026-01-27 17:54:32] [DEBUG] TCS: RSI condition failed (43.38)
[2026-01-27 17:54:32] [DEBUG] TECHNOE: RSI condition failed (25.46)
[2026-01-27 17:54:32] [DEBUG] TEJASNET: RSI condition failed (9.35)
[2026-01-27 17:54:32] [DEBUG] THELEELA: skipped (not enough candles)
[2026-01-27 17:54:32] [DEBUG] THERMAX: RSI condition failed (34.92)
[2026-01-27 17:54:32] [DEBUG] TIINDIA: RSI condition failed (20.41)
[2026-01-27 17:54:32] [DEBUG] TIMKEN: RSI condition failed (49.42)
[2026-01-27 17:54:32] [DEBUG] TITAGARH: RSI condition failed (40.19)
[2026-01-27 17:54:32] [DEBUG] TITAN: RSI condition failed (43.34)
[2026-01-27 17:54:32] [DEBUG] TMPV: RSI condition failed (37.42)
[2026-01-27 17:54:32] [DEBUG] TORNTPHARM: RSI condition failed (53.99)
[2026-01-27 17:54:32] [DEBUG] TORNTPOWER: RSI condition failed (46.33)
[2026-01-27 17:54:32] [DEBUG] TRENT: RSI condition failed (33.62)
[2026-01-27 17:54:32] [DEBUG] TRIDENT: RSI condition failed (45.90)
[2026-01-27 17:54:32] [DEBUG] TRITURBINE: RSI condition failed (26.29)
[2026-01-27 17:54:32] [DEBUG] TRIVENI: RSI condition failed (45.72)
[2026-01-27 17:54:32] [DEBUG] TTML: RSI condition failed (26.30)
[2026-01-27 17:54:32] [DEBUG] TVSMOTOR: RSI condition failed (34.79)
[2026-01-27 17:54:32] [DEBUG] UBL: RSI condition failed (14.75)
[2026-01-27 17:54:32] [DEBUG] UCOBANK: RSI condition failed (39.05)
[2026-01-27 17:54:32] [DEBUG] UNIONBANK: Close below 30D high
[2026-01-27 17:54:32] [DEBUG] UNITDSPR: RSI condition failed (34.77)
[2026-01-27 17:54:32] [DEBUG] UNOMINDA: RSI condition failed (33.62)
[2026-01-27 17:54:32] [DEBUG] UPL: RSI condition failed (37.08)
[2026-01-27 17:54:32] [DEBUG] USHAMART: RSI condition failed (33.84)
[2026-01-27 17:54:32] [DEBUG] UTIAMC: RSI condition failed (21.34)
[2026-01-27 17:54:32] [DEBUG] VBL: RSI condition failed (42.10)
[2026-01-27 17:54:32] [DEBUG] VENTIVE: RSI condition failed (40.51)
[2026-01-27 17:54:32] [DEBUG] VGUARD: RSI condition failed (41.93)
[2026-01-27 17:54:32] [DEBUG] VIJAYA: RSI condition failed (40.98)
[2026-01-27 17:54:32] [DEBUG] VMM: RSI condition failed (38.76)
[2026-01-27 17:54:32] [DEBUG] VOLTAS: RSI condition failed (35.87)
[2026-01-27 17:54:32] [DEBUG] VTL: RSI condition failed (46.86)
[2026-01-27 17:54:32] [DEBUG] WAAREEENER: RSI condition failed (44.99)
[2026-01-27 17:54:32] [DEBUG] WELCORP: RSI condition failed (35.38)
[2026-01-27 17:54:32] [DEBUG] WELSPUNLIV: RSI condition failed (50.44)
[2026-01-27 17:54:32] [DEBUG] WHIRLPOOL: RSI condition failed (24.77)
[2026-01-27 17:54:32] [DEBUG] WIPRO: RSI condition failed (29.41)
[2026-01-27 17:54:33] [DEBUG] WOCKPHARMA: RSI condition failed (43.11)
[2026-01-27 17:54:33] [DEBUG] YESBANK: RSI condition failed (35.38)
[2026-01-27 17:54:33] [DEBUG] ZEEL: RSI condition failed (26.32)
[2026-01-27 17:54:33] [DEBUG] ZENSARTECH: RSI condition failed (38.36)
[2026-01-27 17:54:33] [DEBUG] ZENTEC: RSI condition failed (40.59)
[2026-01-27 17:54:33] [DEBUG] ZFCVINDIA: RSI condition failed (40.06)
[2026-01-27 17:54:33] [DEBUG] ZYDUSLIFE: RSI condition failed (43.88)
[2026-01-27 17:54:33] [INFO] Momentum Engine Completed
[2026-01-27 17:54:33] [strategy.log] Momentum engine completed
[2026-01-27 17:54:33] [INFO] Starting Divergence Engine
[2026-01-27 17:54:33] [INFO] Total symbols loaded: 499
[2026-01-27 17:54:33] [DEBUG] 360ONE: no divergence
[2026-01-27 17:54:33] [DEBUG] 3MINDIA: no divergence
[2026-01-27 17:54:33] [DEBUG] AADHARHFC: no divergence
[2026-01-27 17:54:33] [DEBUG] AARTIIND: no divergence
[2026-01-27 17:54:33] [DEBUG] AAVAS: no divergence
[2026-01-27 17:54:33] [DEBUG] ABB: no divergence
[2026-01-27 17:54:33] [INFO] ABBOTINDIA: Divergence stored
[2026-01-27 17:54:33] [DEBUG] ABCAPITAL: no divergence
[2026-01-27 17:54:33] [DEBUG] ABFRL: no divergence
[2026-01-27 17:54:33] [DEBUG] ABLBL: skipped (not enough candles)
[2026-01-27 17:54:33] [DEBUG] ABREL: no divergence
[2026-01-27 17:54:33] [DEBUG] ABSLAMC: no divergence
[2026-01-27 17:54:33] [INFO] ACC: Divergence stored
[2026-01-27 17:54:33] [INFO] ACE: Divergence stored
[2026-01-27 17:54:33] [INFO] ACMESOLAR: Divergence stored
[2026-01-27 17:54:33] [DEBUG] ADANIENSOL: no divergence
[2026-01-27 17:54:33] [INFO] ADANIENT: Divergence stored
[2026-01-27 17:54:33] [DEBUG] ADANIGREEN: no divergence
[2026-01-27 17:54:33] [INFO] ADANIPORTS: Divergence stored
[2026-01-27 17:54:33] [INFO] ADANIPOWER: Divergence stored
[2026-01-27 17:54:33] [DEBUG] AEGISLOG: no divergence
[2026-01-27 17:54:33] [DEBUG] AEGISVOPAK: skipped (not enough candles)
[2026-01-27 17:54:33] [INFO] AFCONS: Divergence stored
[2026-01-27 17:54:33] [DEBUG] AFFLE: no divergence
[2026-01-27 17:54:33] [DEBUG] AGARWALEYE: no divergence
[2026-01-27 17:54:33] [DEBUG] AIAENG: no divergence
[2026-01-27 17:54:33] [INFO] AIIL: Divergence stored
[2026-01-27 17:54:33] [DEBUG] AJANTPHARM: no divergence
[2026-01-27 17:54:33] [DEBUG] AKUMS: no divergence
[2026-01-27 17:54:33] [DEBUG] AKZOINDIA: no divergence
[2026-01-27 17:54:33] [DEBUG] ALKEM: no divergence
[2026-01-27 17:54:33] [DEBUG] ALKYLAMINE: no divergence
[2026-01-27 17:54:33] [INFO] ALOKINDS: Divergence stored
[2026-01-27 17:54:33] [DEBUG] AMBER: no divergence
[2026-01-27 17:54:33] [DEBUG] AMBUJACEM: no divergence
[2026-01-27 17:54:33] [DEBUG] ANANDRATHI: no divergence
[2026-01-27 17:54:33] [INFO] ANANTRAJ: Divergence stored
[2026-01-27 17:54:33] [DEBUG] ANGELONE: no divergence
[2026-01-27 17:54:33] [INFO] APARINDS: Divergence stored
[2026-01-27 17:54:33] [DEBUG] APLAPOLLO: no divergence
[2026-01-27 17:54:33] [INFO] APLLTD: Divergence stored
[2026-01-27 17:54:33] [INFO] APOLLOHOSP: Divergence stored
[2026-01-27 17:54:33] [DEBUG] APOLLOTYRE: no divergence
[2026-01-27 17:54:33] [INFO] APTUS: Divergence stored
[2026-01-27 17:54:33] [DEBUG] ARE&M: no divergence
[2026-01-27 17:54:33] [DEBUG] ASAHIINDIA: no divergence
[2026-01-27 17:54:33] [DEBUG] ASHOKLEY: no divergence
[2026-01-27 17:54:33] [DEBUG] ASIANPAINT: no divergence
[2026-01-27 17:54:33] [INFO] ASTERDM: Divergence stored
[2026-01-27 17:54:33] [DEBUG] ASTRAL: no divergence
[2026-01-27 17:54:33] [DEBUG] ASTRAZEN: no divergence
[2026-01-27 17:54:33] [INFO] ATGL: Divergence stored
[2026-01-27 17:54:33] [DEBUG] ATHERENERG: skipped (not enough candles)
[2026-01-27 17:54:33] [DEBUG] ATUL: no divergence
[2026-01-27 17:54:33] [DEBUG] AUBANK: no divergence
[2026-01-27 17:54:33] [DEBUG] AUROPHARMA: no divergence
[2026-01-27 17:54:33] [DEBUG] AWL: no divergence
[2026-01-27 17:54:33] [DEBUG] AXISBANK: no divergence
[2026-01-27 17:54:33] [DEBUG] BAJAJ-AUTO: no divergence
[2026-01-27 17:54:33] [DEBUG] BAJAJFINSV: no divergence
[2026-01-27 17:54:33] [INFO] BAJAJHFL: Divergence stored
[2026-01-27 17:54:33] [INFO] BAJAJHLDNG: Divergence stored
[2026-01-27 17:54:33] [INFO] BAJFINANCE: Divergence stored
[2026-01-27 17:54:34] [DEBUG] BALKRISIND: no divergence
[2026-01-27 17:54:34] [INFO] BALRAMCHIN: Divergence stored
[2026-01-27 17:54:34] [DEBUG] BANDHANBNK: no divergence
[2026-01-27 17:54:34] [DEBUG] BANKBARODA: no divergence
[2026-01-27 17:54:34] [DEBUG] BANKINDIA: no divergence
[2026-01-27 17:54:34] [INFO] BASF: Divergence stored
[2026-01-27 17:54:34] [DEBUG] BATAINDIA: no divergence
[2026-01-27 17:54:34] [DEBUG] BAYERCROP: no divergence
[2026-01-27 17:54:34] [DEBUG] BBTC: no divergence
[2026-01-27 17:54:34] [DEBUG] BDL: no divergence
[2026-01-27 17:54:34] [DEBUG] BEL: no divergence
[2026-01-27 17:54:34] [INFO] BEML: Divergence stored
[2026-01-27 17:54:34] [DEBUG] BERGEPAINT: no divergence
[2026-01-27 17:54:34] [DEBUG] BHARATFORG: no divergence
[2026-01-27 17:54:34] [DEBUG] BHARTIARTL: no divergence
[2026-01-27 17:54:34] [INFO] BHARTIHEXA: Divergence stored
[2026-01-27 17:54:34] [DEBUG] BHEL: no divergence
[2026-01-27 17:54:34] [DEBUG] BIKAJI: no divergence
[2026-01-27 17:54:34] [DEBUG] BIOCON: no divergence
[2026-01-27 17:54:34] [DEBUG] BLS: no divergence
[2026-01-27 17:54:34] [DEBUG] BLUEDART: no divergence
[2026-01-27 17:54:34] [DEBUG] BLUEJET: no divergence
[2026-01-27 17:54:34] [INFO] BLUESTARCO: Divergence stored
[2026-01-27 17:54:34] [INFO] BOSCHLTD: Divergence stored
[2026-01-27 17:54:34] [DEBUG] BPCL: no divergence
[2026-01-27 17:54:34] [DEBUG] BRIGADE: no divergence
[2026-01-27 17:54:34] [DEBUG] BRITANNIA: no divergence
[2026-01-27 17:54:34] [DEBUG] BSE: no divergence
[2026-01-27 17:54:34] [DEBUG] BSOFT: no divergence
[2026-01-27 17:54:34] [INFO] CAMPUS: Divergence stored
[2026-01-27 17:54:34] [DEBUG] CAMS: no divergence
[2026-01-27 17:54:34] [DEBUG] CANBK: no divergence
[2026-01-27 17:54:34] [DEBUG] CANFINHOME: no divergence
[2026-01-27 17:54:34] [INFO] CAPLIPOINT: Divergence stored
[2026-01-27 17:54:34] [DEBUG] CARBORUNIV: no divergence
[2026-01-27 17:54:34] [DEBUG] CASTROLIND: no divergence
[2026-01-27 17:54:34] [DEBUG] CCL: no divergence
[2026-01-27 17:54:34] [DEBUG] CDSL: no divergence
[2026-01-27 17:54:34] [DEBUG] CEATLTD: no divergence
[2026-01-27 17:54:34] [INFO] CENTRALBK: Divergence stored
[2026-01-27 17:54:34] [INFO] CENTURYPLY: Divergence stored
[2026-01-27 17:54:34] [INFO] CERA: Divergence stored
[2026-01-27 17:54:34] [DEBUG] CESC: no divergence
[2026-01-27 17:54:34] [DEBUG] CGCL: no divergence
[2026-01-27 17:54:34] [INFO] CGPOWER: Divergence stored
[2026-01-27 17:54:34] [DEBUG] CHALET: no divergence
[2026-01-27 17:54:34] [DEBUG] CHAMBLFERT: no divergence
[2026-01-27 17:54:34] [DEBUG] CHENNPETRO: no divergence
[2026-01-27 17:54:34] [DEBUG] CHOICEIN: no divergence
[2026-01-27 17:54:34] [DEBUG] CHOLAFIN: no divergence
[2026-01-27 17:54:34] [DEBUG] CHOLAHLDNG: no divergence
[2026-01-27 17:54:34] [DEBUG] CIPLA: no divergence
[2026-01-27 17:54:34] [INFO] CLEAN: Divergence stored
[2026-01-27 17:54:34] [DEBUG] COALINDIA: no divergence
[2026-01-27 17:54:34] [INFO] COCHINSHIP: Divergence stored
[2026-01-27 17:54:34] [DEBUG] COFORGE: no divergence
[2026-01-27 17:54:34] [DEBUG] COHANCE: no divergence
[2026-01-27 17:54:34] [DEBUG] COLPAL: no divergence
[2026-01-27 17:54:34] [DEBUG] CONCOR: no divergence
[2026-01-27 17:54:34] [INFO] CONCORDBIO: Divergence stored
[2026-01-27 17:54:34] [DEBUG] COROMANDEL: no divergence
[2026-01-27 17:54:35] [DEBUG] CRAFTSMAN: no divergence
[2026-01-27 17:54:35] [DEBUG] CREDITACC: no divergence
[2026-01-27 17:54:35] [DEBUG] CRISIL: no divergence
[2026-01-27 17:54:35] [INFO] CROMPTON: Divergence stored
[2026-01-27 17:54:35] [DEBUG] CUB: no divergence
[2026-01-27 17:54:35] [INFO] CUMMINSIND: Divergence stored
[2026-01-27 17:54:35] [DEBUG] CYIENT: no divergence
[2026-01-27 17:54:35] [DEBUG] DABUR: no divergence
[2026-01-27 17:54:35] [DEBUG] DALBHARAT: no divergence
[2026-01-27 17:54:35] [INFO] DATAPATTNS: Divergence stored
[2026-01-27 17:54:35] [INFO] DBREALTY: Divergence stored
[2026-01-27 17:54:35] [INFO] DCMSHRIRAM: Divergence stored
[2026-01-27 17:54:35] [INFO] DEEPAKFERT: Divergence stored
[2026-01-27 17:54:35] [INFO] DEEPAKNTR: Divergence stored
[2026-01-27 17:54:35] [DEBUG] DELHIVERY: no divergence
[2026-01-27 17:54:35] [DEBUG] DEVYANI: no divergence
[2026-01-27 17:54:35] [INFO] DIVISLAB: Divergence stored
[2026-01-27 17:54:35] [INFO] DIXON: Divergence stored
[2026-01-27 17:54:35] [DEBUG] DLF: no divergence
[2026-01-27 17:54:35] [DEBUG] DMART: no divergence
[2026-01-27 17:54:35] [DEBUG] DOMS: no divergence
[2026-01-27 17:54:35] [DEBUG] DRREDDY: no divergence
[2026-01-27 17:54:35] [DEBUG] ECLERX: no divergence
[2026-01-27 17:54:35] [DEBUG] EICHERMOT: no divergence
[2026-01-27 17:54:35] [DEBUG] EIDPARRY: no divergence
[2026-01-27 17:54:35] [DEBUG] EIHOTEL: no divergence
[2026-01-27 17:54:35] [DEBUG] ELECON: no divergence
[2026-01-27 17:54:35] [INFO] ELGIEQUIP: Divergence stored
[2026-01-27 17:54:35] [DEBUG] EMAMILTD: no divergence
[2026-01-27 17:54:35] [DEBUG] EMCURE: no divergence
[2026-01-27 17:54:35] [DEBUG] ENDURANCE: no divergence
[2026-01-27 17:54:35] [DEBUG] ENGINERSIN: no divergence
[2026-01-27 17:54:35] [DEBUG] ENRIN: skipped (not enough candles)
[2026-01-27 17:54:35] [DEBUG] ERIS: no divergence
[2026-01-27 17:54:35] [DEBUG] ESCORTS: no divergence
[2026-01-27 17:54:35] [INFO] ETERNAL: Divergence stored
[2026-01-27 17:54:35] [INFO] EXIDEIND: Divergence stored
[2026-01-27 17:54:35] [INFO] FACT: Divergence stored
[2026-01-27 17:54:35] [DEBUG] FEDERALBNK: no divergence
[2026-01-27 17:54:35] [INFO] FINCABLES: Divergence stored
[2026-01-27 17:54:35] [DEBUG] FINPIPE: no divergence
[2026-01-27 17:54:35] [INFO] FIRSTCRY: Divergence stored
[2026-01-27 17:54:35] [DEBUG] FIVESTAR: no divergence
[2026-01-27 17:54:35] [DEBUG] FLUOROCHEM: no divergence
[2026-01-27 17:54:35] [DEBUG] FORCEMOT: no divergence
[2026-01-27 17:54:35] [INFO] FORTIS: Divergence stored
[2026-01-27 17:54:35] [DEBUG] FSL: no divergence
[2026-01-27 17:54:35] [INFO] GAIL: Divergence stored
[2026-01-27 17:54:35] [DEBUG] GESHIP: no divergence
[2026-01-27 17:54:35] [DEBUG] GICRE: no divergence
[2026-01-27 17:54:35] [DEBUG] GILLETTE: no divergence
[2026-01-27 17:54:35] [DEBUG] GLAND: no divergence
[2026-01-27 17:54:35] [DEBUG] GLAXO: no divergence
[2026-01-27 17:54:35] [DEBUG] GLENMARK: no divergence
[2026-01-27 17:54:35] [DEBUG] GMDCLTD: no divergence
[2026-01-27 17:54:35] [DEBUG] GMRAIRPORT: no divergence
[2026-01-27 17:54:35] [INFO] GODFRYPHLP: Divergence stored
[2026-01-27 17:54:35] [DEBUG] GODIGIT: no divergence
[2026-01-27 17:54:35] [INFO] GODREJAGRO: Divergence stored
[2026-01-27 17:54:35] [DEBUG] GODREJCP: no divergence
[2026-01-27 17:54:35] [INFO] GODREJIND: Divergence stored
[2026-01-27 17:54:35] [DEBUG] GODREJPROP: no divergence
[2026-01-27 17:54:35] [DEBUG] GPIL: no divergence
[2026-01-27 17:54:35] [DEBUG] GRANULES: no divergence
[2026-01-27 17:54:36] [DEBUG] GRAPHITE: no divergence
[2026-01-27 17:54:36] [DEBUG] GRASIM: no divergence
[2026-01-27 17:54:36] [DEBUG] GRAVITA: no divergence
[2026-01-27 17:54:36] [DEBUG] GRSE: no divergence
[2026-01-27 17:54:36] [DEBUG] GSPL: no divergence
[2026-01-27 17:54:36] [DEBUG] GUJGASLTD: no divergence
[2026-01-27 17:54:36] [DEBUG] GVT&D: no divergence
[2026-01-27 17:54:36] [DEBUG] HAL: no divergence
[2026-01-27 17:54:36] [DEBUG] HAPPSTMNDS: no divergence
[2026-01-27 17:54:36] [DEBUG] HAVELLS: no divergence
[2026-01-27 17:54:36] [INFO] HBLENGINE: Divergence stored
[2026-01-27 17:54:36] [DEBUG] HCLTECH: no divergence
[2026-01-27 17:54:36] [INFO] HDFCAMC: Divergence stored
[2026-01-27 17:54:36] [INFO] HDFCBANK: Divergence stored
[2026-01-27 17:54:36] [DEBUG] HDFCLIFE: no divergence
[2026-01-27 17:54:36] [DEBUG] HEG: no divergence
[2026-01-27 17:54:36] [DEBUG] HEROMOTOCO: no divergence
[2026-01-27 17:54:36] [DEBUG] HEXT: no divergence
[2026-01-27 17:54:36] [INFO] HFCL: Divergence stored
[2026-01-27 17:54:36] [DEBUG] HINDALCO: no divergence
[2026-01-27 17:54:36] [DEBUG] HINDCOPPER: no divergence
[2026-01-27 17:54:36] [DEBUG] HINDPETRO: no divergence
[2026-01-27 17:54:36] [DEBUG] HINDUNILVR: no divergence
[2026-01-27 17:54:36] [DEBUG] HINDZINC: no divergence
[2026-01-27 17:54:36] [DEBUG] HOMEFIRST: no divergence
[2026-01-27 17:54:36] [DEBUG] HONASA: no divergence
[2026-01-27 17:54:36] [INFO] HONAUT: Divergence stored
[2026-01-27 17:54:36] [DEBUG] HSCL: no divergence
[2026-01-27 17:54:36] [DEBUG] HUDCO: no divergence
[2026-01-27 17:54:36] [INFO] HYUNDAI: Divergence stored
[2026-01-27 17:54:36] [DEBUG] ICICIBANK: no divergence
[2026-01-27 17:54:36] [DEBUG] ICICIGI: no divergence
[2026-01-27 17:54:36] [DEBUG] ICICIPRULI: no divergence
[2026-01-27 17:54:36] [DEBUG] IDBI: no divergence
[2026-01-27 17:54:36] [DEBUG] IDEA: no divergence
[2026-01-27 17:54:36] [DEBUG] IDFCFIRSTB: no divergence
[2026-01-27 17:54:36] [INFO] IEX: Divergence stored
[2026-01-27 17:54:36] [DEBUG] IFCI: no divergence
[2026-01-27 17:54:36] [DEBUG] IGIL: no divergence
[2026-01-27 17:54:36] [INFO] IGL: Divergence stored
[2026-01-27 17:54:36] [DEBUG] IIFL: no divergence
[2026-01-27 17:54:36] [DEBUG] IKS: no divergence
[2026-01-27 17:54:36] [DEBUG] INDGN: no divergence
[2026-01-27 17:54:36] [DEBUG] INDHOTEL: no divergence
[2026-01-27 17:54:36] [DEBUG] INDIACEM: no divergence
[2026-01-27 17:54:36] [DEBUG] INDIAMART: no divergence
[2026-01-27 17:54:36] [DEBUG] INDIANB: no divergence
[2026-01-27 17:54:36] [INFO] INDIGO: Divergence stored
[2026-01-27 17:54:36] [DEBUG] INDUSINDBK: no divergence
[2026-01-27 17:54:36] [DEBUG] INDUSTOWER: no divergence
[2026-01-27 17:54:36] [DEBUG] INFY: no divergence
[2026-01-27 17:54:36] [INFO] INOXINDIA: Divergence stored
[2026-01-27 17:54:36] [INFO] INOXWIND: Divergence stored
[2026-01-27 17:54:36] [INFO] INTELLECT: Divergence stored
[2026-01-27 17:54:36] [INFO] IOB: Divergence stored
[2026-01-27 17:54:36] [DEBUG] IOC: no divergence
[2026-01-27 17:54:36] [DEBUG] IPCALAB: no divergence
[2026-01-27 17:54:36] [INFO] IRB: Divergence stored
[2026-01-27 17:54:36] [DEBUG] IRCON: no divergence
[2026-01-27 17:54:36] [INFO] IRCTC: Divergence stored
[2026-01-27 17:54:36] [INFO] IREDA: Divergence stored
[2026-01-27 17:54:36] [DEBUG] IRFC: no divergence
[2026-01-27 17:54:37] [INFO] ITC: Divergence stored
[2026-01-27 17:54:37] [INFO] ITCHOTELS: Divergence stored
[2026-01-27 17:54:37] [DEBUG] ITI: no divergence
[2026-01-27 17:54:37] [DEBUG] J&KBANK: no divergence
[2026-01-27 17:54:37] [DEBUG] JBCHEPHARM: no divergence
[2026-01-27 17:54:37] [INFO] JBMA: Divergence stored
[2026-01-27 17:54:37] [DEBUG] JINDALSAW: no divergence
[2026-01-27 17:54:37] [DEBUG] JINDALSTEL: no divergence
[2026-01-27 17:54:37] [DEBUG] JIOFIN: no divergence
[2026-01-27 17:54:37] [DEBUG] JKCEMENT: no divergence
[2026-01-27 17:54:37] [DEBUG] JKTYRE: no divergence
[2026-01-27 17:54:37] [INFO] JMFINANCIL: Divergence stored
[2026-01-27 17:54:37] [DEBUG] JPPOWER: no divergence
[2026-01-27 17:54:37] [DEBUG] JSL: no divergence
[2026-01-27 17:54:37] [DEBUG] JSWCEMENT: skipped (not enough candles)
[2026-01-27 17:54:37] [INFO] JSWENERGY: Divergence stored
[2026-01-27 17:54:37] [INFO] JSWINFRA: Divergence stored
[2026-01-27 17:54:37] [DEBUG] JSWSTEEL: no divergence
[2026-01-27 17:54:37] [DEBUG] JUBLFOOD: no divergence
[2026-01-27 17:54:37] [DEBUG] JUBLINGREA: no divergence
[2026-01-27 17:54:37] [DEBUG] JUBLPHARMA: no divergence
[2026-01-27 17:54:37] [DEBUG] JWL: no divergence
[2026-01-27 17:54:37] [INFO] JYOTHYLAB: Divergence stored
[2026-01-27 17:54:37] [DEBUG] JYOTICNC: no divergence
[2026-01-27 17:54:37] [INFO] KAJARIACER: Divergence stored
[2026-01-27 17:54:37] [DEBUG] KALYANKJIL: no divergence
[2026-01-27 17:54:37] [DEBUG] KARURVYSYA: no divergence
[2026-01-27 17:54:37] [INFO] KAYNES: Divergence stored
[2026-01-27 17:54:37] [INFO] KEC: Divergence stored
[2026-01-27 17:54:37] [DEBUG] KEI: no divergence
[2026-01-27 17:54:37] [DEBUG] KFINTECH: no divergence
[2026-01-27 17:54:37] [DEBUG] KIMS: no divergence
[2026-01-27 17:54:37] [INFO] KIRLOSBROS: Divergence stored
[2026-01-27 17:54:37] [DEBUG] KIRLOSENG: no divergence
[2026-01-27 17:54:37] [DEBUG] KOTAKBANK: no divergence
[2026-01-27 17:54:37] [INFO] KPIL: Divergence stored
[2026-01-27 17:54:37] [DEBUG] KPITTECH: no divergence
[2026-01-27 17:54:37] [DEBUG] KPRMILL: no divergence
[2026-01-27 17:54:37] [INFO] KSB: Divergence stored
[2026-01-27 17:54:37] [DEBUG] LALPATHLAB: no divergence
[2026-01-27 17:54:37] [DEBUG] LATENTVIEW: no divergence
[2026-01-27 17:54:37] [DEBUG] LAURUSLABS: no divergence
[2026-01-27 17:54:37] [INFO] LEMONTREE: Divergence stored
[2026-01-27 17:54:37] [INFO] LICHSGFIN: Divergence stored
[2026-01-27 17:54:37] [INFO] LICI: Divergence stored
[2026-01-27 17:54:37] [DEBUG] LINDEINDIA: no divergence
[2026-01-27 17:54:37] [INFO] LLOYDSME: Divergence stored
[2026-01-27 17:54:37] [DEBUG] LODHA: no divergence
[2026-01-27 17:54:37] [INFO] LT: Divergence stored
[2026-01-27 17:54:37] [DEBUG] LTF: no divergence
[2026-01-27 17:54:37] [INFO] LTFOODS: Divergence stored
[2026-01-27 17:54:37] [DEBUG] LTIM: no divergence
[2026-01-27 17:54:37] [INFO] LTTS: Divergence stored
[2026-01-27 17:54:37] [DEBUG] LUPIN: no divergence
[2026-01-27 17:54:37] [DEBUG] M&M: no divergence
[2026-01-27 17:54:37] [DEBUG] M&MFIN: no divergence
[2026-01-27 17:54:37] [DEBUG] MAHABANK: no divergence
[2026-01-27 17:54:37] [DEBUG] MAHSCOOTER: no divergence
[2026-01-27 17:54:37] [INFO] MAHSEAMLES: Divergence stored
[2026-01-27 17:54:37] [DEBUG] MANAPPURAM: no divergence
[2026-01-27 17:54:37] [INFO] MANKIND: Divergence stored
[2026-01-27 17:54:37] [INFO] MANYAVAR: Divergence stored
[2026-01-27 17:54:38] [DEBUG] MAPMYINDIA: no divergence
[2026-01-27 17:54:38] [DEBUG] MARICO: no divergence
[2026-01-27 17:54:38] [DEBUG] MARUTI: no divergence
[2026-01-27 17:54:38] [INFO] MAXHEALTH: Divergence stored
[2026-01-27 17:54:38] [INFO] MAZDOCK: Divergence stored
[2026-01-27 17:54:38] [DEBUG] MCX: no divergence
[2026-01-27 17:54:38] [INFO] MEDANTA: Divergence stored
[2026-01-27 17:54:38] [INFO] METROPOLIS: Divergence stored
[2026-01-27 17:54:38] [DEBUG] MFSL: no divergence
[2026-01-27 17:54:38] [INFO] MGL: Divergence stored
[2026-01-27 17:54:38] [INFO] MINDACORP: Divergence stored
[2026-01-27 17:54:38] [DEBUG] MMTC: no divergence
[2026-01-27 17:54:38] [DEBUG] MOTHERSON: no divergence
[2026-01-27 17:54:38] [INFO] MOTILALOFS: Divergence stored
[2026-01-27 17:54:38] [DEBUG] MPHASIS: no divergence
[2026-01-27 17:54:38] [DEBUG] MRF: no divergence
[2026-01-27 17:54:38] [DEBUG] MRPL: no divergence
[2026-01-27 17:54:38] [DEBUG] MSUMI: no divergence
[2026-01-27 17:54:38] [DEBUG] MUTHOOTFIN: no divergence
[2026-01-27 17:54:38] [DEBUG] NAM-INDIA: no divergence
[2026-01-27 17:54:38] [DEBUG] NATCOPHARM: no divergence
[2026-01-27 17:54:38] [DEBUG] NATIONALUM: no divergence
[2026-01-27 17:54:38] [DEBUG] NAUKRI: no divergence
[2026-01-27 17:54:38] [DEBUG] NAVA: no divergence
[2026-01-27 17:54:38] [DEBUG] NAVINFLUOR: no divergence
[2026-01-27 17:54:38] [DEBUG] NBCC: no divergence
[2026-01-27 17:54:38] [INFO] NCC: Divergence stored
[2026-01-27 17:54:38] [DEBUG] NESTLEIND: no divergence
[2026-01-27 17:54:38] [DEBUG] NETWEB: no divergence
[2026-01-27 17:54:38] [DEBUG] NEULANDLAB: no divergence
[2026-01-27 17:54:38] [DEBUG] NEWGEN: no divergence
[2026-01-27 17:54:38] [DEBUG] NH: no divergence
[2026-01-27 17:54:38] [DEBUG] NHPC: no divergence
[2026-01-27 17:54:38] [INFO] NIACL: Divergence stored
[2026-01-27 17:54:38] [DEBUG] NIVABUPA: no divergence
[2026-01-27 17:54:38] [DEBUG] NLCINDIA: no divergence
[2026-01-27 17:54:38] [DEBUG] NMDC: no divergence
[2026-01-27 17:54:38] [DEBUG] NSLNISP: no divergence
[2026-01-27 17:54:38] [DEBUG] NTPC: no divergence
[2026-01-27 17:54:38] [DEBUG] NTPCGREEN: no divergence
[2026-01-27 17:54:38] [DEBUG] NUVAMA: no divergence
[2026-01-27 17:54:38] [DEBUG] NUVOCO: no divergence
[2026-01-27 17:54:38] [DEBUG] NYKAA: no divergence
[2026-01-27 17:54:38] [DEBUG] OBEROIRLTY: no divergence
[2026-01-27 17:54:38] [DEBUG] OFSS: no divergence
[2026-01-27 17:54:38] [DEBUG] OIL: no divergence
[2026-01-27 17:54:38] [DEBUG] OLAELEC: no divergence
[2026-01-27 17:54:38] [INFO] OLECTRA: Divergence stored
[2026-01-27 17:54:38] [DEBUG] ONESOURCE: no divergence
[2026-01-27 17:54:38] [DEBUG] ONGC: no divergence
[2026-01-27 17:54:38] [DEBUG] PAGEIND: no divergence
[2026-01-27 17:54:38] [INFO] PATANJALI: Divergence stored
[2026-01-27 17:54:38] [DEBUG] PAYTM: no divergence
[2026-01-27 17:54:38] [INFO] PCBL: Divergence stored
[2026-01-27 17:54:38] [DEBUG] PERSISTENT: no divergence
[2026-01-27 17:54:38] [DEBUG] PETRONET: no divergence
[2026-01-27 17:54:38] [DEBUG] PFC: no divergence
[2026-01-27 17:54:38] [INFO] PFIZER: Divergence stored
[2026-01-27 17:54:38] [DEBUG] PGEL: no divergence
[2026-01-27 17:54:38] [INFO] PGHH: Divergence stored
[2026-01-27 17:54:38] [DEBUG] PHOENIXLTD: no divergence
[2026-01-27 17:54:38] [DEBUG] PIDILITIND: no divergence
[2026-01-27 17:54:39] [INFO] PIIND: Divergence stored
[2026-01-27 17:54:39] [DEBUG] PNB: no divergence
[2026-01-27 17:54:39] [DEBUG] PNBHOUSING: no divergence
[2026-01-27 17:54:39] [DEBUG] POLICYBZR: no divergence
[2026-01-27 17:54:39] [INFO] POLYCAB: Divergence stored
[2026-01-27 17:54:39] [INFO] POLYMED: Divergence stored
[2026-01-27 17:54:39] [DEBUG] POONAWALLA: no divergence
[2026-01-27 17:54:39] [INFO] POWERGRID: Divergence stored
[2026-01-27 17:54:39] [DEBUG] POWERINDIA: no divergence
[2026-01-27 17:54:39] [INFO] PPLPHARMA: Divergence stored
[2026-01-27 17:54:39] [INFO] PRAJIND: Divergence stored
[2026-01-27 17:54:39] [INFO] PREMIERENE: Divergence stored
[2026-01-27 17:54:39] [DEBUG] PRESTIGE: no divergence
[2026-01-27 17:54:39] [DEBUG] PTCIL: no divergence
[2026-01-27 17:54:39] [INFO] PVRINOX: Divergence stored
[2026-01-27 17:54:39] [DEBUG] RADICO: no divergence
[2026-01-27 17:54:39] [DEBUG] RAILTEL: no divergence
[2026-01-27 17:54:39] [DEBUG] RAINBOW: no divergence
[2026-01-27 17:54:39] [DEBUG] RAMCOCEM: no divergence
[2026-01-27 17:54:39] [DEBUG] RBLBANK: no divergence
[2026-01-27 17:54:39] [INFO] RCF: Divergence stored
[2026-01-27 17:54:39] [DEBUG] RECLTD: no divergence
[2026-01-27 17:54:39] [DEBUG] REDINGTON: no divergence
[2026-01-27 17:54:39] [DEBUG] RELIANCE: no divergence
[2026-01-27 17:54:39] [DEBUG] RHIM: no divergence
[2026-01-27 17:54:39] [INFO] RITES: Divergence stored
[2026-01-27 17:54:39] [DEBUG] RKFORGE: no divergence
[2026-01-27 17:54:39] [DEBUG] RPOWER: no divergence
[2026-01-27 17:54:39] [DEBUG] RRKABEL: no divergence
[2026-01-27 17:54:39] [DEBUG] RVNL: no divergence
[2026-01-27 17:54:39] [DEBUG] SAGILITY: no divergence
[2026-01-27 17:54:39] [DEBUG] SAIL: no divergence
[2026-01-27 17:54:39] [DEBUG] SAILIFE: no divergence
[2026-01-27 17:54:39] [INFO] SAMMAANCAP: Divergence stored
[2026-01-27 17:54:39] [DEBUG] SAPPHIRE: no divergence
[2026-01-27 17:54:39] [DEBUG] SARDAEN: no divergence
[2026-01-27 17:54:39] [INFO] SAREGAMA: Divergence stored
[2026-01-27 17:54:39] [DEBUG] SBFC: no divergence
[2026-01-27 17:54:39] [DEBUG] SBICARD: no divergence
[2026-01-27 17:54:39] [DEBUG] SBILIFE: no divergence
[2026-01-27 17:54:39] [DEBUG] SBIN: no divergence
[2026-01-27 17:54:39] [DEBUG] SCHAEFFLER: no divergence
[2026-01-27 17:54:39] [DEBUG] SCHNEIDER: no divergence
[2026-01-27 17:54:39] [DEBUG] SCI: no divergence
[2026-01-27 17:54:39] [DEBUG] SHREECEM: no divergence
[2026-01-27 17:54:39] [DEBUG] SHRIRAMFIN: no divergence
[2026-01-27 17:54:39] [DEBUG] SHYAMMETL: no divergence
[2026-01-27 17:54:39] [INFO] SIEMENS: Divergence stored
[2026-01-27 17:54:39] [DEBUG] SIGNATURE: no divergence
[2026-01-27 17:54:39] [INFO] SJVN: Divergence stored
[2026-01-27 17:54:39] [INFO] SOBHA: Divergence stored
[2026-01-27 17:54:39] [DEBUG] SOLARINDS: no divergence
[2026-01-27 17:54:39] [DEBUG] SONACOMS: no divergence
[2026-01-27 17:54:39] [DEBUG] SONATSOFTW: no divergence
[2026-01-27 17:54:39] [DEBUG] SRF: no divergence
[2026-01-27 17:54:39] [INFO] STARHEALTH: Divergence stored
[2026-01-27 17:54:39] [INFO] SUMICHEM: Divergence stored
[2026-01-27 17:54:39] [DEBUG] SUNDARMFIN: no divergence
[2026-01-27 17:54:39] [DEBUG] SUNDRMFAST: no divergence
[2026-01-27 17:54:39] [DEBUG] SUNPHARMA: no divergence
[2026-01-27 17:54:39] [DEBUG] SUNTV: no divergence
[2026-01-27 17:54:39] [DEBUG] SUPREMEIND: no divergence
[2026-01-27 17:54:40] [INFO] SUZLON: Divergence stored
[2026-01-27 17:54:40] [INFO] SWANCORP: Divergence stored
[2026-01-27 17:54:40] [DEBUG] SWIGGY: no divergence
[2026-01-27 17:54:40] [DEBUG] SYNGENE: no divergence
[2026-01-27 17:54:40] [INFO] SYRMA: Divergence stored
[2026-01-27 17:54:40] [INFO] TARIL: Divergence stored
[2026-01-27 17:54:40] [INFO] TATACHEM: Divergence stored
[2026-01-27 17:54:40] [DEBUG] TATACOMM: no divergence
[2026-01-27 17:54:40] [DEBUG] TATACONSUM: no divergence
[2026-01-27 17:54:40] [DEBUG] TATAELXSI: no divergence
[2026-01-27 17:54:40] [DEBUG] TATAINVEST: no divergence
[2026-01-27 17:54:40] [DEBUG] TATAPOWER: no divergence
[2026-01-27 17:54:40] [DEBUG] TATASTEEL: no divergence
[2026-01-27 17:54:40] [DEBUG] TATATECH: no divergence
[2026-01-27 17:54:40] [DEBUG] TBOTEK: no divergence
[2026-01-27 17:54:40] [DEBUG] TCS: no divergence
[2026-01-27 17:54:40] [DEBUG] TECHM: no divergence
[2026-01-27 17:54:40] [INFO] TECHNOE: Divergence stored
[2026-01-27 17:54:40] [DEBUG] TEJASNET: no divergence
[2026-01-27 17:54:40] [DEBUG] THELEELA: skipped (not enough candles)
[2026-01-27 17:54:40] [DEBUG] THERMAX: no divergence
[2026-01-27 17:54:40] [INFO] TIINDIA: Divergence stored
[2026-01-27 17:54:40] [DEBUG] TIMKEN: no divergence
[2026-01-27 17:54:40] [DEBUG] TITAGARH: no divergence
[2026-01-27 17:54:40] [DEBUG] TITAN: no divergence
[2026-01-27 17:54:40] [INFO] TMPV: Divergence stored
[2026-01-27 17:54:40] [DEBUG] TORNTPHARM: no divergence
[2026-01-27 17:54:40] [DEBUG] TORNTPOWER: no divergence
[2026-01-27 17:54:40] [INFO] TRENT: Divergence stored
[2026-01-27 17:54:40] [DEBUG] TRIDENT: no divergence
[2026-01-27 17:54:40] [INFO] TRITURBINE: Divergence stored
[2026-01-27 17:54:40] [DEBUG] TRIVENI: no divergence
[2026-01-27 17:54:40] [INFO] TTML: Divergence stored
[2026-01-27 17:54:40] [DEBUG] TVSMOTOR: no divergence
[2026-01-27 17:54:40] [DEBUG] UBL: no divergence
[2026-01-27 17:54:40] [DEBUG] UCOBANK: no divergence
[2026-01-27 17:54:40] [DEBUG] ULTRACEMCO: no divergence
[2026-01-27 17:54:40] [DEBUG] UNIONBANK: no divergence
[2026-01-27 17:54:40] [INFO] UNITDSPR: Divergence stored
[2026-01-27 17:54:40] [INFO] UNOMINDA: Divergence stored
[2026-01-27 17:54:40] [DEBUG] UPL: no divergence
[2026-01-27 17:54:40] [INFO] USHAMART: Divergence stored
[2026-01-27 17:54:40] [DEBUG] UTIAMC: no divergence
[2026-01-27 17:54:40] [DEBUG] VBL: no divergence
[2026-01-27 17:54:40] [DEBUG] VEDL: no divergence
[2026-01-27 17:54:40] [DEBUG] VENTIVE: no divergence
[2026-01-27 17:54:40] [DEBUG] VGUARD: no divergence
[2026-01-27 17:54:40] [DEBUG] VIJAYA: no divergence
[2026-01-27 17:54:40] [INFO] VMM: Divergence stored
[2026-01-27 17:54:40] [DEBUG] VOLTAS: no divergence
[2026-01-27 17:54:40] [DEBUG] VTL: no divergence
[2026-01-27 17:54:40] [DEBUG] WAAREEENER: no divergence
[2026-01-27 17:54:40] [INFO] WELCORP: Divergence stored
[2026-01-27 17:54:40] [DEBUG] WELSPUNLIV: no divergence
[2026-01-27 17:54:40] [INFO] WHIRLPOOL: Divergence stored
[2026-01-27 17:54:40] [DEBUG] WIPRO: no divergence
[2026-01-27 17:54:40] [DEBUG] WOCKPHARMA: no divergence
[2026-01-27 17:54:40] [DEBUG] YESBANK: no divergence
[2026-01-27 17:54:40] [INFO] ZEEL: Divergence stored
[2026-01-27 17:54:40] [INFO] ZENSARTECH: Divergence stored
[2026-01-27 17:54:40] [DEBUG] ZENTEC: no divergence
[2026-01-27 17:54:40] [DEBUG] ZFCVINDIA: no divergence
[2026-01-27 17:54:40] [DEBUG] ZYDUSLIFE: no divergence
[2026-01-27 17:54:40] [INFO] Divergence Engine Completed
[2026-01-27 17:54:40] [strategy.log] Divergence engine completed
[2026-01-27 17:54:40] [strategy.log] Strategy engine completed
[2026-01-27 21:14:15] [strategy.log] Strategy engine started
[2026-01-27 21:14:16] [strategy.log] Market data updated
