[2026-01-30 03:17:08] === MAIN ENGINE STARTED ===
[2026-01-30 03:17:08] Telegram Enabled Flag : False
[2026-01-30 03:17:08] Telegram Available    : False
[2026-01-30 03:17:08] Running Momentum Engine
[2026-01-30 03:17:09] Momentum Engine Completed
[2026-01-30 03:17:09] Running Divergence Engine
[2026-01-30 03:17:16] Divergence Engine Completed
[2026-01-30 03:17:16] Generated message length: 2688 chars
[2026-01-30 03:17:16] Telegram message SKIPPED
[2026-01-30 03:19:03] === MAIN ENGINE STARTED ===
[2026-01-30 03:19:03] Telegram Enabled Flag : False
[2026-01-30 03:19:03] Running Momentum Engine
[2026-01-30 03:19:05] Momentum Engine Completed
[2026-01-30 03:19:05] Running Divergence Engine
[2026-01-30 03:19:12] Divergence Engine Completed
[2026-01-30 03:19:12] Generated message length: 2024 chars
[2026-01-30 03:19:12] Telegram message SKIPPED
[2026-01-30 03:19:12] Excel exported
[2026-01-30 03:19:12] === MAIN ENGINE COMPLETED CLEANLY ===
[2026-01-30 03:19:42] === MAIN ENGINE STARTED ===
[2026-01-30 03:19:42] Telegram Enabled Flag : True
[2026-01-30 03:19:42] Running Momentum Engine
[2026-01-30 03:19:43] Momentum Engine Completed
[2026-01-30 03:19:43] Running Divergence Engine
[2026-01-30 03:19:50] Divergence Engine Completed
[2026-01-30 03:19:50] Generated message length: 2024 chars
[2026-01-30 03:19:50] Telegram message SKIPPED
[2026-01-30 03:19:50] Excel exported
[2026-01-30 03:19:50] === MAIN ENGINE COMPLETED CLEANLY ===
[2026-01-30 03:26:52] === MAIN ENGINE STARTED ===
[2026-01-30 03:26:52] Telegram Enabled Flag : True
[2026-01-30 03:26:52] Running Momentum Engine
[2026-01-30 03:26:54] Momentum Engine Completed
[2026-01-30 03:26:54] Running Divergence Engine
[2026-01-30 03:27:01] Divergence Engine Completed
[2026-01-30 03:27:01] Generated message length: 2022 chars
[2026-01-30 03:27:02] Telegram message SENT
[2026-01-30 03:27:02] Excel exported
[2026-01-30 03:27:02] === MAIN ENGINE COMPLETED CLEANLY ===
[2026-01-30 03:32:14] === MAIN ENGINE STARTED ===
[2026-01-30 03:32:14] Telegram Enabled : True
[2026-01-30 03:32:14] Running Momentum Engine
[2026-01-30 03:32:14] Momentum Engine Completed
[2026-01-30 03:32:14] Running Divergence Engine
[2026-01-30 03:32:14] Divergence Engine Completed
[2026-01-30 03:32:14] Telegram message SENT
[2026-01-30 03:32:14] Telegram message SENT
[2026-01-30 03:32:14] Telegram message SENT
[2026-01-30 03:32:14] Telegram message SENT
[2026-01-30 03:32:14] Excel exported
[2026-01-30 03:32:14] === MAIN ENGINE COMPLETED CLEANLY ===
[2026-01-31 02:56:14] === MAIN ENGINE STARTED ===
[2026-01-31 02:56:14] Telegram Enabled : True
[2026-01-31 02:56:14] Running Momentum Engine
[2026-01-31 02:56:14] Momentum Engine Completed
[2026-01-31 02:56:14] Running Divergence Engine
[2026-01-31 02:56:14] Divergence Engine Completed
[2026-01-31 02:56:14] Telegram message SENT
[2026-01-31 02:56:14] Excel exported
[2026-01-31 02:56:14] === MAIN ENGINE COMPLETED CLEANLY ===
[2026-01-31 14:10:34] === MAIN ENGINE STARTED ===
[2026-01-31 14:10:34] Telegram Enabled : True
[2026-01-31 14:10:34] Running Momentum Engine
[2026-01-31 14:10:34] Momentum Engine Completed
[2026-01-31 14:10:34] Running Divergence Engine
[2026-01-31 14:10:34] Divergence Engine Completed
[2026-01-31 14:10:34] Telegram message SENT
[2026-01-31 14:10:34] Excel exported
[2026-01-31 14:10:34] === MAIN ENGINE COMPLETED CLEANLY ===
[2026-02-01 00:11:30] === MAIN ENGINE STARTED ===
[2026-02-01 00:11:30] Telegram Enabled : False
[2026-02-01 00:11:30] Running Momentum Engine
[2026-02-01 00:11:30] Momentum Engine Completed
[2026-02-01 00:11:30] Running Divergence Engine
[2026-02-01 00:11:30] Divergence Engine Completed
[2026-02-01 00:11:30] Telegram message SKIPPED
[2026-02-01 00:11:30] Excel exported
[2026-02-01 00:11:30] === MAIN ENGINE COMPLETED CLEANLY ===
[2026-02-01 00:37:39] === MAIN ENGINE STARTED ===
[2026-02-01 00:37:39] Telegram Enabled : False
[2026-02-01 00:37:39] Running Momentum Engine
[2026-02-01 00:37:42] Momentum Engine Completed
[2026-02-01 00:37:42] Running Divergence Engine
[2026-02-01 00:37:50] Divergence Engine Completed
[2026-02-01 00:37:50] Telegram message SKIPPED
[2026-02-01 00:37:51] Excel exported
[2026-02-01 00:37:51] === MAIN ENGINE COMPLETED CLEANLY ===
[2026-02-01 00:38:20] === MAIN ENGINE STARTED ===
[2026-02-01 00:38:20] Telegram Enabled : False
[2026-02-01 00:38:20] Running Momentum Engine
[2026-02-01 00:38:22] Momentum Engine Completed
[2026-02-01 00:38:22] Running Divergence Engine
[2026-02-01 00:38:34] Divergence Engine Completed
[2026-02-01 00:38:34] Telegram message SKIPPED
[2026-02-01 00:38:34] Excel exported
[2026-02-01 00:38:34] === MAIN ENGINE COMPLETED CLEANLY ===
[2026-02-01 00:43:24] === MAIN ENGINE STARTED ===
[2026-02-01 00:43:24] Telegram Enabled : False
[2026-02-01 00:45:45] === MAIN ENGINE STARTED ===
[2026-02-01 00:45:45] Telegram Enabled : False
[2026-02-01 00:45:45] ▶ Running Momentum Engine
[2026-02-01 00:45:49] ✔ Momentum Engine Completed
[2026-02-01 00:45:49] ▶ Running Divergence Engine
[2026-02-01 00:45:57] ✔ Divergence Engine Completed
[2026-02-01 00:45:57] Loading strategy databases
[2026-02-01 00:45:57] Momentum NEW setups today   : 13
[2026-02-01 00:45:57] Divergence NEW setups today : 0
[2026-02-01 00:45:57] Telegram message SKIPPED (dry run)
[2026-02-01 00:45:57] Exporting Excel summary
[2026-02-01 00:45:57] Excel exported successfully
[2026-02-01 00:45:57] === MAIN ENGINE COMPLETED CLEANLY ===
[2026-02-01 00:59:43] === MAIN ENGINE STARTED ===
[2026-02-01 00:59:43] ✅ Zerodha already logged in
[2026-02-01 00:59:48] 📊 MARKET OHLC UPDATE STARTED
[2026-02-01 00:59:48] NIFTY 500 universe size: 501
[2026-02-01 01:01:38] ✅ OHLC update completed | Symbols updated: 0
[2026-02-01 01:01:44] Telegram Enabled: False
[2026-02-01 01:01:44] ▶ Running Momentum Engine
[2026-02-01 01:01:47] ✔ Momentum Engine Completed
[2026-02-01 01:01:47] ▶ Running Divergence Engine
[2026-02-01 01:01:53] ✔ Divergence Engine Completed
[2026-02-01 01:01:53] Telegram messages SKIPPED
[2026-02-01 01:01:53] === MAIN ENGINE COMPLETED CLEANLY ===
[2026-02-01 01:02:48] === MAIN ENGINE STARTED ===
[2026-02-01 01:02:49] ✅ Zerodha already logged in
[2026-02-01 01:02:52] ⏭ Skipping OHLC update
[2026-02-01 01:02:54] Telegram Enabled: False
[2026-02-01 01:02:54] ▶ Running Momentum Engine
[2026-02-01 01:02:57] ✔ Momentum Engine Completed
[2026-02-01 01:02:57] ▶ Running Divergence Engine
[2026-02-01 01:03:04] ✔ Divergence Engine Completed
[2026-02-01 01:03:04] Telegram messages SKIPPED
[2026-02-01 01:03:04] === MAIN ENGINE COMPLETED CLEANLY ===
[2026-02-01 01:13:12] === MAIN ENGINE STARTED ===
[2026-02-01 01:13:12] Zerodha logged in
[2026-02-01 01:18:46] === MAIN ENGINE STARTED ===
[2026-02-01 01:18:47] Zerodha logged in
[2026-02-01 01:19:21] === MAIN ENGINE COMPLETED ===
[2026-02-01 01:22:34] === MAIN ENGINE STARTED ===
[2026-02-01 01:22:35] Zerodha logged in
[2026-02-01 01:23:08] Generating report for date: 2026-01-30
[2026-02-01 01:23:08] 📈 MOMENTUM SYMBOLS
[2026-02-01 01:23:08] Excel exported: strategy_state_output.xlsx
[2026-02-01 01:23:08] === MAIN ENGINE COMPLETED ===
[2026-02-01 01:26:21] === MAIN ENGINE STARTED ===
[2026-02-01 01:26:22] Zerodha logged in
[2026-02-01 01:26:56] Generating report for date: 2025-01-31
[2026-02-01 01:26:56] 📈 MOMENTUM SYMBOLS
[2026-02-01 01:26:56] Excel exported: strategy_state_output.xlsx
[2026-02-01 01:26:56] === MAIN ENGINE COMPLETED ===
[2026-02-01 01:30:45] === MAIN ENGINE STARTED ===
[2026-02-01 01:30:45] Zerodha logged in
[2026-02-01 01:31:21] Generating report for date: 2026-01-31
[2026-02-01 01:31:21] 📈 MOMENTUM SYMBOLS
[2026-02-01 01:31:21] Momentum Excel exported: momentum_symbols_2026-01-31.xlsx
[2026-02-01 01:31:21] === MAIN ENGINE COMPLETED ===
[2026-02-01 01:38:07] === MAIN ENGINE STARTED ===
[2026-02-01 01:38:07] Zerodha logged in
[2026-02-01 01:38:32] RUN DATE = 2026-01-31
[2026-02-01 01:38:32] Clearing existing records for 2026-01-31
[2026-02-01 01:38:40] 📈 MOMENTUM RESULTS
[2026-02-01 01:38:40] 📉 DIVERGENCE RESULTS
[2026-02-01 01:38:41] Momentum Excel: momentum_symbols_2026-01-31.xlsx
[2026-02-01 01:38:41] Divergence Excel: divergence_symbols_2026-01-31.xlsx
[2026-02-01 01:38:41] === MAIN ENGINE COMPLETED ===
[2026-02-01 01:53:56] === MAIN ENGINE STARTED ===
[2026-02-01 01:53:57] Zerodha logged in
[2026-02-01 01:54:09] RUN DATE = 2026-02-01
[2026-02-01 01:54:09] Clearing existing records for 2026-02-01
[2026-02-01 01:54:18] 📈 MOMENTUM RESULTS
[2026-02-01 01:54:18] 📉 DIVERGENCE RESULTS
[2026-02-01 01:54:18] Momentum Excel: momentum_symbols_2026-02-01.xlsx
[2026-02-01 01:54:18] Divergence Excel: divergence_symbols_2026-02-01.xlsx
[2026-02-01 01:54:18] === MAIN ENGINE COMPLETED ===
[2026-02-01 01:58:46] === MAIN ENGINE STARTED ===
[2026-02-01 01:58:47] Zerodha logged in
[2026-02-01 01:58:55] RUN DATE = 2026-02-01
[2026-02-01 01:58:55] Clearing existing records for 2026-02-01
[2026-02-01 01:59:04] 📈 MOMENTUM RESULTS
[2026-02-01 01:59:04] 📉 DIVERGENCE RESULTS
[2026-02-01 01:59:04] Momentum Excel: momentum_symbols_2026-02-01.xlsx
[2026-02-01 01:59:04] Divergence Excel: divergence_symbols_2026-02-01.xlsx
[2026-02-01 01:59:04] === MAIN ENGINE COMPLETED ===
[2026-02-01 02:04:12] === MAIN ENGINE STARTED ===
[2026-02-01 02:04:13] Zerodha logged in
[2026-02-01 02:04:17] RUN DATE = 2026-02-01
[2026-02-01 02:04:17] Clearing existing records for 2026-02-01
[2026-02-01 02:04:25] 📈 MOMENTUM RESULTS
[2026-02-01 02:04:25] 📉 DIVERGENCE RESULTS
[2026-02-01 02:04:25] Momentum Excel: momentum_symbols_2026-02-01.xlsx
[2026-02-01 02:04:25] Divergence Excel: divergence_symbols_2026-02-01.xlsx
[2026-02-01 02:04:25] === MAIN ENGINE COMPLETED ===
[2026-02-01 23:33:48] === MAIN ENGINE STARTED ===
[2026-02-01 23:33:49] Zerodha logged in
[2026-02-01 23:33:59] RUN DATE = 2026-02-01
[2026-02-01 23:33:59] Clearing existing records for 2026-02-01
[2026-02-01 23:34:09] 📈 MOMENTUM RESULTS
[2026-02-01 23:34:09] 📉 DIVERGENCE RESULTS
[2026-02-01 23:34:09] Momentum Excel: momentum_symbols_2026-02-01.xlsx
[2026-02-01 23:34:09] Divergence Excel: divergence_symbols_2026-02-01.xlsx
[2026-02-01 23:34:09] === MAIN ENGINE COMPLETED ===
[2026-02-01 23:51:01] === MAIN ENGINE STARTED ===
[2026-02-01 23:51:03] Zerodha logged in
[2026-02-01 23:51:14] RUN DATE = 2026-02-01
[2026-02-01 23:51:14] Updating market OHLC data...
[2026-02-01 23:56:40] === MAIN ENGINE STARTED ===
[2026-02-01 23:57:24] === MAIN ENGINE STARTED ===
[2026-02-01 23:57:25] Zerodha logged in
[2026-02-01 23:57:33] RUN DATE = 2026-02-01
[2026-02-01 23:57:33] Updating market OHLC data...
[2026-02-01 23:59:49] Market OHLC update completed
[2026-02-01 23:59:49] Clearing existing records for 2026-02-01
[2026-02-01 23:59:59] 📈 MOMENTUM RESULTS
[2026-02-01 23:59:59] 📉 DIVERGENCE RESULTS
[2026-02-01 23:59:59] === MAIN ENGINE COMPLETED ===
[2026-02-02 00:04:02] === MAIN ENGINE STARTED ===
[2026-02-02 00:04:03] Zerodha logged in
[2026-02-02 00:04:11] RUN DATE = 2026-02-02
[2026-02-02 00:04:11] Updating market OHLC data...
[2026-02-02 00:04:53] Market OHLC update completed
[2026-02-02 00:04:53] Clearing existing records for 2026-02-02
[2026-02-02 00:05:02] 📈 MOMENTUM RESULTS
[2026-02-02 00:05:02] 📉 DIVERGENCE RESULTS
[2026-02-02 00:05:02] === MAIN ENGINE COMPLETED ===
[2026-02-02 00:05:22] === MAIN ENGINE STARTED ===
[2026-02-02 00:05:23] Zerodha logged in
[2026-02-02 00:05:30] RUN DATE = 2026-02-02
[2026-02-02 00:05:30] Updating market OHLC data...
[2026-02-02 00:07:52] Market OHLC update completed
[2026-02-02 00:07:52] Clearing existing records for 2026-02-02
[2026-02-02 00:08:00] 📈 MOMENTUM RESULTS
[2026-02-02 00:08:00] 📉 DIVERGENCE RESULTS
[2026-02-02 00:08:01] === MAIN ENGINE COMPLETED ===
[2026-02-02 01:37:10] === MAIN ENGINE STARTED ===
[2026-02-02 01:37:11] Zerodha logged in
[2026-02-02 01:37:52] RUN DATE = 2026-02-01
[2026-02-02 01:37:52] Using historical scanner data (no engine run)
[2026-02-02 01:37:52] 📈 MOMENTUM RESULTS
[2026-02-02 01:37:52] 📉 DIVERGENCE RESULTS
[2026-02-02 01:37:52] === MAIN ENGINE COMPLETED ===
[2026-02-02 01:38:56] === MAIN ENGINE STARTED ===
[2026-02-02 01:38:58] Zerodha logged in
[2026-02-02 01:39:08] RUN DATE = 2026-02-02
[2026-02-02 01:39:08] Running live engines for today
[2026-02-02 01:39:16] 📈 MOMENTUM RESULTS
[2026-02-02 01:39:16] 📉 DIVERGENCE RESULTS
[2026-02-02 01:39:16] === MAIN ENGINE COMPLETED ===
[2026-02-02 01:39:37] === MAIN ENGINE STARTED ===
[2026-02-02 01:40:03] === MAIN ENGINE STARTED ===
[2026-02-02 01:40:03] Zerodha logged in
[2026-02-02 01:40:29] RUN DATE = 2026-01-30
[2026-02-02 01:40:29] Updating market OHLC data...
[2026-02-02 01:42:16] Market OHLC update completed
[2026-02-02 01:42:16] Using historical scanner data (no engine run)
[2026-02-02 01:42:16] 📈 MOMENTUM RESULTS
[2026-02-02 01:42:16] 📉 DIVERGENCE RESULTS
[2026-02-02 01:42:17] === MAIN ENGINE COMPLETED ===
[2026-02-02 23:22:40] === MAIN ENGINE STARTED ===
[2026-02-02 23:22:41] Zerodha logged in
[2026-02-02 23:22:54] RUN DATE = 2026-02-02
[2026-02-02 23:22:54] Updating market OHLC data...
[2026-02-02 23:24:54] Market OHLC update completed
[2026-02-02 23:24:54] Running live engines for today
[2026-02-02 23:25:03] 📈 MOMENTUM RESULTS
[2026-02-02 23:25:03] 📉 DIVERGENCE RESULTS
[2026-02-02 23:25:03] === MAIN ENGINE COMPLETED ===
[2026-02-03 08:35:07] === MAIN ENGINE STARTED ===
[2026-02-03 08:35:08] Zerodha token expired
[2026-02-03 08:35:08] Zerodha login required
[2026-02-03 08:36:01] === MAIN ENGINE STARTED ===
[2026-02-03 08:36:02] Zerodha token expired
[2026-02-03 08:36:02] Zerodha login required
[2026-02-03 08:37:02] === MAIN ENGINE STARTED ===
[2026-02-03 08:37:03] Zerodha token expired
[2026-02-03 08:37:03] Zerodha login required
[2026-02-03 09:01:47] === MAIN ENGINE STARTED ===
[2026-02-03 09:01:48] Zerodha logged in
[2026-02-03 09:02:07] RUN DATE = 2026-02-03
[2026-02-03 09:02:07] Running live engines for today
[2026-02-03 22:10:55] === MAIN ENGINE STARTED ===
[2026-02-03 22:10:55] Zerodha logged in
[2026-02-03 22:10:58] Updating market OHLC data...
[2026-02-03 22:12:39] Market OHLC update completed
[2026-02-03 22:13:50] RUN DATE = 2026-02-03
[2026-02-03 22:13:50] Running live engines for today
[2026-02-03 22:19:40] === MAIN ENGINE STARTED ===
[2026-02-03 22:19:41] Zerodha logged in
[2026-02-03 22:19:44] Updating market OHLC data...
[2026-02-03 22:21:34] Market OHLC update completed
[2026-02-03 22:25:59] RUN DATE = 2026-02-03
[2026-02-03 22:25:59] Running live engines for today
[2026-02-03 22:26:45] === MAIN ENGINE STARTED ===
[2026-02-03 22:26:45] Zerodha logged in
[2026-02-03 22:26:49] Updating market OHLC data...
[2026-02-03 22:28:19] Market OHLC update completed
[2026-02-03 22:33:08] RUN DATE = 2026-02-03
[2026-02-03 22:33:08] Running live engines for today
[2026-02-03 22:39:13] === MAIN ENGINE STARTED ===
[2026-02-03 22:39:17] Zerodha logged in
[2026-02-03 22:39:21] Updating market OHLC data...
[2026-02-03 22:43:18] === MAIN ENGINE STARTED ===
[2026-02-03 22:43:19] Zerodha logged in
[2026-02-03 22:43:21] Updating market OHLC data...
[2026-02-03 22:49:10] === MAIN ENGINE STARTED ===
[2026-02-03 22:49:11] Zerodha logged in
[2026-02-03 22:49:13] Updating market OHLC data...
[2026-02-03 23:21:43] === MAIN ENGINE STARTED ===
[2026-02-03 23:21:44] Zerodha logged in
[2026-02-03 23:21:48] Updating market OHLC data...
[2026-02-03 23:48:24] === MAIN ENGINE STARTED ===
[2026-02-04 00:00:22] === MAIN ENGINE STARTED ===
[2026-02-04 00:00:23] Zerodha logged in
[2026-02-04 00:00:28] Updating market OHLC data...
[2026-02-06 00:50:19] === MAIN ENGINE STARTED ===
[2026-02-06 00:50:20] Zerodha logged in
[2026-02-06 00:50:23] Updating market OHLC data...
[2026-02-06 00:57:01] === MAIN ENGINE STARTED ===
[2026-02-06 00:57:02] Zerodha logged in
[2026-02-06 00:57:04] Updating market OHLC data...
[2026-02-06 01:15:56] === MAIN ENGINE STARTED ===
[2026-02-06 01:15:57] Zerodha logged in
[2026-02-06 01:16:01] Updating market OHLC data...
[2026-02-06 01:20:06] Market OHLC update completed
[2026-02-06 01:20:37] RUN DATE = 2026-02-06
[2026-02-06 01:20:37] Running live engines for today
[2026-02-06 01:41:28] === MAIN ENGINE STARTED ===
[2026-02-06 01:41:29] Zerodha logged in
[2026-02-06 01:41:31] Updating market OHLC data...
[2026-02-06 01:43:04] Market OHLC update completed
[2026-02-06 01:43:34] RUN DATE = 2026-02-06
[2026-02-06 01:43:34] Running live engines for today
[2026-02-06 01:52:30] === MAIN ENGINE STARTED ===
[2026-02-06 01:52:31] Zerodha logged in
[2026-02-06 01:52:37] RUN DATE = 2026-02-06
[2026-02-06 01:52:37] Running live engines for today
[2026-02-06 02:02:09] === MAIN ENGINE STARTED ===
[2026-02-06 02:02:10] Zerodha logged in
[2026-02-06 02:02:17] RUN DATE = 2026-02-06
[2026-02-06 02:02:17] Running live engines for today
[2026-02-06 02:26:23] === MAIN ENGINE STARTED ===
[2026-02-06 02:26:23] Zerodha logged in
[2026-02-06 02:26:28] Updating market OHLC data...
[2026-02-06 02:27:46] Market OHLC update completed
[2026-02-06 02:27:53] RUN DATE = 2026-02-06
[2026-02-06 02:27:53] Running live engines for today
[2026-02-06 02:31:50] === MAIN ENGINE STARTED ===
[2026-02-06 02:31:50] Zerodha logged in
[2026-02-06 02:31:53] Updating market OHLC data...
[2026-02-06 02:33:12] Market OHLC update completed
[2026-02-06 02:33:16] RUN DATE = 2026-02-06
[2026-02-06 02:33:16] Running live engines for today
[2026-02-06 02:35:59] === MAIN ENGINE STARTED ===
[2026-02-06 02:35:59] Zerodha logged in
[2026-02-06 02:36:04] RUN DATE = 2026-02-06
[2026-02-06 02:36:04] Running live engines for today
[2026-02-06 02:36:13] === MAIN ENGINE COMPLETED ===
[2026-02-06 02:45:14] === MAIN ENGINE STARTED ===
[2026-02-06 02:45:15] Zerodha logged in
[2026-02-06 02:45:22] RUN DATE = 2026-02-06
[2026-02-06 02:45:22] Running live engines for today
[2026-02-06 02:45:30] === MAIN ENGINE COMPLETED ===
[2026-02-06 02:48:58] === MAIN ENGINE STARTED ===
[2026-02-06 02:48:59] Zerodha logged in
[2026-02-06 02:49:04] RUN DATE = 2026-02-06
[2026-02-06 02:49:04] Running live engines for today
[2026-02-06 02:49:13] === MAIN ENGINE COMPLETED ===
[2026-02-06 02:58:03] === MAIN ENGINE STARTED ===
[2026-02-06 02:58:03] Zerodha logged in
[2026-02-06 02:58:10] RUN DATE = 2026-02-06
[2026-02-06 02:58:10] Running Momentum Engine
[2026-02-06 02:58:14] Momentum Engine completed
[2026-02-06 02:58:14] Running Divergence Engine
[2026-02-06 02:58:18] Divergence Engine completed
[2026-02-06 02:58:18] Starting ETF accumulator engine
[2026-02-06 02:58:21] ETF engine completed → new levels generated
[2026-02-06 02:58:21] === MAIN ENGINE COMPLETED ===
[2026-02-06 03:00:30] === MAIN ENGINE STARTED ===
[2026-02-06 03:00:31] Zerodha logged in
[2026-02-06 03:00:38] RUN DATE = 2026-02-06
[2026-02-06 03:00:38] Running Momentum Engine
[2026-02-06 03:00:42] Momentum Engine completed
[2026-02-06 03:00:42] Running Divergence Engine
[2026-02-06 03:00:46] Divergence Engine completed
[2026-02-06 03:00:46] Starting ETF accumulator engine
[2026-02-06 03:00:47] ETF engine completed → no change
[2026-02-06 03:00:53] Telegram messages sent
[2026-02-06 03:00:53] === MAIN ENGINE COMPLETED ===
[2026-02-06 03:10:56] === MAIN ENGINE STARTED ===
[2026-02-06 03:10:57] Zerodha logged in
[2026-02-06 03:11:00] Updating market OHLC data...
[2026-02-06 03:12:25] Market OHLC update completed
[2026-02-06 03:12:33] RUN DATE = 2026-02-06
[2026-02-06 03:12:33] Running Momentum Engine
[2026-02-06 03:12:34] Momentum Engine completed
[2026-02-06 03:12:34] Running Divergence Engine
[2026-02-06 03:12:39] Divergence Engine completed
[2026-02-06 03:12:39] Starting ETF accumulator engine
[2026-02-06 03:12:40] ETF engine completed → no change
[2026-02-06 03:12:40] === MAIN ENGINE COMPLETED ===
[2026-02-06 09:26:24] === MAIN ENGINE STARTED ===
[2026-02-06 09:26:25] Zerodha token expired
[2026-02-06 09:26:25] Zerodha login required
[2026-02-06 09:26:53] Zerodha login successful
[2026-02-06 09:27:01] RUN DATE = 2026-02-06
[2026-02-06 09:27:01] Running Momentum Engine
[2026-02-06 09:27:03] Momentum Engine completed
[2026-02-06 09:27:03] Running Divergence Engine
[2026-02-06 09:27:07] Divergence Engine completed
[2026-02-06 09:27:07] Starting ETF accumulator engine
[2026-02-06 09:27:09] ETF engine completed → no change
[2026-02-06 09:27:09] === MAIN ENGINE COMPLETED ===
[2026-02-15 01:32:30] === MAIN ENGINE STARTED ===
[2026-02-15 01:32:31] Zerodha logged in
[2026-02-15 01:32:42] RUN DATE = 2026-02-15
[2026-02-15 01:32:42] Running Momentum Engine
[2026-02-15 01:32:49] Momentum Engine completed
[2026-02-15 01:32:49] Running Divergence Engine
[2026-02-15 01:34:41] === MAIN ENGINE STARTED ===
[2026-02-15 01:34:42] Zerodha logged in
[2026-02-15 01:34:48] RUN DATE = 2026-02-15
[2026-02-15 01:34:48] Running Momentum Engine
[2026-02-15 01:34:55] Momentum Engine completed
[2026-02-15 01:34:55] Running Divergence Engine
[2026-02-15 01:35:37] === MAIN ENGINE STARTED ===
[2026-02-15 01:35:37] Zerodha logged in
[2026-02-15 01:35:47] RUN DATE = 2026-02-15
[2026-02-15 01:35:47] Running Momentum Engine
[2026-02-15 01:35:53] Momentum Engine completed
[2026-02-15 01:35:53] Running Divergence Engine
[2026-02-15 01:36:58] === MAIN ENGINE STARTED ===
[2026-02-15 01:36:59] Zerodha logged in
[2026-02-15 01:37:05] RUN DATE = 2026-02-15
[2026-02-15 01:37:05] Running Momentum Engine
[2026-02-15 01:37:11] Momentum Engine completed
[2026-02-15 01:37:11] Running Divergence Engine
[2026-02-15 11:28:39] === MAIN ENGINE STARTED ===
[2026-02-15 11:28:39] Zerodha token expired
[2026-02-15 11:28:39] Zerodha login required
[2026-02-15 12:10:56] === MAIN ENGINE STARTED ===
[2026-02-15 12:10:57] Zerodha logged in
[2026-02-15 12:11:05] RUN DATE = 2026-02-15
[2026-02-15 12:11:05] Running Momentum Engine
[2026-02-15 12:11:10] Momentum Engine completed
[2026-02-15 12:11:10] Running Divergence Engine
[2026-02-15 12:12:49] === MAIN ENGINE STARTED ===
[2026-02-15 12:12:49] Zerodha logged in
[2026-02-15 12:12:55] RUN DATE = 2026-02-15
[2026-02-15 12:12:55] Running Momentum Engine
[2026-02-15 12:13:01] Momentum Engine completed
[2026-02-15 12:13:01] Running Divergence Engine
[2026-02-15 12:14:25] === MAIN ENGINE STARTED ===
[2026-02-15 12:14:25] Zerodha logged in
[2026-02-15 12:14:34] RUN DATE = 2026-02-15
[2026-02-15 12:14:34] Running Momentum Engine
[2026-02-15 12:14:39] Momentum Engine completed
[2026-02-15 12:14:39] Running Divergence Engine
