[2026-02-14 15:01:27] === MAIN ENGINE G STARTED ===
[2026-02-14 15:01:27] RUN DATE = 2026-02-14
[2026-02-14 15:01:27] Zerodha logged in (cached token)
[2026-02-14 15:01:32] Updating market OHLC data...
[2026-02-14 15:04:38] Market OHLC update completed
[2026-02-14 15:04:51] Running Momentum Engine G...
[2026-02-14 15:04:52] Momentum Engine G completed
[2026-02-14 15:04:52] Running Divergence Engine G...
[2026-02-14 15:04:54] Divergence Engine G completed
[2026-02-14 15:04:54] Running ETF Accumulator Engine...
[2026-02-14 15:04:56] ETF Engine completed
[2026-02-14 15:04:56] === MAIN ENGINE G COMPLETED ===
[2026-02-14 15:10:59] === MAIN ENGINE G STARTED ===
[2026-02-14 15:10:59] RUN DATE = 2026-02-14
[2026-02-14 15:10:59] Zerodha logged in (cached token)
[2026-02-14 15:11:03] Updating market OHLC data...
[2026-02-14 15:12:06] Market OHLC update completed
[2026-02-14 15:12:16] Running Momentum Engine G...
[2026-02-14 15:12:17] Momentum Engine G completed
[2026-02-14 15:12:17] Running Divergence Engine G...
[2026-02-14 15:12:18] Divergence Engine G completed
[2026-02-14 15:12:18] Running ETF Accumulator Engine...
[2026-02-14 15:12:19] ETF Engine completed (no change)
[2026-02-14 15:12:19] === MAIN ENGINE G COMPLETED ===
[2026-02-14 15:12:40] === MAIN ENGINE G STARTED ===
[2026-02-14 15:12:40] RUN DATE = 2026-02-14
[2026-02-14 15:12:40] Zerodha logged in (cached token)
[2026-02-14 15:12:44] Skipping OHLC update (data may be stale)
[2026-02-14 15:12:52] Running Momentum Engine G...
[2026-02-14 15:12:53] Momentum Engine G completed
[2026-02-14 15:12:53] Running Divergence Engine G...
[2026-02-14 15:12:54] Divergence Engine G completed
[2026-02-14 15:12:54] Running ETF Accumulator Engine...
[2026-02-14 15:12:55] ETF Engine completed (no change)
[2026-02-14 15:12:55] === MAIN ENGINE G COMPLETED ===
[2026-02-14 15:24:10] Zerodha logged in (cached token)
[2026-02-14 15:25:17] Zerodha logged in (cached token)
[2026-02-14 15:26:55] Zerodha logged in (cached token)
[2026-02-14 15:30:39] Zerodha logged in (cached token)
[2026-02-14 16:12:56] Zerodha logged in (cached token)
[2026-02-14 16:19:09] Zerodha logged in (cached token)
[2026-02-14 21:41:17] Zerodha logged in (cached token)
[2026-02-14 22:17:50] Zerodha logged in (cached token)
[2026-02-14 23:06:29] === MAIN ENGINE G STARTED ===
[2026-02-14 23:06:29] RUN DATE = 2026-02-14
[2026-02-14 23:06:30] Zerodha logged in (cached token)
[2026-02-14 23:06:33] Updating market OHLC data...
[2026-02-14 23:07:48] Market OHLC update completed
[2026-02-14 23:08:57] Running Momentum Engine G...
[2026-02-14 23:08:57] Momentum Engine G failed: name 'calculate_supertrend' is not defined
[2026-02-14 23:08:57] Running Divergence Engine G...
[2026-02-14 23:09:01] Divergence Engine G completed
[2026-02-14 23:09:01] Running ETF Accumulator Engine...
[2026-02-14 23:09:02] ETF Engine completed (no change)
[2026-02-14 23:09:02] === MAIN ENGINE G COMPLETED ===
[2026-02-14 23:17:20] === MAIN ENGINE G STARTED ===
[2026-02-14 23:17:20] RUN DATE = 2026-02-14
[2026-02-14 23:17:20] Zerodha logged in (cached token)
[2026-02-14 23:17:23] Skipping OHLC update (data may be stale)
[2026-02-14 23:17:31] Running Momentum Engine G...
[2026-02-14 23:17:31] Momentum Engine G failed: Invalid frequency: M. Failed to parse with error message: ValueError("'M' is no longer supported for offsets. Please use 'ME' instead.")
[2026-02-14 23:17:31] Running Divergence Engine G...
[2026-02-14 23:17:34] Divergence Engine G completed
[2026-02-14 23:17:34] Running ETF Accumulator Engine...
[2026-02-14 23:17:35] ETF Engine completed (no change)
[2026-02-14 23:17:35] === MAIN ENGINE G COMPLETED ===
[2026-02-14 23:40:15] === MAIN ENGINE G STARTED ===
[2026-02-14 23:40:15] RUN DATE = 2026-02-14
[2026-02-14 23:40:15] Zerodha logged in (cached token)
[2026-02-14 23:40:19] Skipping OHLC update (data may be stale)
[2026-02-14 23:40:26] Running Momentum Engine G...
[2026-02-14 23:41:13] Momentum Engine G completed
[2026-02-14 23:41:13] Running Divergence Engine G...
[2026-02-14 23:41:16] Divergence Engine G completed
[2026-02-14 23:41:16] Running ETF Accumulator Engine...
[2026-02-14 23:41:17] ETF Engine completed (no change)
[2026-02-14 23:41:17] Found 11 new momentum setups today
[2026-02-14 23:41:18] Telegram summary sent
[2026-02-14 23:41:18] === MAIN ENGINE G COMPLETED ===
[2026-02-15 00:09:25] === MAIN ENGINE G STARTED ===
[2026-02-15 00:09:25] RUN DATE = 2026-02-15
[2026-02-15 00:09:25] Zerodha logged in (cached token)
[2026-02-15 00:09:30] Skipping OHLC update (data may be stale)
[2026-02-15 00:09:36] Running Momentum Engine G...
[2026-02-15 00:10:38] Momentum Engine G completed
[2026-02-15 00:10:38] Running Divergence Engine G...
[2026-02-15 00:12:22] Divergence Engine G completed
[2026-02-15 00:12:22] Running ETF Accumulator Engine...
[2026-02-15 00:12:23] ETF Engine completed (no change)
[2026-02-15 00:12:23] === MAIN ENGINE G COMPLETED ===
[2026-02-15 00:51:47] === MAIN ENGINE G STARTED ===
[2026-02-15 00:51:47] RUN DATE = 2026-02-15
[2026-02-15 00:51:48] Zerodha logged in (cached token)
[2026-02-15 00:51:50] Skipping OHLC update (data may be stale)
[2026-02-15 00:51:55] Running Momentum Engine G...
[2026-02-15 00:52:47] Momentum Engine G completed
[2026-02-15 00:52:47] Running Divergence Engine G...
[2026-02-15 00:52:48] Divergence Engine G failed: table divergence_scanner_history has no column named prev_date
[2026-02-15 00:52:48] Running ETF Accumulator Engine...
[2026-02-15 00:52:48] ETF Engine completed (no change)
[2026-02-15 00:52:49] === MAIN ENGINE G COMPLETED ===
[2026-02-15 00:56:47] === MAIN ENGINE G STARTED ===
[2026-02-15 00:56:47] RUN DATE = 2026-02-15
[2026-02-15 00:56:48] Zerodha logged in (cached token)
[2026-02-15 00:56:52] Skipping OHLC update (data may be stale)
[2026-02-15 00:57:08] Running Momentum Engine G...
[2026-02-15 00:57:56] Momentum Engine G completed
[2026-02-15 00:57:56] Running Divergence Engine G...
[2026-02-15 00:58:48] Divergence Engine G completed
[2026-02-15 00:58:48] Running ETF Accumulator Engine...
[2026-02-15 00:58:49] ETF Engine completed (no change)
[2026-02-15 00:58:49] Found 45 new divergence signals today
[2026-02-15 00:58:50] Telegram summary sent
[2026-02-15 00:58:50] === MAIN ENGINE G COMPLETED ===
[2026-02-15 11:59:40] === MAIN ENGINE G STARTED ===
[2026-02-15 11:59:40] RUN DATE = 2026-02-15
[2026-02-15 11:59:41] Zerodha logged in (cached token)
[2026-02-15 11:59:44] Skipping OHLC update (data may be stale)
[2026-02-15 11:59:48] Running Momentum Engine G...
[2026-02-15 12:00:31] Momentum Engine G completed
[2026-02-15 12:00:31] Running Divergence Engine G...
[2026-02-15 12:00:31] Divergence Engine G failed: table divergence_trades has no column named state
[2026-02-15 12:00:31] Running ETF Accumulator Engine...
[2026-02-15 12:00:32] ETF Engine completed (no change)
[2026-02-15 12:00:32] Found 9 new momentum setups today
[2026-02-15 12:00:33] Telegram summary sent
[2026-02-15 12:00:33] === MAIN ENGINE G COMPLETED ===
[2026-02-15 12:04:09] === MAIN ENGINE G STARTED ===
[2026-02-15 12:04:09] RUN DATE = 2026-02-15
[2026-02-15 12:04:10] Zerodha logged in (cached token)
[2026-02-15 12:04:20] Updating market OHLC data...
[2026-02-15 12:05:22] Market OHLC update completed
[2026-02-15 12:06:15] Running Momentum Engine G...
[2026-02-15 12:06:55] Momentum Engine G completed
[2026-02-15 12:06:55] Running Divergence Engine G...
[2026-02-15 12:06:56] Divergence Engine G failed: table divergence_trades has no column named state
[2026-02-15 12:06:56] Running ETF Accumulator Engine...
[2026-02-15 12:06:57] ETF Engine completed (no change)
[2026-02-15 12:06:57] Found 9 new momentum setups today
[2026-02-15 12:06:58] Telegram summary sent
[2026-02-15 12:06:58] === MAIN ENGINE G COMPLETED ===
[2026-02-15 12:19:45] === MAIN ENGINE G STARTED ===
[2026-02-15 12:19:45] RUN DATE = 2026-02-15
[2026-02-15 12:19:46] Zerodha logged in (cached token)
[2026-02-15 12:19:52] Skipping OHLC update (data may be stale)
[2026-02-15 12:19:55] Running Momentum Engine G...
[2026-02-15 12:20:36] Momentum Engine G completed
[2026-02-15 12:20:36] Running Divergence Engine G...
[2026-02-15 12:21:20] Divergence Engine G completed
[2026-02-15 12:21:20] Running ETF Accumulator Engine...
[2026-02-15 12:21:21] ETF Engine completed (no change)
[2026-02-15 12:21:21] Found 9 new momentum setups today
[2026-02-15 12:21:22] Telegram summary sent
[2026-02-15 12:21:22] === MAIN ENGINE G COMPLETED ===
[2026-02-15 12:31:42] === MAIN ENGINE G STARTED ===
[2026-02-15 12:31:42] RUN DATE = 2026-02-15
[2026-02-15 12:31:42] Zerodha logged in (cached token)
[2026-02-15 12:31:45] Updating market OHLC data...
[2026-02-15 12:32:47] Market OHLC update completed
[2026-02-15 12:33:46] Running Momentum Engine G...
[2026-02-15 12:34:28] Momentum Engine G completed
[2026-02-15 12:34:28] Running Divergence Engine G...
[2026-02-15 12:35:11] Divergence Engine G completed
[2026-02-15 12:35:11] Running ETF Accumulator Engine...
[2026-02-15 12:35:11] ETF Engine completed (no change)
[2026-02-15 12:35:11] Found 9 new momentum setups today
[2026-02-15 12:35:12] Telegram summary sent
[2026-02-15 12:35:12] === MAIN ENGINE G COMPLETED ===
[2026-02-15 12:47:39] === MAIN ENGINE G STARTED ===
[2026-02-15 12:47:39] RUN DATE = 2026-02-15
[2026-02-15 12:47:39] Zerodha logged in (cached token)
[2026-02-15 12:47:42] Skipping OHLC update (data may be stale)
[2026-02-15 12:47:46] Running Momentum Engine G...
[2026-02-15 12:48:28] Momentum Engine G completed
[2026-02-15 12:48:28] Running Divergence Engine G...
[2026-02-15 12:49:11] Divergence Engine G completed
[2026-02-15 12:49:11] Running ETF Accumulator Engine...
[2026-02-15 12:49:12] ETF Engine completed (no change)
[2026-02-15 12:49:12] Found 9 new momentum setups today
[2026-02-15 12:49:12] === MAIN ENGINE G COMPLETED ===
[2026-02-15 13:00:20] === MAIN ENGINE G STARTED ===
[2026-02-15 13:00:20] RUN DATE = 2026-02-15
[2026-02-15 13:00:20] Zerodha logged in (cached token)
[2026-02-15 13:00:23] Skipping OHLC update (data may be stale)
[2026-02-15 13:00:28] Running Momentum Engine G...
[2026-02-15 13:01:10] Momentum Engine G completed
[2026-02-15 13:01:10] Running Divergence Engine G...
[2026-02-15 13:01:53] Divergence Engine G completed
[2026-02-15 13:01:53] Running ETF Accumulator Engine...
[2026-02-15 13:01:54] ETF Engine completed (no change)
[2026-02-15 13:01:54] Found 9 new momentum setups today
[2026-02-15 13:01:55] Telegram summary sent
[2026-02-15 13:01:55] === MAIN ENGINE G COMPLETED ===
[2026-02-15 14:12:09] === MAIN ENGINE G STARTED ===
[2026-02-15 14:12:09] RUN DATE = 2026-02-15
[2026-02-15 14:12:09] Zerodha logged in (cached token)
[2026-02-15 14:12:12] Skipping OHLC update (data may be stale)
[2026-02-15 14:12:16] Running Momentum Engine G...
[2026-02-15 14:13:00] Momentum Engine G completed
[2026-02-15 14:13:00] Running Divergence Engine G...
[2026-02-15 14:13:44] Divergence Engine G completed
[2026-02-15 14:13:44] Running ETF Accumulator Engine...
[2026-02-15 14:13:45] ETF Engine completed (no change)
[2026-02-15 14:13:45] Found 9 new momentum setups today
[2026-02-15 14:13:45] === MAIN ENGINE G COMPLETED ===
[2026-02-15 20:41:14] === MAIN ENGINE G STARTED ===
[2026-02-15 20:41:14] RUN DATE = 2026-02-15
[2026-02-15 20:41:15] Zerodha logged in (cached token)
[2026-02-15 20:41:18] Updating market OHLC data...
[2026-02-15 20:42:27] Market OHLC update completed
[2026-02-15 20:43:12] Running Momentum Engine G...
[2026-02-15 20:44:29] Momentum Engine G completed
[2026-02-15 20:44:29] Running Divergence Engine G...
[2026-02-15 20:46:17] Divergence Engine G completed
[2026-02-15 20:46:17] Running ETF Accumulator Engine...
[2026-02-15 20:46:18] ETF Engine completed (no change)
[2026-02-15 20:46:18] Found 9 new momentum setups today
[2026-02-15 20:46:19] Telegram summary sent
[2026-02-15 20:46:19] === MAIN ENGINE G COMPLETED ===
[2026-02-15 20:53:45] === MAIN ENGINE G STARTED ===
[2026-02-15 20:53:45] RUN DATE = 2026-02-15
[2026-02-15 20:53:45] Zerodha logged in (cached token)
[2026-02-15 20:53:48] Skipping OHLC update (data may be stale)
[2026-02-15 20:53:54] Running Momentum Engine G...
[2026-02-15 20:54:00] Momentum Engine G failed: name 'NOW' is not defined
[2026-02-15 20:54:00] Running Divergence Engine G...
[2026-02-15 20:54:52] Divergence Engine G completed
[2026-02-15 20:54:52] Running ETF Accumulator Engine...
[2026-02-15 20:54:53] ETF Engine completed (no change)
[2026-02-15 20:54:53] Found 9 new momentum setups today
[2026-02-15 20:54:54] Telegram summary sent
[2026-02-15 20:54:54] === MAIN ENGINE G COMPLETED ===
[2026-02-15 21:05:37] === MAIN ENGINE G STARTED ===
[2026-02-15 21:05:37] RUN DATE = 2026-02-15
[2026-02-15 21:05:37] Zerodha logged in (cached token)
[2026-02-15 21:05:40] Skipping OHLC update (data may be stale)
[2026-02-15 21:05:46] Running Momentum Engine G...
[2026-02-15 21:05:51] Momentum Engine G failed: name 'NOW' is not defined
[2026-02-15 21:05:55] Divergence Engine skipped by user
[2026-02-15 21:05:55] Running ETF Accumulator Engine...
[2026-02-15 21:05:56] ETF Engine completed (no change)
[2026-02-15 21:05:56] Found 9 new momentum setups today
[2026-02-15 21:05:57] Telegram summary sent
[2026-02-15 21:05:57] === MAIN ENGINE G COMPLETED ===
[2026-02-15 21:14:00] === MAIN ENGINE G STARTED ===
[2026-02-15 21:14:00] RUN DATE = 2026-02-15
[2026-02-15 21:14:01] Zerodha logged in (cached token)
[2026-02-15 21:14:03] Updating market OHLC data...
[2026-02-15 21:15:25] Market OHLC update completed
[2026-02-15 21:16:51] Running Momentum Engine G...
[2026-02-15 21:16:55] Momentum Engine G failed: name 'NOW' is not defined
[2026-02-15 21:17:04] Divergence Engine skipped by user
[2026-02-15 21:17:04] Running ETF Accumulator Engine...
[2026-02-15 21:17:06] ETF Engine completed (no change)
[2026-02-15 21:17:06] === MAIN ENGINE G COMPLETED ===
[2026-02-15 21:22:26] === MAIN ENGINE G STARTED ===
[2026-02-15 21:22:26] RUN DATE = 2026-02-15
[2026-02-15 21:22:26] Zerodha logged in (cached token)
[2026-02-15 21:22:29] Updating market OHLC data...
[2026-02-15 21:23:28] Market OHLC update completed
[2026-02-15 21:29:12] Running Momentum Engine G...
[2026-02-15 21:29:17] Momentum Engine G failed: name 'TODAY' is not defined
[2026-02-15 21:32:27] === MAIN ENGINE G STARTED ===
[2026-02-15 21:32:27] RUN DATE = 2026-02-15
[2026-02-15 21:32:27] Zerodha logged in (cached token)
[2026-02-15 21:32:50] Skipping OHLC update (data may be stale)
[2026-02-15 21:32:56] Running Momentum Engine G...
[2026-02-15 21:33:06] Momentum Engine G failed: database is locked
[2026-02-15 21:33:45] Running Divergence Engine G...
[2026-02-15 21:34:34] Divergence Engine G completed
[2026-02-15 21:34:34] Running ETF Accumulator Engine...
[2026-02-15 21:34:34] ETF Engine completed (no change)
[2026-02-15 21:34:34] === MAIN ENGINE G COMPLETED ===
[2026-02-15 21:37:16] === MAIN ENGINE G STARTED ===
[2026-02-15 21:37:16] RUN DATE = 2026-02-15
[2026-02-15 21:37:16] Zerodha logged in (cached token)
[2026-02-15 21:37:18] Skipping OHLC update (data may be stale)
[2026-02-15 21:37:25] Running Momentum Engine G...
[2026-02-15 21:38:28] Momentum Engine G completed
[2026-02-15 21:40:39] Divergence Engine skipped by user
[2026-02-15 21:40:39] Running ETF Accumulator Engine...
[2026-02-15 21:40:40] ETF Engine completed (no change)
[2026-02-15 21:40:40] === MAIN ENGINE G COMPLETED ===
[2026-02-15 21:51:30] === MAIN ENGINE G STARTED ===
[2026-02-15 21:51:30] RUN DATE = 2026-02-15
[2026-02-15 21:51:30] Zerodha logged in (cached token)
[2026-02-15 21:51:33] Skipping OHLC update (data may be stale)
[2026-02-15 21:51:39] Running Momentum Engine G...
[2026-02-15 21:52:27] Momentum Engine G completed
[2026-02-15 21:52:44] Divergence Engine skipped by user
[2026-02-15 21:52:44] Running ETF Accumulator Engine...
[2026-02-15 21:52:45] ETF Engine completed (no change)
[2026-02-15 21:52:45] Found 12 new momentum setups from the last 2 days
[2026-02-15 21:52:46] Telegram summary sent
[2026-02-15 21:52:46] === MAIN ENGINE G COMPLETED ===
[2026-02-16 22:39:39] === MAIN ENGINE G STARTED ===
[2026-02-16 22:39:39] RUN DATE = 2026-02-16
[2026-02-16 22:39:39] Zerodha logged in (cached token)
[2026-02-16 22:39:41] Updating market OHLC data...
[2026-02-16 22:42:47] Market OHLC update completed
[2026-02-16 22:49:31] Running Momentum Engine G...
[2026-02-16 22:50:19] Momentum Engine G completed
[2026-02-16 22:50:24] Running Divergence Engine G...
[2026-02-16 22:51:07] Divergence Engine G completed
[2026-02-16 22:51:07] Running ETF Accumulator Engine...
[2026-02-16 22:51:10] ETF Engine completed
[2026-02-16 22:51:10] Found 13 new momentum setups from the last 2 days
[2026-02-16 22:51:11] Telegram summary sent
[2026-02-16 22:51:11] === MAIN ENGINE G COMPLETED ===
[2026-02-16 23:38:31] === MAIN ENGINE G STARTED ===
[2026-02-16 23:38:31] RUN DATE = 2026-02-16
[2026-02-16 23:38:32] Zerodha logged in (cached token)
[2026-02-16 23:38:36] Updating market OHLC data...
[2026-02-16 23:38:37] Market OHLC update completed
[2026-02-16 23:38:47] Running Momentum Engine G...
[2026-02-16 23:39:34] Momentum Engine G completed
[2026-02-16 23:39:35] Checking activations, SL hits & daily SL/E-SL updates...
[2026-02-16 23:39:35] Loaded 9289 NSE tokens
[2026-02-16 23:39:35] Momentum Engine G failed: Execution failed on sql '
        SELECT symbol, buy_above, sl, status, activated_date
        FROM momentum_trades
        WHERE status IN ('WAITING', 'ACTIVE')
        ': no such column: activated_date
[2026-02-16 23:39:52] Divergence Engine skipped by user
[2026-02-16 23:39:52] Running ETF Accumulator Engine...
[2026-02-16 23:39:53] ETF Engine completed (no change)
[2026-02-16 23:39:53] Found 13 new momentum setups from the last 2 days
[2026-02-16 23:39:54] Telegram summary sent
[2026-02-16 23:39:54] === MAIN ENGINE G COMPLETED ===
[2026-02-16 23:47:14] === MAIN ENGINE G STARTED ===
[2026-02-16 23:47:14] RUN DATE = 2026-02-16
[2026-02-16 23:47:14] Zerodha logged in (cached token)
[2026-02-16 23:47:16] Updating market OHLC data...
[2026-02-16 23:47:17] Market OHLC update completed
[2026-02-16 23:47:24] Running Momentum Engine G...
[2026-02-16 23:48:10] Momentum Engine G completed
[2026-02-16 23:48:10] Checking activations, SL hits & daily SL/E-SL updates...
[2026-02-16 23:48:10] Loaded 9289 NSE tokens
[2026-02-16 23:48:11] [ACT] ACTIVATED TODAY: JKTYRE @ 599.2
[2026-02-16 23:48:11] [ACT] ACTIVATED TODAY: KIRLOSENG @ 1397.2
[2026-02-16 23:48:11] [ACT] ACTIVATED TODAY: MFSL @ 1852.2
[2026-02-16 23:48:11] [ACT] ACTIVATED TODAY: TORNTPOWER @ 1471.2
[2026-02-16 23:48:13] Momentum Engine G failed: name 'send_telegram' is not defined
[2026-02-16 23:48:25] Divergence Engine skipped by user
[2026-02-16 23:48:25] Running ETF Accumulator Engine...
[2026-02-16 23:48:26] ETF Engine completed (no change)
[2026-02-16 23:48:26] Found 13 new momentum setups from the last 2 days
[2026-02-16 23:48:27] Telegram summary sent
[2026-02-16 23:48:27] === MAIN ENGINE G COMPLETED ===
[2026-02-16 23:50:29] === MAIN ENGINE G STARTED ===
[2026-02-16 23:50:29] RUN DATE = 2026-02-16
[2026-02-16 23:50:29] Zerodha logged in (cached token)
[2026-02-16 23:50:32] Skipping OHLC update (data may be stale)
[2026-02-16 23:50:38] Running Momentum Engine G...
[2026-02-16 23:51:23] Momentum Engine G completed
[2026-02-16 23:51:23] Checking activations, SL hits & daily SL/E-SL updates...
[2026-02-16 23:51:24] Loaded 9289 NSE tokens
[2026-02-16 23:51:27] Activation, SL hit & update check completed
[2026-02-16 23:51:32] Divergence Engine skipped by user
[2026-02-16 23:51:32] Running ETF Accumulator Engine...
[2026-02-16 23:51:33] ETF Engine completed (no change)
[2026-02-16 23:51:33] Found 13 new momentum setups from the last 2 days
[2026-02-16 23:51:34] Telegram summary sent
[2026-02-16 23:51:34] === MAIN ENGINE G COMPLETED ===
[2026-02-17 00:01:44] === MAIN ENGINE G STARTED ===
[2026-02-17 00:01:44] RUN DATE = 2026-02-17
[2026-02-17 00:01:44] Zerodha logged in (cached token)
[2026-02-17 00:01:50] Skipping OHLC update (data may be stale)
[2026-02-17 00:01:57] Running Momentum Engine G...
[2026-02-17 00:02:43] Momentum Engine G completed
[2026-02-17 00:02:43] Checking activations, SL hits & daily SL/E-SL updates...
[2026-02-17 00:02:43] Loaded 9289 NSE tokens
[2026-02-17 00:02:44] [SL] No valid SL data for JKTYRE
[2026-02-17 00:02:44] [SL] No valid SL data for KIRLOSENG
[2026-02-17 00:02:44] [SL] No valid SL data for MFSL
[2026-02-17 00:02:45] [SL] No valid SL data for TORNTPOWER
[2026-02-17 00:02:46] Activation, SL hit & update check completed
[2026-02-17 00:02:55] Divergence Engine skipped by user
[2026-02-17 00:02:56] Running ETF Accumulator Engine...
[2026-02-17 00:02:57] ETF Engine completed
[2026-02-17 00:02:57] Found 13 new momentum setups from the last 2 days
[2026-02-17 00:02:58] Telegram summary sent
[2026-02-17 00:02:58] === MAIN ENGINE G COMPLETED ===
[2026-02-17 00:12:47] === MAIN ENGINE G STARTED ===
[2026-02-17 00:12:47] RUN DATE = 2026-02-17
[2026-02-17 00:12:47] Zerodha logged in (cached token)
[2026-02-17 00:12:50] Skipping OHLC update (data may be stale)
[2026-02-17 00:12:55] Running Momentum Engine G...
[2026-02-17 00:13:41] Momentum Engine G completed
[2026-02-17 00:13:41] Checking activations, SL hits & daily SL/E-SL updates (using market_ohlc.db)...
[2026-02-17 00:13:41] [SL UPDATE] ACTIVE KIRLOSENG: 1203.3 → 1269.0 (E-SL active: False)
[2026-02-17 00:13:41] [SL UPDATE] ACTIVE MFSL: 1632.2 → 1661.5 (E-SL active: False)
[2026-02-17 00:13:42] Sent activation/SL-hit/SL-update Telegram
[2026-02-17 00:13:42] Activation, SL hit & update check completed
[2026-02-17 00:13:50] Divergence Engine skipped by user
[2026-02-17 00:13:50] Running ETF Accumulator Engine...
[2026-02-17 00:13:50] ETF Engine completed (no change)
[2026-02-17 00:20:42] === MAIN ENGINE G STARTED ===
[2026-02-17 00:20:42] RUN DATE = 2026-02-17
[2026-02-17 00:20:43] Zerodha logged in (cached token)
[2026-02-17 00:20:46] Skipping OHLC update (data may be stale)
[2026-02-17 00:20:51] Running Momentum Engine G...
[2026-02-17 00:20:55] Momentum Engine G failed: Invalid comparison between dtype=datetime64[us] and date
[2026-02-17 00:21:03] Divergence Engine skipped by user
[2026-02-17 00:21:03] Running ETF Accumulator Engine...
[2026-02-17 00:21:04] ETF Engine completed (no change)
[2026-02-17 00:22:20] === MAIN ENGINE G STARTED ===
[2026-02-17 00:22:20] RUN DATE = 2026-02-17
[2026-02-17 00:22:20] Zerodha logged in (cached token)
[2026-02-17 00:22:25] Skipping OHLC update (data may be stale)
[2026-02-17 00:22:30] Running Momentum Engine G...
[2026-02-17 00:22:34] Momentum Engine G failed: Invalid comparison between dtype=datetime64[us] and date
[2026-02-17 00:22:40] Divergence Engine skipped by user
[2026-02-17 00:22:40] Running ETF Accumulator Engine...
[2026-02-17 00:22:42] ETF Engine completed (no change)
[2026-02-17 00:32:25] === MAIN ENGINE G STARTED ===
[2026-02-17 00:32:25] RUN DATE = 2026-02-17
[2026-02-17 00:32:26] Zerodha logged in (cached token)
[2026-02-17 00:32:28] Skipping OHLC update (data may be stale)
[2026-02-17 00:32:34] Running Momentum Engine G...
[2026-02-17 00:33:21] Momentum Engine G completed
[2026-02-17 00:33:21] Checking activations, SL hits & daily SL/E-SL updates (using market_ohlc.db)...
[2026-02-17 00:33:21] Activation, SL hit & update check completed
[2026-02-17 00:33:33] Divergence Engine skipped by user
[2026-02-17 00:33:33] Running ETF Accumulator Engine...
[2026-02-17 00:33:33] ETF Engine completed (no change)
[2026-02-17 00:45:34] === MAIN ENGINE G STARTED ===
[2026-02-17 00:45:34] RUN DATE = 2026-02-17
[2026-02-17 00:45:35] Zerodha logged in (cached token)
[2026-02-17 00:45:37] Skipping OHLC update (data may be stale)
[2026-02-17 00:45:41] Running Momentum Engine G...
[2026-02-17 00:46:29] Momentum Engine G completed
[2026-02-17 00:46:29] Checking activations, SL hits & daily SL/E-SL updates (using market_ohlc.db)...
[2026-02-17 00:46:29] Activation, SL hit & update check completed
[2026-02-17 00:46:41] Divergence Engine skipped by user
[2026-02-17 00:46:41] Running ETF Accumulator Engine...
[2026-02-17 00:46:41] ETF Engine completed (no change)
[2026-02-17 00:46:41] Found 13 new momentum setups from the last 2 days
[2026-02-17 00:46:42] Telegram summary sent
[2026-02-17 00:46:42] === MAIN ENGINE G COMPLETED ===
[2026-02-18 02:29:19] === MAIN ENGINE G STARTED ===
[2026-02-18 02:29:19] RUN DATE = 2026-02-18
[2026-02-18 02:29:19] Zerodha logged in (cached token)
[2026-02-18 02:29:21] Updating market OHLC data...
[2026-02-18 02:32:47] Market OHLC update completed
[2026-02-18 02:36:19] Running Momentum Engine G...
[2026-02-18 02:37:14] Momentum Engine G completed
[2026-02-18 02:37:14] Checking activations, SL hits & daily SL/E-SL updates (using market_ohlc.db)...
[2026-02-18 02:37:14] [ACT] ACTIVATED TODAY: IFCI @ 63.7
[2026-02-18 02:37:14] [SL UPDATE] ACTIVE TORNTPOWER: 1334.7 → 1337.8 (E-SL: False)
[2026-02-18 02:37:14] [ACT] ACTIVATED TODAY: ASTRAL @ 1647.8
[2026-02-18 02:37:14] [ACT] ACTIVATED TODAY: GMRAIRPORT @ 101.6
[2026-02-18 02:37:16] Sent activation/SL-hit/SL-update Telegram
[2026-02-18 02:37:17] Sent activation/SL-hit/SL-update Telegram
[2026-02-18 02:37:17] Activation, SL hit & update check completed
[2026-02-19 23:50:11] === MAIN ENGINE G STARTED ===
[2026-02-19 23:50:11] RUN DATE = 2026-02-19
[2026-02-19 23:50:12] Zerodha logged in (cached token)
[2026-02-19 23:50:15] Updating market OHLC data...
[2026-02-19 23:53:32] Market OHLC update completed
[2026-02-19 23:57:05] Running Momentum Engine G...
[2026-02-19 23:57:56] Momentum Engine G completed
[2026-02-19 23:57:56] Checking activations, SL hits & daily SL/E-SL updates (using market_ohlc.db)...
[2026-02-19 23:57:56] [ACT] ACTIVATED TODAY: EICHERMOT @ 8135.2
[2026-02-19 23:57:56] [SL UPDATE] ACTIVE KIRLOSENG: 1269.0 → 1285.1 (E-SL: False)
[2026-02-19 23:57:56] [ACT] ACTIVATED TODAY: SCHNEIDER @ 833.7
[2026-02-19 23:57:56] [SL UPDATE] ACTIVE TORNTPOWER: 1337.8 → 1375.1 (E-SL: False)
[2026-02-19 23:57:56] [SL UPDATE] ACTIVE ASTRAL: 1436.9 → 1481.1 (E-SL: False)
[2026-02-19 23:57:56] [ACT] ACTIVATED TODAY: BAJAJFINSV @ 2059.1
[2026-02-19 23:57:56] [SL UPDATE] ACTIVE GMRAIRPORT: 88.3 → 92.6 (E-SL: False)
[2026-02-19 23:57:56] [ACT] ACTIVATED TODAY: JBCHEPHARM @ 2012.0
[2026-02-19 23:57:56] [ACT] ACTIVATED TODAY: ASTERDM @ 631.3
[2026-02-19 23:57:56] [ACT] ACTIVATED TODAY: BANKBARODA @ 305.6
[2026-02-19 23:57:56] [ACT] ACTIVATED TODAY: DRREDDY @ 1289.4
[2026-02-19 23:57:56] [ACT] ACTIVATED TODAY: INDIANB @ 923.7
[2026-02-19 23:57:56] [ACT] ACTIVATED TODAY: JINDALSTEL @ 1217.8
[2026-02-19 23:57:56] [ACT] ACTIVATED TODAY: LT @ 4295.6
[2026-02-19 23:57:56] [ACT] ACTIVATED TODAY: MARICO @ 778.3
[2026-02-19 23:57:56] [ACT] ACTIVATED TODAY: UNIONBANK @ 190.4
[2026-02-19 23:57:57] Sent activation/SL-hit/SL-update Telegram
[2026-02-19 23:57:58] Sent activation/SL-hit/SL-update Telegram
[2026-02-19 23:57:58] Activation, SL hit & update check completed
[2026-02-19 23:58:35] Running Divergence Engine G...
[2026-02-19 23:59:19] Divergence Engine G completed
[2026-02-19 23:59:19] Running ETF Accumulator Engine...
[2026-02-19 23:59:21] ETF Engine completed
[2026-02-19 23:59:21] Found 11 new momentum setups from the last 2 days
[2026-02-19 23:59:22] Telegram summary sent
[2026-02-19 23:59:22] === MAIN ENGINE G COMPLETED ===
[2026-02-20 23:34:27] === MAIN ENGINE G STARTED ===
[2026-02-20 23:34:27] RUN DATE = 2026-02-20
[2026-02-20 23:34:27] Zerodha logged in (cached token)
[2026-02-20 23:34:31] Updating market OHLC data...
[2026-02-20 23:37:41] Market OHLC update completed
[2026-02-20 23:54:45] Running Momentum Engine G...
[2026-02-20 23:55:30] Momentum Engine G completed
[2026-02-20 23:55:30] Checking activations, SL hits & daily SL/E-SL updates (using market_ohlc.db)...
[2026-02-20 23:55:30] [ACT] ACTIVATED TODAY: BAJFINANCE @ 1034.1
[2026-02-20 23:55:31] [SL UPDATE] ACTIVE EICHERMOT: 7148.7 → 7258.5 (E-SL: False)
[2026-02-20 23:55:31] [SL HIT] JKTYRE hit SL 544.4 today → row deleted
[2026-02-20 23:55:31] [SL UPDATE] ACTIVE BAJAJFINSV: 1857.8 → 1963.2 (E-SL: False)
[2026-02-20 23:55:31] [SL UPDATE] ACTIVE JBCHEPHARM: 1812.3 → 1820.8 (E-SL: False)
[2026-02-20 23:55:31] [SL UPDATE] ACTIVE ASTERDM: 559.2 → 573.3 (E-SL: False)
[2026-02-20 23:55:31] [SL UPDATE] ACTIVE DRREDDY: 1148.0 → 1156.3 (E-SL: False)
[2026-02-20 23:55:32] Sent activation/SL-hit/SL-update Telegram
[2026-02-20 23:55:33] Sent activation/SL-hit/SL-update Telegram
[2026-02-20 23:55:34] Sent activation/SL-hit/SL-update Telegram
[2026-02-20 23:55:34] Activation, SL hit & update check completed
[2026-02-20 23:55:38] Running Divergence Engine G...
[2026-02-20 23:56:21] Divergence Engine G completed
[2026-02-20 23:56:21] Running ETF Accumulator Engine...
[2026-02-20 23:56:23] ETF Engine completed (no change)
[2026-02-20 23:56:23] Found 33 new momentum setups from the last 2 days
[2026-02-20 23:56:24] Telegram summary sent
[2026-02-20 23:56:24] === MAIN ENGINE G COMPLETED ===
[2026-02-23 23:27:08] === MAIN ENGINE G STARTED ===
[2026-02-23 23:27:08] RUN DATE = 2026-02-23
[2026-02-23 23:27:08] Zerodha logged in (cached token)
[2026-02-23 23:27:11] Updating market OHLC data...
[2026-02-23 23:30:24] Market OHLC update completed
[2026-02-23 23:33:53] Running Momentum Engine G...
[2026-02-23 23:34:39] Momentum Engine G completed
[2026-02-23 23:34:39] Checking activations, SL hits & daily SL/E-SL updates (using market_ohlc.db)...
[2026-02-23 23:34:39] [SL UPDATE] ACTIVE BAJFINANCE: 899.2 → 922.5 (E-SL: False)
[2026-02-23 23:34:39] [SL UPDATE] ACTIVE IFCI: 58.3 → 59.0 (E-SL: False)
[2026-02-23 23:34:39] [SL UPDATE] ACTIVE JBCHEPHARM: 1820.8 → 1830.2 (E-SL: False)
[2026-02-23 23:34:40] [ACT] ACTIVATED TODAY: ABSLAMC @ 922.8
[2026-02-23 23:34:40] [ACT] ACTIVATED TODAY: ASTRAL @ 1646.8
[2026-02-23 23:34:40] [ACT] ACTIVATED TODAY: GRANULES @ 603.2
[2026-02-23 23:34:40] [ACT] ACTIVATED TODAY: GRAPHITE @ 697.9
[2026-02-23 23:34:40] [ACT] ACTIVATED TODAY: MAHABANK @ 69.5
[2026-02-23 23:34:40] [ACT] ACTIVATED TODAY: MAXHEALTH @ 1097.6
[2026-02-23 23:34:40] [ACT] ACTIVATED TODAY: MFSL @ 1855.9
[2026-02-23 23:34:40] [ACT] ACTIVATED TODAY: PNB @ 130.7
[2026-02-23 23:34:40] [ACT] ACTIVATED TODAY: SCHNEIDER @ 941.7
[2026-02-23 23:34:40] [ACT] ACTIVATED TODAY: SUNPHARMA @ 1730.5
[2026-02-23 23:34:40] [ACT] ACTIVATED TODAY: TORNTPOWER @ 1542.6
[2026-02-23 23:34:41] Sent activation/SL-hit/SL-update Telegram
[2026-02-23 23:34:42] Sent activation/SL-hit/SL-update Telegram
[2026-02-23 23:34:42] Activation, SL hit & update check completed
[2026-02-23 23:34:52] Running Divergence Engine G...
[2026-02-23 23:35:38] Divergence Engine G completed
[2026-02-23 23:35:38] Running ETF Accumulator Engine...
[2026-02-23 23:35:38] ETF Engine completed (no change)
[2026-02-23 23:35:38] Found 24 new momentum setups from the last 2 days
[2026-02-23 23:35:39] Telegram summary sent
[2026-02-23 23:35:39] === MAIN ENGINE G COMPLETED ===
[2026-02-24 22:27:01] === MAIN ENGINE G STARTED ===
[2026-02-24 22:27:01] RUN DATE = 2026-02-24
[2026-02-24 22:27:01] Zerodha logged in (cached token)
[2026-02-24 22:27:03] Updating market OHLC data...
[2026-02-24 22:30:25] Market OHLC update completed
[2026-02-24 22:32:51] Running Momentum Engine G...
[2026-02-24 22:33:39] Momentum Engine G completed
[2026-02-24 22:33:39] Checking activations, SL hits & daily SL/E-SL updates (using market_ohlc.db)...
[2026-02-24 22:33:39] [SL UPDATE] ACTIVE BAJFINANCE: 922.5 → 927.5 (E-SL: False)
[2026-02-24 22:33:39] [SL HIT] IFCI hit SL 59.0 today → row deleted
[2026-02-24 22:33:39] [SL UPDATE] ACTIVE ABSLAMC: 816.2 → 826.2 (E-SL: False)
[2026-02-24 22:33:39] [SL UPDATE] ACTIVE GRAPHITE: 624.1 → 624.7 (E-SL: False)
[2026-02-24 22:33:39] [SL UPDATE] ACTIVE MAXHEALTH: 997.5 → 999.4 (E-SL: False)
[2026-02-24 22:33:39] [SL UPDATE] ACTIVE MFSL: 1672.1 → 1678.5 (E-SL: False)
[2026-02-24 22:33:39] [ACT] ACTIVATED TODAY: PETRONET @ 308.2
[2026-02-24 22:33:39] [SL UPDATE] ACTIVE SUNPHARMA: 1552.0 → 1558.8 (E-SL: False)
[2026-02-24 22:33:39] [SL UPDATE] ACTIVE TORNTPOWER: 1375.1 → 1379.7 (E-SL: False)
[2026-02-24 22:33:39] [ACT] ACTIVATED TODAY: ASTERDM @ 649.3
[2026-02-24 22:33:39] [ACT] ACTIVATED TODAY: FEDERALBNK @ 297.2
[2026-02-24 22:33:39] [ACT] ACTIVATED TODAY: SAMMAANCAP @ 155.4
[2026-02-24 22:33:39] [ACT] ACTIVATED TODAY: SBIN @ 1233.6
[2026-02-24 22:33:39] [ACT] ACTIVATED TODAY: TITAN @ 4288.6
[2026-02-24 22:33:41] Sent activation/SL-hit/SL-update Telegram
[2026-02-24 22:33:42] Sent activation/SL-hit/SL-update Telegram
[2026-02-24 22:33:43] Sent activation/SL-hit/SL-update Telegram
[2026-02-24 22:33:43] Activation, SL hit & update check completed
[2026-02-24 22:40:50] Running Divergence Engine G...
[2026-02-24 22:41:36] Divergence Engine G completed
[2026-02-24 22:41:36] Running ETF Accumulator Engine...
[2026-02-24 22:41:37] ETF Engine completed (no change)
[2026-02-24 22:41:37] Found 39 new momentum setups from the last 2 days
[2026-02-24 22:41:38] Telegram summary sent
[2026-02-24 22:41:38] === MAIN ENGINE G COMPLETED ===
[2026-02-25 20:19:15] === MAIN ENGINE G STARTED ===
[2026-02-25 20:19:15] RUN DATE = 2026-02-25
[2026-02-25 20:19:16] Zerodha logged in (cached token)
[2026-02-25 20:19:18] Updating market OHLC data...
[2026-02-25 20:22:29] Market OHLC update completed
[2026-02-25 20:26:55] Running Momentum Engine G...
[2026-02-25 20:27:44] Momentum Engine G completed
[2026-02-25 20:27:44] Checking activations, SL hits & daily SL/E-SL updates (using market_ohlc.db)...
[2026-02-25 20:27:44] [SL UPDATE] ACTIVE ABSLAMC: 826.2 → 835.6 (E-SL: False)
[2026-02-25 20:27:45] [SL UPDATE] ACTIVE TORNTPOWER: 1379.7 → 1389.6 (E-SL: False)
[2026-02-25 20:27:45] [SL UPDATE] ACTIVE ASTERDM: 573.3 → 581.7 (E-SL: False)
[2026-02-25 20:27:45] [SL UPDATE] ACTIVE SBIN: 1097.0 → 1106.0 (E-SL: False)
[2026-02-25 20:27:45] [ACT] ACTIVATED TODAY: ADANIENSOL @ 1047.1
[2026-02-25 20:27:45] [ACT] ACTIVATED TODAY: CUMMINSIND @ 4951.8
[2026-02-25 20:27:45] [ACT] ACTIVATED TODAY: DELHIVERY @ 440.6
[2026-02-25 20:27:45] [ACT] ACTIVATED TODAY: LICI @ 887.8
[2026-02-25 20:27:45] [ACT] ACTIVATED TODAY: POWERGRID @ 306.8
[2026-02-25 20:27:45] [ACT] ACTIVATED TODAY: RRKABEL @ 1516.3
[2026-02-25 20:27:45] [ACT] ACTIVATED TODAY: TORNTPHARM @ 4431.8
[2026-02-25 20:27:46] Sent activation/SL-hit/SL-update Telegram
[2026-02-25 20:27:48] Sent activation/SL-hit/SL-update Telegram
[2026-02-25 20:27:48] Activation, SL hit & update check completed
[2026-02-25 20:27:55] Running Divergence Engine G...
[2026-02-25 20:28:41] Divergence Engine G completed
[2026-02-25 20:28:41] Running ETF Accumulator Engine...
[2026-02-25 20:28:41] ETF Engine completed (no change)
[2026-02-25 20:28:41] Found 55 new momentum setups from the last 2 days
[2026-02-25 20:28:42] Telegram summary sent
[2026-02-25 20:28:42] === MAIN ENGINE G COMPLETED ===
[2026-02-26 23:17:20] === MAIN ENGINE G STARTED ===
[2026-02-26 23:17:20] RUN DATE = 2026-02-26
[2026-02-26 23:17:21] Zerodha logged in (cached token)
[2026-02-26 23:17:23] Updating market OHLC data...
[2026-02-26 23:20:42] Market OHLC update completed
[2026-02-26 23:48:29] Running Momentum Engine G...
[2026-02-26 23:49:15] Momentum Engine G completed
[2026-02-26 23:49:15] Checking activations, SL hits & daily SL/E-SL updates (using market_ohlc.db)...
[2026-02-26 23:49:15] [ACT] ACTIVATED TODAY: GPIL @ 274.0
[2026-02-26 23:49:15] [SL UPDATE] ACTIVE TORNTPOWER: 1389.6 → 1408.5 (E-SL: False)
[2026-02-26 23:49:15] [SL UPDATE] ACTIVE CUMMINSIND: 4392.0 → 4428.0 (E-SL: False)
[2026-02-26 23:49:15] [ACT] ACTIVATED TODAY: GODREJCP @ 1240.4
[2026-02-26 23:49:15] [ACT] ACTIVATED TODAY: JBCHEPHARM @ 2091.4
[2026-02-26 23:49:15] [ACT] ACTIVATED TODAY: PNB @ 132.4
[2026-02-26 23:49:15] [SL UPDATE] ACTIVE POWERGRID: 272.4 → 276.2 (E-SL: False)
[2026-02-26 23:49:15] [SL UPDATE] ACTIVE TORNTPHARM: 3886.7 → 3991.5 (E-SL: False)
[2026-02-26 23:49:16] [ACT] ACTIVATED TODAY: ASTRAL @ 1690.9
[2026-02-26 23:49:16] [ACT] ACTIVATED TODAY: BIOCON @ 397.6
[2026-02-26 23:49:16] [ACT] ACTIVATED TODAY: CANBK @ 159.9
[2026-02-26 23:49:16] [ACT] ACTIVATED TODAY: CHOLAFIN @ 1760.5
[2026-02-26 23:49:16] [ACT] ACTIVATED TODAY: FEDERALBNK @ 301.7
[2026-02-26 23:49:16] [ACT] ACTIVATED TODAY: GVT&D @ 3875.7
[2026-02-26 23:49:16] [ACT] ACTIVATED TODAY: NATCOPHARM @ 992.0
[2026-02-26 23:49:16] [ACT] ACTIVATED TODAY: SARDAEN @ 536.1
[2026-02-26 23:49:17] Sent activation/SL-hit/SL-update Telegram
[2026-02-26 23:49:18] Sent activation/SL-hit/SL-update Telegram
[2026-02-26 23:49:18] Activation, SL hit & update check completed
[2026-02-26 23:49:27] Running Divergence Engine G...
[2026-02-26 23:50:11] Divergence Engine G completed
[2026-02-26 23:50:11] Running ETF Accumulator Engine...
[2026-02-26 23:50:12] ETF Engine completed (no change)
[2026-02-26 23:50:12] Found 52 new momentum setups from the last 2 days
[2026-02-26 23:50:13] Telegram summary sent
[2026-02-26 23:50:13] === MAIN ENGINE G COMPLETED ===
[2026-02-27 21:57:16] === MAIN ENGINE G STARTED ===
[2026-02-27 21:57:16] RUN DATE = 2026-02-27
[2026-02-27 21:57:16] Zerodha logged in (cached token)
[2026-02-27 21:57:19] Updating market OHLC data...
[2026-02-27 22:00:33] Market OHLC update completed
[2026-02-27 22:04:20] Running Momentum Engine G...
[2026-02-27 22:05:04] Momentum Engine G completed
[2026-02-27 22:05:04] Checking activations, SL hits & daily SL/E-SL updates (using market_ohlc.db)...
[2026-02-27 22:05:04] [SL UPDATE] ACTIVE EICHERMOT: 7258.5 → 7401.6 (E-SL: False)
[2026-02-27 22:05:04] [SL UPDATE] ACTIVE GPIL: 244.5 → 253.8 (E-SL: False)
[2026-02-27 22:05:04] [ACT] ACTIVATED TODAY: IDBI @ 116.6
[2026-02-27 22:05:04] [SL UPDATE] ACTIVE CUMMINSIND: 4428.0 → 4473.0 (E-SL: False)
[2026-02-27 22:05:04] [SL UPDATE] ACTIVE JBCHEPHARM: 1845.9 → 1879.1 (E-SL: False)
[2026-02-27 22:05:04] [SL UPDATE] ACTIVE LICI: 802.5 → 856.6 (E-SL: False)
[2026-02-27 22:05:04] [SL UPDATE] ACTIVE PNB: 117.2 → 117.9 (E-SL: False)
[2026-02-27 22:05:04] [ACT] ACTIVATED TODAY: ASHOKLEY @ 214.1
[2026-02-27 22:05:04] [SL UPDATE] ACTIVE ASTRAL: 1492.2 → 1512.1 (E-SL: False)
[2026-02-27 22:05:04] [SL UPDATE] ACTIVE BIOCON: 363.6 → 364.6 (E-SL: False)
[2026-02-27 22:05:04] [SL UPDATE] ACTIVE CANBK: 141.4 → 143.1 (E-SL: False)
[2026-02-27 22:05:04] [SL UPDATE] ACTIVE FEDERALBNK: 276.9 → 279.8 (E-SL: False)
[2026-02-27 22:05:05] [SL UPDATE] ACTIVE GVT&D: 3357.0 → 3478.5 (E-SL: False)
[2026-02-27 22:05:05] [ACT] ACTIVATED TODAY: BANKINDIA @ 178.3
[2026-02-27 22:05:05] [ACT] ACTIVATED TODAY: BHARATFORG @ 1923.7
[2026-02-27 22:05:05] [ACT] ACTIVATED TODAY: BPCL @ 387.8
[2026-02-27 22:05:05] [ACT] ACTIVATED TODAY: DATAPATTNS @ 3286.6
[2026-02-27 22:05:05] [ACT] ACTIVATED TODAY: FORTIS @ 967.4
[2026-02-27 22:05:05] [ACT] ACTIVATED TODAY: GRAPHITE @ 737.9
[2026-02-27 22:05:05] [ACT] ACTIVATED TODAY: HEG @ 590.8
[2026-02-27 22:05:05] [ACT] ACTIVATED TODAY: INDIANB @ 999.9
[2026-02-27 22:05:05] [ACT] ACTIVATED TODAY: IOC @ 187.2
[2026-02-27 22:05:05] [ACT] ACTIVATED TODAY: JSL @ 813.1
[2026-02-27 22:05:05] [ACT] ACTIVATED TODAY: MAHABANK @ 76.1
[2026-02-27 22:05:05] [ACT] ACTIVATED TODAY: SAIL @ 166.2
[2026-02-27 22:05:06] Sent activation/SL-hit/SL-update Telegram
[2026-02-27 22:05:07] Sent activation/SL-hit/SL-update Telegram
[2026-02-27 22:05:07] Activation, SL hit & update check completed
[2026-02-27 22:05:11] Running Divergence Engine G...
[2026-02-27 22:05:54] Divergence Engine G completed
[2026-02-27 22:05:54] Running ETF Accumulator Engine...
[2026-02-27 22:05:55] ETF Engine completed (no change)
[2026-02-27 22:05:55] Found 46 new momentum setups from the last 2 days
[2026-02-27 22:05:56] Telegram summary sent
[2026-02-27 22:05:56] === MAIN ENGINE G COMPLETED ===
[2026-03-03 23:00:02] === MAIN ENGINE G STARTED ===
[2026-03-03 23:00:02] RUN DATE = 2026-03-03
[2026-03-03 23:00:02] Zerodha logged in (cached token)
[2026-03-03 23:00:05] Updating market OHLC data...
[2026-03-03 23:03:15] Market OHLC update completed
[2026-03-03 23:16:38] Running Momentum Engine G...
[2026-03-03 23:17:25] Momentum Engine G completed
[2026-03-03 23:17:25] Checking activations, SL hits & daily SL/E-SL updates (using market_ohlc.db)...
[2026-03-03 23:17:26] [SL UPDATE] ACTIVE BAJFINANCE: 927.5 → 958.3 (E-SL: False)
[2026-03-03 23:17:26] [SL UPDATE] ACTIVE EICHERMOT: 7401.6 → 7638.3 (E-SL: False)
[2026-03-03 23:17:26] [SL HIT] KIRLOSENG hit SL 1285.1 today → row deleted
[2026-03-03 23:17:26] [SL HIT] BAJAJFINSV hit SL 1963.2 today → row deleted
[2026-03-03 23:17:26] [SL UPDATE] ACTIVE GMRAIRPORT: 92.6 → 94.1 (E-SL: False)
[2026-03-03 23:17:26] [SL HIT] GPIL hit SL 253.8 today → row deleted
[2026-03-03 23:17:26] [SL UPDATE] ACTIVE IDBI: 100.7 → 104.4 (E-SL: False)
[2026-03-03 23:17:26] [SL UPDATE] ACTIVE ABSLAMC: 835.6 → 845.9 (E-SL: False)
[2026-03-03 23:17:26] [SL UPDATE] ACTIVE GRANULES: 549.6 → 552.4 (E-SL: False)
[2026-03-03 23:17:26] [SL UPDATE] ACTIVE MFSL: 1678.5 → 1747.8 (E-SL: False)
[2026-03-03 23:17:26] [SL HIT] ADANIENSOL hit SL 962.6 today → row deleted
[2026-03-03 23:17:26] [SL UPDATE] ACTIVE JBCHEPHARM: 1879.1 → 1954.3 (E-SL: False)
[2026-03-03 23:17:26] [SL HIT] LICI hit SL 856.6 today → row deleted
[2026-03-03 23:17:26] [SL UPDATE] ACTIVE PNB: 117.9 → 118.6 (E-SL: False)
[2026-03-03 23:17:26] [SL UPDATE] ACTIVE POWERGRID: 276.2 → 286.6 (E-SL: False)
[2026-03-03 23:17:26] [SL UPDATE] ACTIVE TORNTPHARM: 3991.5 → 4133.4 (E-SL: False)
[2026-03-03 23:17:26] [SL UPDATE] ACTIVE ASHOKLEY: 189.9 → 198.0 (E-SL: False)
[2026-03-03 23:17:26] [SL UPDATE] ACTIVE ASTRAL: 1512.1 → 1574.6 (E-SL: False)
[2026-03-03 23:17:26] [SL UPDATE] ACTIVE BIOCON: 364.6 → 376.2 (E-SL: False)
[2026-03-03 23:17:26] [SL UPDATE] ACTIVE CANBK: 143.1 → 143.4 (E-SL: False)
[2026-03-03 23:17:26] [SL UPDATE] ACTIVE BANKINDIA: 158.0 → 159.4 (E-SL: False)
[2026-03-03 23:17:26] [SL UPDATE] ACTIVE BHARATFORG: 1714.5 → 1723.5 (E-SL: False)
[2026-03-03 23:17:26] [SL UPDATE] ACTIVE DATAPATTNS: 2792.7 → 2891.1 (E-SL: False)
[2026-03-03 23:17:26] [SL UPDATE] ACTIVE FORTIS: 839.7 → 894.7 (E-SL: False)
[2026-03-03 23:17:26] [SL UPDATE] ACTIVE GRAPHITE: 651.9 → 657.0 (E-SL: False)
[2026-03-03 23:17:26] [SL UPDATE] ACTIVE HEG: 520.1 → 524.5 (E-SL: False)
[2026-03-03 23:17:26] [SL UPDATE] ACTIVE IOC: 164.7 → 168.3 (E-SL: False)
[2026-03-03 23:17:26] [SL UPDATE] ACTIVE JSL: 726.7 → 728.9 (E-SL: False)
[2026-03-03 23:17:26] [SL UPDATE] ACTIVE MAHABANK: 66.9 → 68.1 (E-SL: False)
[2026-03-03 23:17:28] Sent activation/SL-hit/SL-update Telegram
[2026-03-03 23:17:29] Sent activation/SL-hit/SL-update Telegram
[2026-03-03 23:17:29] Activation, SL hit & update check completed
[2026-03-03 23:17:37] Running Divergence Engine G...
[2026-03-03 23:18:19] Divergence Engine G completed
[2026-03-03 23:18:19] Running ETF Accumulator Engine...
[2026-03-03 23:18:20] ETF Engine completed (no change)
[2026-03-03 23:18:20] Found 4 new momentum setups from the last 2 days
[2026-03-03 23:18:21] Telegram summary sent
[2026-03-03 23:18:21] === MAIN ENGINE G COMPLETED ===
[2026-03-05 00:01:30] === MAIN ENGINE G STARTED ===
[2026-03-05 00:01:30] RUN DATE = 2026-03-05
[2026-03-05 00:01:31] Zerodha logged in (cached token)
[2026-03-05 00:01:33] Updating market OHLC data...
[2026-03-05 00:04:41] Market OHLC update completed
[2026-03-05 00:07:12] Running Momentum Engine G...
[2026-03-05 00:07:57] Momentum Engine G completed
[2026-03-05 00:07:57] Checking activations, SL hits & daily SL/E-SL updates (using market_ohlc.db)...
[2026-03-05 00:07:57] [SL HIT] BAJFINANCE hit SL 958.3 today → row deleted
[2026-03-05 00:07:57] [SL HIT] EICHERMOT hit SL 7638.3 today → row deleted
[2026-03-05 00:07:57] [SL HIT] GMRAIRPORT hit SL 94.1 today → row deleted
[2026-03-05 00:07:57] [SL UPDATE] ACTIVE IDBI: 104.4 → 107.2 (E-SL: False)
[2026-03-05 00:07:57] [SL HIT] ABSLAMC hit SL 845.9 today → row deleted
[2026-03-05 00:07:57] [SL HIT] GRANULES hit SL 552.4 today → row deleted
[2026-03-05 00:07:57] [SL HIT] MFSL hit SL 1747.8 today → row deleted
[2026-03-05 00:07:57] [SL UPDATE] ACTIVE TORNTPOWER: 1408.5 → 1451.5 (E-SL: False)
[2026-03-05 00:07:57] [SL UPDATE] ACTIVE SBIN: 1106.0 → 1146.0 (E-SL: False)
[2026-03-05 00:07:57] [SL UPDATE] ACTIVE CUMMINSIND: 4473.0 → 4517.9 (E-SL: False)
[2026-03-05 00:07:57] [SL HIT] GODREJCP hit SL 1160.1 today → row deleted
[2026-03-05 00:07:57] [SL UPDATE] ACTIVE PNB: 118.6 → 119.2 (E-SL: False)
[2026-03-05 00:07:57] [SL HIT] ASHOKLEY hit SL 198.0 today → row deleted
[2026-03-05 00:07:57] [SL HIT] BIOCON hit SL 376.2 today → row deleted
[2026-03-05 00:07:57] [SL UPDATE] ACTIVE CANBK: 143.4 → 144.1 (E-SL: False)
[2026-03-05 00:07:57] [SL HIT] CHOLAFIN hit SL 1645.4 today → row deleted
[2026-03-05 00:07:57] [SL UPDATE] ACTIVE FEDERALBNK: 279.8 → 280.3 (E-SL: False)
[2026-03-05 00:07:57] [SL UPDATE] ACTIVE GVT&D: 3478.5 → 3570.9 (E-SL: False)
[2026-03-05 00:07:57] [SL HIT] BPCL hit SL 358.7 today → row deleted
[2026-03-05 00:07:57] [SL UPDATE] ACTIVE GRAPHITE: 657.0 → 657.9 (E-SL: False)
[2026-03-05 00:07:58] [SL UPDATE] ACTIVE INDIANB: 889.2 → 906.5 (E-SL: False)
[2026-03-05 00:07:58] [SL UPDATE] ACTIVE JSL: 728.9 → 731.2 (E-SL: False)
[2026-03-05 00:07:58] [SL HIT] MAHABANK hit SL 68.1 today → row deleted
[2026-03-05 00:07:58] [ACT] ACTIVATED TODAY: BEL @ 457.6
[2026-03-05 00:07:59] Sent activation/SL-hit/SL-update Telegram
[2026-03-05 00:08:00] Sent activation/SL-hit/SL-update Telegram
[2026-03-05 00:08:01] Sent activation/SL-hit/SL-update Telegram
[2026-03-05 00:08:01] Activation, SL hit & update check completed
[2026-03-05 00:08:05] Running Divergence Engine G...
[2026-03-05 00:08:48] Divergence Engine G completed
[2026-03-05 00:08:48] Running ETF Accumulator Engine...
[2026-03-05 00:08:49] ETF Engine completed (no change)
[2026-03-05 00:08:49] Found 3 new momentum setups from the last 2 days
[2026-03-05 00:08:50] Telegram summary sent
[2026-03-05 00:08:50] === MAIN ENGINE G COMPLETED ===
[2026-03-08 23:43:51] === MAIN ENGINE G STARTED ===
[2026-03-08 23:43:51] RUN DATE = 2026-03-08
[2026-03-08 23:43:51] Zerodha logged in (cached token)
[2026-03-08 23:43:53] Updating market OHLC data...
[2026-03-08 23:47:00] Market OHLC update completed
[2026-03-08 23:47:12] Running Momentum Engine G...
[2026-03-08 23:48:01] Momentum Engine G completed
[2026-03-08 23:48:01] Checking activations, SL hits & daily SL/E-SL updates (using market_ohlc.db)...
[2026-03-08 23:48:01] [ACT] ACTIVATED TODAY: LTFOODS @ 442.8
[2026-03-08 23:48:01] [SL HIT] SBIN hit SL 1146.0 today → row deleted
[2026-03-08 23:48:01] [SL HIT] PNB hit SL 119.2 today → row deleted
[2026-03-08 23:48:01] [ACT] ACTIVATED TODAY: COALINDIA @ 440.5
[2026-03-08 23:48:01] [SL HIT] BANKINDIA hit SL 159.4 today → row deleted
[2026-03-08 23:48:01] [SL UPDATE] ACTIVE BHARATFORG: 1723.5 → 1731.5 (E-SL: False)
[2026-03-08 23:48:01] [SL HIT] FORTIS hit SL 894.7 today → row deleted
[2026-03-08 23:48:01] [SL UPDATE] ACTIVE HEG: 524.5 → 529.0 (E-SL: False)
[2026-03-08 23:48:01] [SL HIT] IOC hit SL 168.3 today → row deleted
[2026-03-08 23:48:01] [ACT] ACTIVATED TODAY: CHENNPETRO @ 1014.0
[2026-03-08 23:48:02] Sent activation/SL-hit/SL-update Telegram
[2026-03-08 23:48:03] Sent activation/SL-hit/SL-update Telegram
[2026-03-08 23:48:05] Sent activation/SL-hit/SL-update Telegram
[2026-03-08 23:48:05] Activation, SL hit & update check completed
[2026-03-08 23:48:10] Running Divergence Engine G...
[2026-03-08 23:48:53] Divergence Engine G completed
[2026-03-08 23:48:53] Running ETF Accumulator Engine...
[2026-03-08 23:48:54] ETF Engine completed (no change)
[2026-03-08 23:48:54] Found 11 new momentum setups from the last 2 days
[2026-03-08 23:48:55] Telegram summary sent
[2026-03-08 23:48:55] === MAIN ENGINE G COMPLETED ===
[2026-03-09 23:54:15] === MAIN ENGINE G STARTED ===
[2026-03-09 23:54:15] RUN DATE = 2026-03-09
[2026-03-09 23:54:15] Zerodha logged in (cached token)
[2026-03-09 23:54:17] Updating market OHLC data...
[2026-03-09 23:57:23] Market OHLC update completed
[2026-03-09 23:57:32] Running Momentum Engine G...
[2026-03-09 23:58:19] Momentum Engine G completed
[2026-03-09 23:58:19] Checking activations, SL hits & daily SL/E-SL updates (using market_ohlc.db)...
[2026-03-09 23:58:19] [SL HIT] LTFOODS hit SL 386.0 today → row deleted
[2026-03-09 23:58:19] [SL HIT] IDBI hit SL 107.2 today → row deleted
[2026-03-09 23:58:19] [SL HIT] TORNTPOWER hit SL 1451.5 today → row deleted
[2026-03-09 23:58:19] [SL HIT] POWERGRID hit SL 286.6 today → row deleted
[2026-03-09 23:58:20] [SL HIT] CANBK hit SL 144.1 today → row deleted
[2026-03-09 23:58:20] [SL UPDATE] ACTIVE COALINDIA: 402.5 → 410.9 (E-SL: False)
[2026-03-09 23:58:20] [SL HIT] FEDERALBNK hit SL 280.3 today → row deleted
[2026-03-09 23:58:20] [SL HIT] GRAPHITE hit SL 657.9 today → row deleted
[2026-03-09 23:58:20] [SL HIT] HEG hit SL 529.0 today → row deleted
[2026-03-09 23:58:20] [SL HIT] INDIANB hit SL 906.5 today → row deleted
[2026-03-09 23:58:20] [SL HIT] JSL hit SL 731.2 today → row deleted
[2026-03-09 23:58:20] [SL HIT] SAIL hit SL 150.5 today → row deleted
[2026-03-09 23:58:20] [SL UPDATE] ACTIVE CHENNPETRO: 864.5 → 906.8 (E-SL: False)
[2026-03-09 23:58:20] [ACT] ACTIVATED TODAY: ASTERDM @ 688.0
[2026-03-09 23:58:20] [ACT] ACTIVATED TODAY: SUNPHARMA @ 1809.2
[2026-03-09 23:58:21] Sent activation/SL-hit/SL-update Telegram
[2026-03-09 23:58:22] Sent activation/SL-hit/SL-update Telegram
[2026-03-09 23:58:23] Sent activation/SL-hit/SL-update Telegram
[2026-03-09 23:58:23] Activation, SL hit & update check completed
[2026-03-09 23:58:28] Running Divergence Engine G...
[2026-03-09 23:59:10] Divergence Engine G completed
[2026-03-09 23:59:10] Running ETF Accumulator Engine...
[2026-03-09 23:59:11] ETF Engine completed (no change)
[2026-03-09 23:59:11] Found 2 new momentum setups from the last 2 days
[2026-03-09 23:59:12] Telegram summary sent
[2026-03-09 23:59:12] === MAIN ENGINE G COMPLETED ===
[2026-03-10 23:30:02] === MAIN ENGINE G STARTED ===
[2026-03-10 23:30:02] RUN DATE = 2026-03-10
[2026-03-10 23:30:03] Zerodha logged in (cached token)
[2026-03-10 23:30:04] Updating market OHLC data...
[2026-03-10 23:33:12] Market OHLC update completed
[2026-03-10 23:35:10] Running Momentum Engine G...
[2026-03-10 23:35:56] Momentum Engine G completed
[2026-03-10 23:35:56] Checking activations, SL hits & daily SL/E-SL updates (using market_ohlc.db)...
[2026-03-10 23:35:56] [SL UPDATE] ACTIVE SCHNEIDER: 828.4 → 856.0 (E-SL: False)
[2026-03-10 23:35:56] [SL UPDATE] ACTIVE CUMMINSIND: 4517.9 → 4622.1 (E-SL: False)
[2026-03-10 23:35:56] [SL UPDATE] ACTIVE COALINDIA: 410.9 → 417.9 (E-SL: False)
[2026-03-10 23:35:56] [SL UPDATE] ACTIVE GVT&D: 3570.9 → 3598.2 (E-SL: False)
[2026-03-10 23:35:56] [SL UPDATE] ACTIVE BHARATFORG: 1731.5 → 1789.2 (E-SL: False)
[2026-03-10 23:35:56] [SL UPDATE] ACTIVE CHENNPETRO: 906.8 → 907.5 (E-SL: True)
[2026-03-10 23:35:56] [SL UPDATE] ACTIVE ASTERDM: 606.5 → 625.6 (E-SL: False)
[2026-03-10 23:35:56] [ACT] ACTIVATED TODAY: FINCABLES @ 978.6
[2026-03-10 23:35:57] Sent activation/SL-hit/SL-update Telegram
[2026-03-10 23:35:58] Sent activation/SL-hit/SL-update Telegram
[2026-03-10 23:35:58] Activation, SL hit & update check completed
[2026-03-11 00:10:20] Running Divergence Engine G...
[2026-03-11 00:11:04] Divergence Engine G completed
[2026-03-11 00:11:04] Running ETF Accumulator Engine...
[2026-03-11 00:11:06] ETF Engine completed (no change)
[2026-03-11 00:11:06] Found 9 new momentum setups from the last 2 days
[2026-03-11 00:11:07] Telegram summary sent
[2026-03-11 00:11:07] === MAIN ENGINE G COMPLETED ===
[2026-03-11 20:13:14] === MAIN ENGINE G STARTED ===
[2026-03-11 20:13:14] RUN DATE = 2026-03-11
[2026-03-11 20:13:14] Zerodha logged in (cached token)
[2026-03-11 20:13:17] Updating market OHLC data...
[2026-03-11 20:17:23] Market OHLC update completed
[2026-03-11 20:17:32] Running Momentum Engine G...
[2026-03-11 20:22:22] Momentum Engine G completed
[2026-03-11 20:22:22] Checking activations, SL hits & daily SL/E-SL updates (using market_ohlc.db)...
[2026-03-11 20:22:22] [SL HIT] CUMMINSIND hit SL 4622.1 today → row deleted
[2026-03-11 20:22:23] [ACT] ACTIVATED TODAY: CGPOWER @ 735.2
[2026-03-11 20:22:23] [ACT] ACTIVATED TODAY: DRREDDY @ 1329.7
[2026-03-11 20:22:23] [ACT] ACTIVATED TODAY: VEDL @ 739.8
[2026-03-11 20:22:24] [ACT] ACTIVATED TODAY: J&KBANK @ 123.8
[2026-03-11 20:22:24] [SL HIT] CHENNPETRO hit SL 937.0 today → row deleted
[2026-03-11 20:22:24] [SL UPDATE] ACTIVE FINCABLES: 851.8 → 901.0 (E-SL: False)
[2026-03-11 20:22:24] [ACT] ACTIVATED TODAY: GESHIP @ 1437.9
[2026-03-11 20:22:24] [ACT] ACTIVATED TODAY: LUPIN @ 2374.2
[2026-03-11 20:22:24] [ACT] ACTIVATED TODAY: NATIONALUM @ 402.8
[2026-03-11 20:22:24] [ACT] ACTIVATED TODAY: JBCHEPHARM @ 2129.2
[2026-03-11 20:22:27] Sent activation/SL-hit/SL-update Telegram
[2026-03-11 20:22:28] Sent activation/SL-hit/SL-update Telegram
[2026-03-11 20:22:30] Sent activation/SL-hit/SL-update Telegram
[2026-03-11 20:22:30] Activation, SL hit & update check completed
[2026-03-11 20:23:19] Running Divergence Engine G...
[2026-03-11 20:28:03] Divergence Engine G completed
[2026-03-11 20:28:03] Running ETF Accumulator Engine...
[2026-03-11 20:28:05] ETF Engine completed (no change)
[2026-03-11 20:28:05] Found 9 new momentum setups from the last 2 days
[2026-03-11 20:28:07] Telegram summary sent
[2026-03-11 20:28:07] === MAIN ENGINE G COMPLETED ===
[2026-03-12 22:21:04] === MAIN ENGINE G STARTED ===
[2026-03-12 22:21:04] RUN DATE = 2026-03-12
[2026-03-12 22:21:04] Zerodha logged in (cached token)
[2026-03-12 22:21:07] Updating market OHLC data...
[2026-03-12 22:24:20] Market OHLC update completed
[2026-03-12 22:24:29] Running Momentum Engine G...
[2026-03-12 22:25:17] Momentum Engine G completed
[2026-03-12 22:25:17] Checking activations, SL hits & daily SL/E-SL updates (using market_ohlc.db)...
[2026-03-12 22:25:17] [SL UPDATE] ACTIVE ASTRAL: 1574.6 → 1617.3 (E-SL: False)
[2026-03-12 22:25:17] [ACT] ACTIVATED TODAY: NTPC @ 389.3
[2026-03-12 22:25:17] [SL HIT] BHARATFORG hit SL 1789.2 today → row deleted
[2026-03-12 22:25:18] [SL UPDATE] ACTIVE VEDL: 655.6 → 685.9 (E-SL: False)
[2026-03-12 22:25:18] [SL UPDATE] ACTIVE J&KBANK: 109.0 → 116.6 (E-SL: False)
[2026-03-12 22:25:18] [SL UPDATE] ACTIVE ASTERDM: 625.6 → 638.0 (E-SL: False)
[2026-03-12 22:25:18] [SL HIT] FINCABLES hit SL 901.0 today → row deleted
[2026-03-12 22:25:18] [SL UPDATE] ACTIVE LUPIN: 2099.6 → 2180.8 (E-SL: False)
[2026-03-12 22:25:18] [ACT] ACTIVATED TODAY: CCL @ 1061.1
[2026-03-12 22:25:18] [SL UPDATE] ACTIVE JBCHEPHARM: 1954.3 → 1978.1 (E-SL: False)
[2026-03-12 22:25:19] Sent activation/SL-hit/SL-update Telegram
[2026-03-12 22:25:20] Sent activation/SL-hit/SL-update Telegram
[2026-03-12 22:25:22] Sent activation/SL-hit/SL-update Telegram
[2026-03-12 22:25:22] Activation, SL hit & update check completed
[2026-03-12 22:25:36] Running Divergence Engine G...
[2026-03-12 22:26:20] Divergence Engine G completed
[2026-03-12 22:26:20] Running ETF Accumulator Engine...
[2026-03-12 22:26:21] ETF Engine completed (no change)
[2026-03-12 22:26:21] Found 16 new momentum setups from the last 2 days
[2026-03-12 22:26:22] Telegram summary sent
[2026-03-12 22:26:22] === MAIN ENGINE G COMPLETED ===
[2026-03-15 21:43:38] === MAIN ENGINE G STARTED ===
[2026-03-15 21:43:38] RUN DATE = 2026-03-15
[2026-03-15 21:43:38] Zerodha logged in (cached token)
[2026-03-15 21:43:40] Updating market OHLC data...
[2026-03-15 21:46:53] Market OHLC update completed
[2026-03-15 21:48:28] Running Momentum Engine G...
[2026-03-15 21:49:14] Momentum Engine G completed
[2026-03-15 21:49:14] Checking activations, SL hits & daily SL/E-SL updates (using market_ohlc.db)...
[2026-03-15 21:49:14] [SL HIT] ASTRAL hit SL 1617.3 today → row deleted
[2026-03-15 21:49:14] [SL HIT] GVT&D hit SL 3598.2 today → row deleted
[2026-03-15 21:49:14] [SL UPDATE] ACTIVE NTPC: 345.7 → 363.3 (E-SL: False)
[2026-03-15 21:49:14] [SL HIT] VEDL hit SL 685.9 today → row deleted
[2026-03-15 21:49:15] [SL UPDATE] ACTIVE J&KBANK: 116.6 → 118.8 (E-SL: False)
[2026-03-15 21:49:15] [SL UPDATE] ACTIVE LUPIN: 2180.8 → 2193.4 (E-SL: False)
[2026-03-15 21:49:15] [SL UPDATE] ACTIVE CCL: 985.8 → 988.6 (E-SL: False)
[2026-03-15 21:49:15] [SL UPDATE] ACTIVE JBCHEPHARM: 1978.1 → 1980.9 (E-SL: False)
[2026-03-15 21:49:15] [ACT] ACTIVATED TODAY: ABB @ 6442.4
[2026-03-15 21:49:15] [ACT] ACTIVATED TODAY: ADANIPOWER @ 152.3
[2026-03-15 21:49:15] [ACT] ACTIVATED TODAY: CGPOWER @ 741.7
[2026-03-15 21:49:15] [ACT] ACTIVATED TODAY: COALINDIA @ 474.9
[2026-03-15 21:49:15] [ACT] ACTIVATED TODAY: GESHIP @ 1495.6
[2026-03-15 21:49:15] [ACT] ACTIVATED TODAY: JSWENERGY @ 529.1
[2026-03-15 21:49:15] [ACT] ACTIVATED TODAY: NATIONALUM @ 411.0
[2026-03-15 21:49:16] Sent activation/SL-hit/SL-update Telegram
[2026-03-15 21:49:17] Sent activation/SL-hit/SL-update Telegram
[2026-03-15 21:49:18] Sent activation/SL-hit/SL-update Telegram
[2026-03-15 21:49:18] Activation, SL hit & update check completed
[2026-03-15 21:49:56] Running Divergence Engine G...
[2026-03-15 21:50:41] Divergence Engine G completed
[2026-03-15 21:50:41] Running ETF Accumulator Engine...
[2026-03-15 21:50:42] ETF Engine completed (no change)
[2026-03-15 21:50:42] No recent momentum setups found
[2026-03-15 21:50:42] === MAIN ENGINE G COMPLETED ===
[2026-03-17 22:20:20] === MAIN ENGINE G STARTED ===
[2026-03-17 22:20:20] RUN DATE = 2026-03-17
[2026-03-17 22:20:21] Zerodha logged in (cached token)
[2026-03-17 22:20:22] Updating market OHLC data...
[2026-03-17 22:23:29] Market OHLC update completed
[2026-03-17 23:49:53] Running Momentum Engine G...
[2026-03-17 23:50:47] Momentum Engine G completed
[2026-03-17 23:50:47] Checking activations, SL hits & daily SL/E-SL updates (using market_ohlc.db)...
[2026-03-17 23:50:47] [SL UPDATE] ACTIVE LUPIN: 2193.4 → 2228.5 (E-SL: False)
[2026-03-17 23:50:47] [SL UPDATE] ACTIVE ABB: 5819.9 → 5945.0 (E-SL: False)
[2026-03-17 23:50:48] [SL UPDATE] ACTIVE ADANIPOWER: 131.4 → 143.3 (E-SL: False)
[2026-03-17 23:50:48] [SL UPDATE] ACTIVE CGPOWER: 678.9 → 688.2 (E-SL: False)
[2026-03-17 23:50:48] [SL UPDATE] ACTIVE COALINDIA: 417.9 → 437.1 (E-SL: False)
[2026-03-17 23:50:48] [SL UPDATE] ACTIVE GESHIP: 1326.4 → 1383.6 (E-SL: True)
[2026-03-17 23:50:48] [SL UPDATE] ACTIVE JSWENERGY: 462.4 → 482.7 (E-SL: False)
[2026-03-17 23:50:48] [SL UPDATE] ACTIVE NATIONALUM: 369.8 → 379.9 (E-SL: True)
[2026-03-17 23:50:49] Sent activation/SL-hit/SL-update Telegram
[2026-03-17 23:50:49] Activation, SL hit & update check completed
[2026-03-17 23:50:59] Running Divergence Engine G...
[2026-03-17 23:51:43] Divergence Engine G completed
[2026-03-17 23:51:43] Running ETF Accumulator Engine...
[2026-03-17 23:51:43] ETF Engine completed (no change)
[2026-03-17 23:51:43] Found 4 new momentum setups from the last 2 days
[2026-03-17 23:51:45] Telegram summary sent
[2026-03-17 23:51:45] === MAIN ENGINE G COMPLETED ===
[2026-03-23 10:07:46] === MAIN ENGINE G STARTED ===
[2026-03-23 10:07:46] RUN DATE = 2026-03-23
[2026-03-23 10:07:47] Zerodha token expired
[2026-03-23 10:07:47] Zerodha login required
[2026-03-23 10:09:03] Zerodha login successful (new token)
[2026-03-23 10:09:06] Updating market OHLC data...
[2026-03-23 10:12:14] Market OHLC update completed
[2026-03-23 10:12:24] Running Momentum Engine G...
[2026-03-23 10:13:18] Momentum Engine G completed
[2026-03-23 10:13:18] Checking activations, SL hits & daily SL/E-SL updates (using market_ohlc.db)...
[2026-03-23 10:13:18] [SL UPDATE] ACTIVE TORNTPHARM: 4133.4 → 4157.0 (E-SL: False)
[2026-03-23 10:13:18] [SL UPDATE] ACTIVE NTPC: 363.3 → 367.7 (E-SL: False)
[2026-03-23 10:13:18] [SL HIT] J&KBANK hit SL 118.8 today → row deleted
[2026-03-23 10:13:18] [SL HIT] ASTERDM hit SL 638.0 today → row deleted
[2026-03-23 10:13:18] [SL UPDATE] ACTIVE JBCHEPHARM: 1980.9 → 1989.9 (E-SL: False)
[2026-03-23 10:13:18] [SL UPDATE] ACTIVE ADANIPOWER: 143.3 → 144.4 (E-SL: False)
[2026-03-23 10:13:18] [SL HIT] CGPOWER hit SL 688.2 today → row deleted
[2026-03-23 10:13:18] [SL HIT] NATIONALUM hit SL 379.9 today → row deleted
[2026-03-23 10:13:18] [ACT] ACTIVATED TODAY: TATAPOWER @ 408.2
[2026-03-23 10:13:19] Sent activation/SL-hit/SL-update Telegram
[2026-03-23 10:13:20] Sent activation/SL-hit/SL-update Telegram
[2026-03-23 10:13:21] Sent activation/SL-hit/SL-update Telegram
[2026-03-23 10:13:21] Activation, SL hit & update check completed
[2026-03-23 10:13:28] Running Divergence Engine G...
[2026-03-23 10:14:16] Divergence Engine G completed
[2026-03-23 10:14:16] Running ETF Accumulator Engine...
[2026-03-23 10:14:17] ETF Engine completed (no change)
[2026-03-23 10:14:17] No recent momentum setups found
[2026-03-23 10:14:17] === MAIN ENGINE G COMPLETED ===
[2026-03-24 23:37:20] === MAIN ENGINE G STARTED ===
[2026-03-24 23:37:20] RUN DATE = 2026-03-24
[2026-03-24 23:37:21] Zerodha logged in (cached token)
[2026-03-24 23:37:25] Updating market OHLC data...
[2026-03-24 23:40:39] Market OHLC update completed
[2026-03-24 23:42:22] Running Momentum Engine G...
[2026-03-24 23:43:29] Momentum Engine G completed
[2026-03-24 23:43:29] Checking activations, SL hits & daily SL/E-SL updates (using market_ohlc.db)...
[2026-03-24 23:43:29] [SL HIT] DRREDDY hit SL 1254.2 today → row deleted
[2026-03-24 23:43:30] [SL UPDATE] ACTIVE JBCHEPHARM: 1989.9 → 2048.5 (E-SL: False)
[2026-03-24 23:43:30] [SL HIT] GESHIP hit SL 1383.6 today → row deleted
[2026-03-24 23:43:30] [SL HIT] JSWENERGY hit SL 482.7 today → row deleted
[2026-03-24 23:43:30] [SL UPDATE] ACTIVE TATAPOWER: 357.7 → 374.2 (E-SL: False)
[2026-03-24 23:43:31] Sent activation/SL-hit/SL-update Telegram
[2026-03-24 23:43:33] Sent activation/SL-hit/SL-update Telegram
[2026-03-24 23:43:33] Activation, SL hit & update check completed
[2026-03-24 23:43:36] Running Divergence Engine G...
[2026-03-24 23:44:39] Divergence Engine G completed
[2026-03-24 23:44:39] Running ETF Accumulator Engine...
[2026-03-24 23:44:40] ETF Engine completed (no change)
[2026-03-24 23:44:40] Found 1 new momentum setups from the last 2 days
[2026-03-24 23:44:41] Telegram summary sent
[2026-03-24 23:44:41] === MAIN ENGINE G COMPLETED ===
[2026-03-25 22:18:46] === MAIN ENGINE G STARTED ===
[2026-03-25 22:18:46] RUN DATE = 2026-03-25
[2026-03-25 22:18:46] Zerodha logged in (cached token)
[2026-03-25 22:18:48] Updating market OHLC data...
[2026-03-25 22:21:58] Market OHLC update completed
[2026-03-25 22:26:35] Running Momentum Engine G...
[2026-03-25 22:27:19] Momentum Engine G completed
[2026-03-25 22:27:19] Checking activations, SL hits & daily SL/E-SL updates (using market_ohlc.db)...
[2026-03-25 22:27:20] [ACT] ACTIVATED TODAY: AUROPHARMA @ 1322.4
[2026-03-25 22:27:20] [ACT] ACTIVATED TODAY: CCL @ 1107.2
[2026-03-25 22:27:21] Sent activation/SL-hit/SL-update Telegram
[2026-03-25 22:27:21] Activation, SL hit & update check completed
[2026-03-25 22:27:26] Running Divergence Engine G...
[2026-03-25 22:28:09] Divergence Engine G completed
[2026-03-25 22:28:09] Running ETF Accumulator Engine...
[2026-03-25 22:28:11] ETF Engine completed
[2026-03-25 22:28:11] Found 6 new momentum setups from the last 2 days
[2026-03-25 22:28:12] Telegram summary sent
[2026-03-25 22:28:12] === MAIN ENGINE G COMPLETED ===
[2026-03-27 21:53:03] === MAIN ENGINE G STARTED ===
[2026-03-27 21:53:03] RUN DATE = 2026-03-27
[2026-03-27 21:53:04] Zerodha logged in (cached token)
[2026-03-27 21:53:06] Updating market OHLC data...
[2026-03-27 21:56:16] Market OHLC update completed
[2026-03-27 21:56:53] Running Momentum Engine G...
[2026-03-27 21:57:39] Momentum Engine G completed
[2026-03-27 21:57:39] Checking activations, SL hits & daily SL/E-SL updates (using market_ohlc.db)...
[2026-03-27 21:57:39] [SL UPDATE] ACTIVE CCL: 988.6 → 1011.5 (E-SL: False)
[2026-03-27 21:57:40] Sent activation/SL-hit/SL-update Telegram
[2026-03-27 21:57:40] Activation, SL hit & update check completed
[2026-03-27 21:57:44] Running Divergence Engine G...
[2026-03-27 21:58:27] Divergence Engine G completed
[2026-03-27 21:58:27] Running ETF Accumulator Engine...
[2026-03-27 21:58:29] ETF Engine completed
[2026-03-27 21:58:29] Found 9 new momentum setups from the last 2 days
[2026-03-27 21:58:30] Telegram summary sent
[2026-03-27 21:58:30] === MAIN ENGINE G COMPLETED ===
[2026-03-30 23:05:39] === MAIN ENGINE G STARTED ===
[2026-03-30 23:05:39] RUN DATE = 2026-03-30
[2026-03-30 23:05:39] Zerodha logged in (cached token)
[2026-03-30 23:05:41] Updating market OHLC data...
[2026-03-30 23:09:01] Market OHLC update completed
[2026-03-30 23:09:28] Running Momentum Engine G...
[2026-03-30 23:10:26] Momentum Engine G completed
[2026-03-30 23:10:26] Checking activations, SL hits & daily SL/E-SL updates (using market_ohlc.db)...
[2026-03-30 23:10:26] [SL HIT] JBCHEPHARM hit SL 2048.5 today → row deleted
[2026-03-30 23:10:26] [SL HIT] ABB hit SL 5945.0 today → row deleted
[2026-03-30 23:10:26] [ACT] ACTIVATED TODAY: ATHERENERG @ 804.5
[2026-03-30 23:10:26] [ACT] ACTIVATED TODAY: ONGC @ 285.6
[2026-03-30 23:10:27] Sent activation/SL-hit/SL-update Telegram
[2026-03-30 23:10:28] Sent activation/SL-hit/SL-update Telegram
[2026-03-30 23:10:28] Activation, SL hit & update check completed
[2026-03-30 23:10:50] Running Divergence Engine G...
[2026-03-30 23:11:43] Divergence Engine G completed
[2026-03-30 23:11:43] Running ETF Accumulator Engine...
[2026-03-30 23:11:46] ETF Engine completed
[2026-03-30 23:11:46] Found 1 new momentum setups from the last 2 days
[2026-03-30 23:11:47] Telegram summary sent
[2026-03-30 23:11:47] === MAIN ENGINE G COMPLETED ===
[2026-04-01 21:08:46] === MAIN ENGINE G STARTED ===
[2026-04-01 21:08:46] RUN DATE = 2026-04-01
[2026-04-01 21:08:47] Zerodha logged in (cached token)
[2026-04-01 21:08:49] Updating market OHLC data...
[2026-04-01 21:12:23] Market OHLC update completed
[2026-04-01 21:21:57] Running Momentum Engine G...
[2026-04-01 21:22:43] Momentum Engine G completed
[2026-04-01 21:22:43] Checking activations, SL hits & daily SL/E-SL updates (using market_ohlc.db)...
[2026-04-01 21:22:43] [SL HIT] TORNTPHARM hit SL 4157.0 today → row deleted
[2026-04-01 21:22:43] [SL HIT] NTPC hit SL 367.7 today → row deleted
[2026-04-01 21:22:43] [SL UPDATE] ACTIVE CCL: 1011.5 → 1014.1 (E-SL: False)
[2026-04-01 21:22:43] [ACT] ACTIVATED TODAY: GPIL @ 282.1
[2026-04-01 21:22:43] [SL UPDATE] ACTIVE ATHERENERG: 726.0 → 744.0 (E-SL: False)
[2026-04-01 21:22:43] [SL UPDATE] ACTIVE ONGC: 255.8 → 265.0 (E-SL: False)
[2026-04-01 21:22:44] Sent activation/SL-hit/SL-update Telegram
[2026-04-01 21:22:45] Sent activation/SL-hit/SL-update Telegram
[2026-04-01 21:22:46] Sent activation/SL-hit/SL-update Telegram
[2026-04-01 21:22:46] Activation, SL hit & update check completed
[2026-04-01 21:22:50] Running Divergence Engine G...
[2026-04-01 21:23:35] Divergence Engine G completed
[2026-04-01 21:23:35] Running ETF Accumulator Engine...
[2026-04-01 21:23:35] ETF Engine failed: ('Connection aborted.', RemoteDisconnected('Remote end closed connection without response'))
[2026-04-01 21:23:35] Found 8 new momentum setups from the last 2 days
[2026-04-01 21:23:36] Telegram summary sent
[2026-04-01 21:23:36] === MAIN ENGINE G COMPLETED ===
[2026-04-01 21:43:50] === MAIN ENGINE G STARTED ===
[2026-04-01 21:43:50] RUN DATE = 2026-04-01
[2026-04-01 21:43:51] Zerodha logged in (cached token)
[2026-04-01 21:43:53] Skipping OHLC update (data may be stale)
[2026-04-01 21:44:03] Momentum Engine skipped by user
[2026-04-01 21:44:07] Divergence Engine skipped by user
[2026-04-01 21:44:07] Running ETF Accumulator Engine...
[2026-04-01 21:44:09] ETF Engine completed
[2026-04-01 21:44:09] Found 8 new momentum setups from the last 2 days
[2026-04-01 21:44:10] Telegram summary sent
[2026-04-01 21:44:10] === MAIN ENGINE G COMPLETED ===
[2026-04-02 22:54:41] === MAIN ENGINE G STARTED ===
[2026-04-02 22:54:41] RUN DATE = 2026-04-02
[2026-04-02 22:54:42] Zerodha token expired
[2026-04-02 22:54:42] Zerodha login required
[2026-04-02 22:56:39] Zerodha login successful (new token)
[2026-04-02 22:56:42] Updating market OHLC data...
[2026-04-02 22:59:51] Market OHLC update completed
[2026-04-02 23:00:16] Running Momentum Engine G...
[2026-04-02 23:01:02] Momentum Engine G completed
[2026-04-02 23:01:02] Checking activations, SL hits & daily SL/E-SL updates (using market_ohlc.db)...
[2026-04-02 23:01:03] [SL HIT] LUPIN hit SL 2228.5 today → row deleted
[2026-04-02 23:01:03] [SL UPDATE] ACTIVE ADANIPOWER: 144.4 → 151.9 (E-SL: False)
[2026-04-02 23:01:03] [PYRAMID] ADANIPOWER → Add position above 160.7
[2026-04-02 23:01:04] [SL UPDATE] ACTIVE COALINDIA: 437.1 → 442.3 (E-SL: False)
[2026-04-02 23:01:04] [SL HIT] TATAPOWER hit SL 374.2 today → row deleted
[2026-04-02 23:01:04] [SL UPDATE] ACTIVE CCL: 1014.1 → 1036.3 (E-SL: False)
[2026-04-02 23:01:04] [SL UPDATE] ACTIVE GPIL: 245.5 → 270.4 (E-SL: False)
[2026-04-02 23:01:04] [SL UPDATE] ACTIVE ATHERENERG: 744.0 → 745.5 (E-SL: False)
[2026-04-02 23:01:04] [SL UPDATE] ACTIVE ONGC: 265.0 → 280.0 (E-SL: False)
[2026-04-02 23:01:04] [CHECK] DMART High 4393.7 >= Buy 4303.4
[2026-04-02 23:01:04] [ACT] ACTIVATED TODAY: DMART @ 4303.4
[2026-04-02 23:01:04] [SL UPDATE] ACTIVE DMART: 3704.1 → 4025.4 (E-SL: False)
[2026-04-02 23:01:04] [CHECK] LLOYDSME High 1398.0 >= Buy 1359.9
[2026-04-02 23:01:04] [ACT] ACTIVATED TODAY: LLOYDSME @ 1359.9
[2026-04-02 23:01:04] [SL UPDATE] ACTIVE LLOYDSME: 1212.7 → 1289.2 (E-SL: False)
[2026-04-02 23:01:05] Sent activation/SL-hit/SL-update Telegram
[2026-04-02 23:01:06] Sent activation/SL-hit/SL-update Telegram
[2026-04-02 23:01:07] Sent activation/SL-hit/SL-update Telegram
[2026-04-02 23:01:07] Activation, SL hit & update check completed
[2026-04-02 23:09:22] Divergence Engine skipped by user
[2026-04-02 23:09:22] Running ETF Accumulator Engine...
[2026-04-02 23:09:28] ETF Engine completed
[2026-04-02 23:09:28] Found 6 new momentum setups from the last 2 days
[2026-04-02 23:09:29] Telegram summary sent
[2026-04-02 23:09:29] === MAIN ENGINE G COMPLETED ===
[2026-04-02 23:09:53] === MAIN ENGINE G STARTED ===
[2026-04-02 23:09:53] RUN DATE = 2026-04-02
[2026-04-02 23:09:53] Zerodha logged in (cached token)
[2026-04-02 23:09:57] Skipping OHLC update (data may be stale)
[2026-04-02 23:10:01] Running Momentum Engine G...
[2026-04-02 23:18:45] === MAIN ENGINE G STARTED ===
[2026-04-02 23:18:45] RUN DATE = 2026-04-02
[2026-04-02 23:18:45] Zerodha logged in (cached token)
[2026-04-02 23:18:47] Skipping OHLC update (data may be stale)
[2026-04-02 23:18:52] Running Momentum Engine G...
[2026-04-02 23:19:40] Momentum Engine G completed
[2026-04-02 23:19:40] Checking activations, SL hits & daily SL/E-SL updates (using market_ohlc.db)...
[2026-04-02 23:19:41] [SL HIT] ADANIPOWER hit SL 151.9 today → row deleted
[2026-04-02 23:19:41] [SL HIT] COALINDIA hit SL 442.3 today → row deleted
[2026-04-02 23:19:41] [SL HIT] CCL hit SL 1036.3 today → row deleted
[2026-04-02 23:19:41] [SL HIT] GPIL hit SL 270.4 today → row deleted
[2026-04-02 23:19:41] [SL HIT] ATHERENERG hit SL 745.5 today → row deleted
[2026-04-02 23:19:42] Sent activation/SL-hit/SL-update Telegram
[2026-04-02 23:19:42] Activation, SL hit & update check completed
[2026-04-02 23:19:49] Divergence Engine skipped by user
[2026-04-02 23:19:49] Running ETF Accumulator Engine...
[2026-04-02 23:19:50] ETF Engine completed (no change)
[2026-04-02 23:19:50] Found 27 new momentum setups from the last 2 days
[2026-04-02 23:19:51] Telegram summary sent
[2026-04-02 23:19:51] === MAIN ENGINE G COMPLETED ===
[2026-04-04 02:54:16] === MAIN ENGINE G STARTED ===
[2026-04-04 02:54:16] RUN DATE = 2026-04-04
[2026-04-04 02:54:16] Zerodha token expired
[2026-04-04 02:54:16] Zerodha login required
[2026-04-04 02:55:15] Zerodha login successful (new token)
[2026-04-04 02:55:18] Updating market OHLC data...
[2026-04-04 02:55:46] Market OHLC update completed
[2026-04-04 02:55:53] Running Momentum Engine G...
[2026-04-04 02:56:00] Momentum Engine G failed: name 'calculate_ema' is not defined
[2026-04-04 02:56:00] Running ETF Accumulator Engine...
[2026-04-04 02:56:01] ETF Engine completed (no change)
[2026-04-04 02:56:01] Found 21 new momentum setups from the last 2 days
[2026-04-04 02:56:03] Telegram summary sent
[2026-04-04 02:56:03] === MAIN ENGINE G COMPLETED ===
[2026-04-04 03:16:10] === MAIN ENGINE G STARTED ===
[2026-04-04 03:16:10] RUN DATE = 2026-04-04
[2026-04-04 03:16:10] Zerodha logged in (cached token)
[2026-04-04 03:16:19] Updating market OHLC data...
[2026-04-04 03:16:43] Market OHLC update completed
[2026-04-04 03:16:50] Running Momentum Engine G...
[2026-04-04 03:16:55] Momentum Engine G failed: name 'calculate_ema' is not defined
[2026-04-04 03:16:55] Running ETF Accumulator Engine...
[2026-04-04 03:16:56] ETF Engine completed (no change)
[2026-04-04 03:16:56] === MAIN ENGINE G COMPLETED ===
[2026-04-04 03:17:32] === MAIN ENGINE G STARTED ===
[2026-04-04 03:17:32] RUN DATE = 2026-04-04
[2026-04-04 03:17:32] Zerodha logged in (cached token)
[2026-04-04 03:17:34] Skipping OHLC update (data may be stale)
[2026-04-04 03:17:41] Running Momentum Engine G...
[2026-04-04 03:17:46] Momentum Engine G failed: name 'calculate_ema' is not defined
[2026-04-04 03:17:46] Running ETF Accumulator Engine...
[2026-04-04 03:17:46] ETF Engine completed (no change)
[2026-04-04 03:17:46] === MAIN ENGINE G COMPLETED ===
[2026-04-04 03:24:26] === MAIN ENGINE G STARTED ===
[2026-04-04 03:24:26] RUN DATE = 2026-04-04
[2026-04-04 03:24:27] Zerodha logged in (cached token)
[2026-04-04 03:24:30] Updating market OHLC data...
[2026-04-04 03:24:55] Market OHLC update completed
[2026-04-04 03:25:00] Running Momentum Engine G...
[2026-04-04 03:25:05] Momentum Engine G failed: name 'calculate_ema' is not defined
[2026-04-04 03:25:05] Running ETF Accumulator Engine...
[2026-04-04 03:25:06] ETF Engine completed (no change)
[2026-04-04 03:25:06] === MAIN ENGINE G COMPLETED ===
[2026-04-04 03:30:43] === MAIN ENGINE G STARTED ===
[2026-04-04 03:30:43] RUN DATE = 2026-04-04
[2026-04-04 03:30:44] Zerodha logged in (cached token)
[2026-04-04 03:30:52] Skipping OHLC update (data may be stale)
[2026-04-04 03:30:57] Running Momentum Engine G...
[2026-04-04 03:31:02] Momentum Engine G failed: name 'calculate_ema' is not defined
[2026-04-04 03:31:02] Running ETF Accumulator Engine...
[2026-04-04 03:31:03] ETF Engine completed (no change)
[2026-04-04 03:31:03] === MAIN ENGINE G COMPLETED ===
[2026-04-04 03:35:06] === MAIN ENGINE G STARTED ===
[2026-04-04 03:35:06] RUN DATE = 2026-04-04
[2026-04-04 03:35:07] Zerodha logged in (cached token)
[2026-04-04 03:35:09] Skipping OHLC update (data may be stale)
[2026-04-04 03:35:13] Running Momentum Engine G...
[2026-04-04 03:35:18] Momentum Engine G failed: name 'calculate_ema' is not defined
[2026-04-04 03:35:18] Running ETF Accumulator Engine...
[2026-04-04 03:35:19] ETF Engine completed (no change)
[2026-04-04 03:35:19] === MAIN ENGINE G COMPLETED ===
[2026-04-04 03:38:56] === MAIN ENGINE G STARTED ===
[2026-04-04 03:38:56] RUN DATE = 2026-04-04
[2026-04-04 03:38:56] Zerodha logged in (cached token)
[2026-04-04 03:39:00] Skipping OHLC update (data may be stale)
[2026-04-04 03:39:07] Running Momentum Engine G...
[2026-04-04 03:39:12] Momentum Engine G failed: name 'calculate_ema' is not defined
[2026-04-04 03:39:12] Running ETF Accumulator Engine...
[2026-04-04 03:39:13] ETF Engine completed (no change)
[2026-04-04 03:39:13] === MAIN ENGINE G COMPLETED ===
[2026-04-04 03:50:55] === MAIN ENGINE G STARTED ===
[2026-04-04 03:50:55] RUN DATE = 2026-04-04
[2026-04-04 03:50:55] Zerodha logged in (cached token)
[2026-04-04 03:50:58] Skipping OHLC update (data may be stale)
[2026-04-04 03:51:03] Running Momentum Engine G...
[2026-04-04 03:51:43] Momentum Engine G completed
[2026-04-04 03:51:43] Checking activations, SL hits & daily SL/E-SL updates (using market_ohlc.db)...
[2026-04-04 03:51:43] Activation, SL hit & update check completed
[2026-04-04 03:51:43] Running ETF Accumulator Engine...
[2026-04-04 03:51:43] ETF Engine completed (no change)
[2026-04-04 03:51:43] Found 10 new momentum setups from the last 2 days
[2026-04-04 03:51:43] === MAIN ENGINE G COMPLETED ===
[2026-04-04 12:11:06] Zerodha token expired
[2026-04-04 12:11:06] Zerodha login required
[2026-04-04 12:11:35] Zerodha login successful (new token)
[2026-04-04 12:33:50] Zerodha logged in (cached token)
[2026-04-04 13:03:08] Zerodha logged in (cached token)
[2026-04-04 13:05:11] Zerodha logged in (cached token)
[2026-04-04 13:21:38] === MAIN ENGINE G STARTED ===
[2026-04-04 13:21:38] RUN DATE = 2026-04-04
[2026-04-04 13:21:38] Zerodha logged in (cached token)
[2026-04-04 13:21:46] Skipping OHLC update (data may be stale)
[2026-04-04 13:21:54] Running Momentum Engine G...
[2026-04-04 13:22:33] Momentum Engine G completed
[2026-04-04 13:22:33] Checking activations, SL hits & daily SL/E-SL updates (using market_ohlc.db)...
[2026-04-04 13:22:33] Activation, SL hit & update check completed
[2026-04-04 13:22:33] Running ETF Accumulator Engine...
[2026-04-04 13:22:34] ETF Engine completed (no change)
[2026-04-04 13:22:34] Found 15 new momentum setups from the last 2 days
[2026-04-04 13:22:34] === MAIN ENGINE G COMPLETED ===
